2026-05-28 23:22:28,530 - INFO - 训练集样本数: 2714
2026-05-28 23:22:28,530 - INFO - 验证集样本数: 564
2026-05-28 23:22:28,979 - INFO - 模型总参数量: 3.29M
2026-05-28 23:25:50,014 - INFO - Epoch [1/1000] Loss: 3.1789, Train Acc: 5.16%, LR: 1.000000e-04
2026-05-28 23:29:14,777 - INFO - Epoch [2/1000] Loss: 3.1319, Train Acc: 8.81%, LR: 1.000000e-04
2026-05-28 23:32:36,701 - INFO - Epoch [3/1000] Loss: 3.0639, Train Acc: 9.95%, LR: 1.000000e-04
2026-05-28 23:35:59,292 - INFO - Epoch [4/1000] Loss: 3.0161, Train Acc: 10.57%, LR: 1.000000e-04
2026-05-28 23:39:19,615 - INFO - Epoch [5/1000] Loss: 2.9745, Train Acc: 10.98%, LR: 1.000000e-04
2026-05-28 23:42:39,822 - INFO - Epoch [6/1000] Loss: 2.8894, Train Acc: 12.93%, LR: 1.000000e-04
2026-05-28 23:46:01,651 - INFO - Epoch [7/1000] Loss: 2.8353, Train Acc: 14.30%, LR: 1.000000e-04
2026-05-28 23:49:25,563 - INFO - Epoch [8/1000] Loss: 2.7767, Train Acc: 15.99%, LR: 1.000000e-04
2026-05-28 23:52:50,169 - INFO - Epoch [9/1000] Loss: 2.6950, Train Acc: 18.64%, LR: 1.000000e-04
2026-05-28 23:56:22,985 - INFO - Epoch [10/1000] Loss: 2.6319, Train Acc: 19.64%, LR: 1.000000e-04
2026-05-28 23:56:38,345 - INFO - Epoch [10] Val Acc: 9.75% | Best Acc: 0.00%
2026-05-29 00:00:04,955 - INFO - Epoch [11/1000] Loss: 2.5900, Train Acc: 21.85%, LR: 1.000000e-04
2026-05-29 00:03:32,835 - INFO - Epoch [12/1000] Loss: 2.5273, Train Acc: 22.48%, LR: 1.000000e-04
2026-05-29 00:07:05,863 - INFO - Epoch [13/1000] Loss: 2.5104, Train Acc: 21.81%, LR: 1.000000e-04
2026-05-29 00:10:34,113 - INFO - Epoch [14/1000] Loss: 2.4686, Train Acc: 23.07%, LR: 1.000000e-04
2026-05-29 00:14:06,677 - INFO - Epoch [15/1000] Loss: 2.4287, Train Acc: 25.50%, LR: 1.000000e-04
2026-05-29 00:17:34,463 - INFO - Epoch [16/1000] Loss: 2.4065, Train Acc: 25.53%, LR: 1.000000e-04
2026-05-29 00:21:06,599 - INFO - Epoch [17/1000] Loss: 2.3870, Train Acc: 26.49%, LR: 1.000000e-04
2026-05-29 00:24:33,756 - INFO - Epoch [18/1000] Loss: 2.3606, Train Acc: 26.34%, LR: 1.000000e-04
2026-05-29 00:28:06,521 - INFO - Epoch [19/1000] Loss: 2.3296, Train Acc: 27.71%, LR: 1.000000e-04
2026-05-29 00:31:35,586 - INFO - Epoch [20/1000] Loss: 2.3539, Train Acc: 27.78%, LR: 1.000000e-04
2026-05-29 00:31:50,643 - INFO - Epoch [20] Val Acc: 8.87% | Best Acc: 9.75%
2026-05-29 00:35:13,770 - INFO - Epoch [21/1000] Loss: 2.3105, Train Acc: 27.71%, LR: 1.000000e-04
2026-05-29 00:38:41,697 - INFO - Epoch [22/1000] Loss: 2.2826, Train Acc: 29.11%, LR: 1.000000e-04
2026-05-29 00:42:11,783 - INFO - Epoch [23/1000] Loss: 2.2623, Train Acc: 29.70%, LR: 1.000000e-04
2026-05-29 00:45:41,052 - INFO - Epoch [24/1000] Loss: 2.2552, Train Acc: 30.43%, LR: 1.000000e-04
2026-05-29 00:49:09,370 - INFO - Epoch [25/1000] Loss: 2.2469, Train Acc: 29.96%, LR: 1.000000e-04
2026-05-29 00:52:39,020 - INFO - Epoch [26/1000] Loss: 2.1992, Train Acc: 31.50%, LR: 1.000000e-04
2026-05-29 00:56:09,168 - INFO - Epoch [27/1000] Loss: 2.1843, Train Acc: 31.25%, LR: 1.000000e-04
2026-05-29 00:59:41,791 - INFO - Epoch [28/1000] Loss: 2.1510, Train Acc: 32.79%, LR: 1.000000e-04
2026-05-29 01:03:13,002 - INFO - Epoch [29/1000] Loss: 2.1672, Train Acc: 34.12%, LR: 1.000000e-04
2026-05-29 01:06:46,038 - INFO - Epoch [30/1000] Loss: 2.1190, Train Acc: 33.71%, LR: 1.000000e-04
2026-05-29 01:07:01,170 - INFO - Epoch [30] Val Acc: 14.18% | Best Acc: 9.75%
2026-05-29 01:10:34,228 - INFO - Epoch [31/1000] Loss: 2.1146, Train Acc: 34.75%, LR: 1.000000e-04
2026-05-29 01:14:03,315 - INFO - Epoch [32/1000] Loss: 2.0660, Train Acc: 36.37%, LR: 1.000000e-04
2026-05-29 01:17:29,988 - INFO - Epoch [33/1000] Loss: 2.0068, Train Acc: 36.04%, LR: 1.000000e-04
2026-05-29 01:20:52,366 - INFO - Epoch [34/1000] Loss: 1.9975, Train Acc: 36.77%, LR: 1.000000e-04
2026-05-29 01:24:22,886 - INFO - Epoch [35/1000] Loss: 1.9349, Train Acc: 39.28%, LR: 1.000000e-04
2026-05-29 01:27:52,869 - INFO - Epoch [36/1000] Loss: 1.9417, Train Acc: 39.20%, LR: 1.000000e-04
2026-05-29 01:31:18,062 - INFO - Epoch [37/1000] Loss: 1.8730, Train Acc: 40.05%, LR: 1.000000e-04
2026-05-29 01:34:47,634 - INFO - Epoch [38/1000] Loss: 1.8688, Train Acc: 41.34%, LR: 1.000000e-04
2026-05-29 01:38:18,954 - INFO - Epoch [39/1000] Loss: 1.8205, Train Acc: 43.37%, LR: 1.000000e-04
2026-05-29 01:41:47,286 - INFO - Epoch [40/1000] Loss: 1.7446, Train Acc: 44.92%, LR: 1.000000e-04
2026-05-29 01:42:02,116 - INFO - Epoch [40] Val Acc: 19.50% | Best Acc: 14.18%
2026-05-29 01:45:32,863 - INFO - Epoch [41/1000] Loss: 1.7075, Train Acc: 45.54%, LR: 1.000000e-04
2026-05-29 01:49:01,724 - INFO - Epoch [42/1000] Loss: 1.7307, Train Acc: 47.38%, LR: 1.000000e-04
2026-05-29 01:52:32,011 - INFO - Epoch [43/1000] Loss: 1.6802, Train Acc: 46.98%, LR: 1.000000e-04
2026-05-29 01:56:00,184 - INFO - Epoch [44/1000] Loss: 1.6057, Train Acc: 48.86%, LR: 1.000000e-04
2026-05-29 01:59:32,111 - INFO - Epoch [45/1000] Loss: 1.5837, Train Acc: 51.36%, LR: 1.000000e-04
2026-05-29 02:03:02,310 - INFO - Epoch [46/1000] Loss: 1.5703, Train Acc: 49.78%, LR: 1.000000e-04
2026-05-29 02:06:33,985 - INFO - Epoch [47/1000] Loss: 1.5025, Train Acc: 52.06%, LR: 1.000000e-04
2026-05-29 02:10:03,204 - INFO - Epoch [48/1000] Loss: 1.4813, Train Acc: 52.36%, LR: 1.000000e-04
2026-05-29 02:13:34,615 - INFO - Epoch [49/1000] Loss: 1.4448, Train Acc: 54.16%, LR: 1.000000e-04
2026-05-29 02:17:05,619 - INFO - Epoch [50/1000] Loss: 1.4309, Train Acc: 54.83%, LR: 1.000000e-04
2026-05-29 02:17:20,449 - INFO - Epoch [50] Val Acc: 36.70% | Best Acc: 19.50%
2026-05-29 02:20:48,744 - INFO - Epoch [51/1000] Loss: 1.4232, Train Acc: 55.01%, LR: 1.000000e-04
2026-05-29 02:24:19,275 - INFO - Epoch [52/1000] Loss: 1.3557, Train Acc: 55.64%, LR: 1.000000e-04
2026-05-29 02:27:52,621 - INFO - Epoch [53/1000] Loss: 1.3378, Train Acc: 57.92%, LR: 1.000000e-04
2026-05-29 02:31:23,035 - INFO - Epoch [54/1000] Loss: 1.3175, Train Acc: 59.10%, LR: 1.000000e-04
2026-05-29 02:34:51,425 - INFO - Epoch [55/1000] Loss: 1.2632, Train Acc: 60.54%, LR: 1.000000e-04
2026-05-29 02:38:20,142 - INFO - Epoch [56/1000] Loss: 1.2023, Train Acc: 60.94%, LR: 1.000000e-04
2026-05-29 02:41:50,288 - INFO - Epoch [57/1000] Loss: 1.1923, Train Acc: 62.90%, LR: 1.000000e-04
2026-05-29 02:45:17,865 - INFO - Epoch [58/1000] Loss: 1.1538, Train Acc: 64.48%, LR: 1.000000e-04
2026-05-29 02:48:48,337 - INFO - Epoch [59/1000] Loss: 1.1167, Train Acc: 64.08%, LR: 1.000000e-04
2026-05-29 02:52:17,030 - INFO - Epoch [60/1000] Loss: 1.0985, Train Acc: 65.48%, LR: 1.000000e-04
2026-05-29 02:52:31,669 - INFO - Epoch [60] Val Acc: 44.33% | Best Acc: 36.70%
2026-05-29 02:56:00,857 - INFO - Epoch [61/1000] Loss: 1.0561, Train Acc: 66.29%, LR: 1.000000e-04
2026-05-29 02:59:31,262 - INFO - Epoch [62/1000] Loss: 1.0205, Train Acc: 68.02%, LR: 1.000000e-04
2026-05-29 03:03:00,766 - INFO - Epoch [63/1000] Loss: 1.0382, Train Acc: 67.24%, LR: 1.000000e-04
2026-05-29 03:06:25,264 - INFO - Epoch [64/1000] Loss: 0.9859, Train Acc: 68.53%, LR: 1.000000e-04
2026-05-29 03:09:54,831 - INFO - Epoch [65/1000] Loss: 1.0084, Train Acc: 68.90%, LR: 1.000000e-04
2026-05-29 03:13:22,254 - INFO - Epoch [66/1000] Loss: 0.9513, Train Acc: 70.04%, LR: 1.000000e-04
2026-05-29 03:16:52,812 - INFO - Epoch [67/1000] Loss: 0.8921, Train Acc: 72.92%, LR: 1.000000e-04
2026-05-29 03:20:19,329 - INFO - Epoch [68/1000] Loss: 0.8750, Train Acc: 72.84%, LR: 1.000000e-04
2026-05-29 03:23:48,803 - INFO - Epoch [69/1000] Loss: 0.9008, Train Acc: 71.85%, LR: 1.000000e-04
2026-05-29 03:27:14,910 - INFO - Epoch [70/1000] Loss: 0.8615, Train Acc: 73.88%, LR: 1.000000e-04
2026-05-29 03:27:30,133 - INFO - Epoch [70] Val Acc: 66.49% | Best Acc: 44.33%
2026-05-29 03:30:57,017 - INFO - Epoch [71/1000] Loss: 0.8276, Train Acc: 74.10%, LR: 1.000000e-04
2026-05-29 03:34:23,433 - INFO - Epoch [72/1000] Loss: 0.8114, Train Acc: 74.83%, LR: 1.000000e-04
2026-05-29 03:37:52,945 - INFO - Epoch [73/1000] Loss: 0.8111, Train Acc: 74.06%, LR: 1.000000e-04
2026-05-29 03:41:22,817 - INFO - Epoch [74/1000] Loss: 0.7804, Train Acc: 76.23%, LR: 1.000000e-04
2026-05-29 03:44:54,922 - INFO - Epoch [75/1000] Loss: 0.7286, Train Acc: 77.78%, LR: 1.000000e-04
2026-05-29 03:48:19,501 - INFO - Epoch [76/1000] Loss: 0.7368, Train Acc: 77.60%, LR: 1.000000e-04
2026-05-29 03:51:48,516 - INFO - Epoch [77/1000] Loss: 0.7247, Train Acc: 77.78%, LR: 1.000000e-04
2026-05-29 03:55:14,010 - INFO - Epoch [78/1000] Loss: 0.7113, Train Acc: 78.67%, LR: 1.000000e-04
2026-05-29 03:58:44,337 - INFO - Epoch [79/1000] Loss: 0.6821, Train Acc: 78.89%, LR: 1.000000e-04
2026-05-29 04:02:13,760 - INFO - Epoch [80/1000] Loss: 0.6986, Train Acc: 78.85%, LR: 1.000000e-04
2026-05-29 04:02:28,895 - INFO - Epoch [80] Val Acc: 66.67% | Best Acc: 66.49%
2026-05-29 04:05:59,077 - INFO - Epoch [81/1000] Loss: 0.6884, Train Acc: 79.55%, LR: 1.000000e-04
2026-05-29 04:09:26,144 - INFO - Epoch [82/1000] Loss: 0.6161, Train Acc: 81.17%, LR: 1.000000e-04
2026-05-29 04:12:52,412 - INFO - Epoch [83/1000] Loss: 0.6663, Train Acc: 79.92%, LR: 1.000000e-04
2026-05-29 04:16:23,846 - INFO - Epoch [84/1000] Loss: 0.6393, Train Acc: 80.66%, LR: 1.000000e-04
2026-05-29 04:19:54,229 - INFO - Epoch [85/1000] Loss: 0.6300, Train Acc: 81.36%, LR: 1.000000e-04
2026-05-29 04:23:25,465 - INFO - Epoch [86/1000] Loss: 0.5944, Train Acc: 81.80%, LR: 1.000000e-04
2026-05-29 04:26:56,750 - INFO - Epoch [87/1000] Loss: 0.6579, Train Acc: 80.73%, LR: 1.000000e-04
2026-05-29 04:30:25,449 - INFO - Epoch [88/1000] Loss: 0.5938, Train Acc: 82.39%, LR: 1.000000e-04
2026-05-29 04:33:57,731 - INFO - Epoch [89/1000] Loss: 0.5975, Train Acc: 83.35%, LR: 1.000000e-04
2026-05-29 04:37:27,292 - INFO - Epoch [90/1000] Loss: 0.5250, Train Acc: 84.27%, LR: 1.000000e-04
2026-05-29 04:37:42,522 - INFO - Epoch [90] Val Acc: 82.45% | Best Acc: 66.67%
2026-05-29 04:41:11,575 - INFO - Epoch [91/1000] Loss: 0.5744, Train Acc: 83.46%, LR: 1.000000e-04
2026-05-29 04:44:43,280 - INFO - Epoch [92/1000] Loss: 0.5296, Train Acc: 83.90%, LR: 1.000000e-04
2026-05-29 04:48:15,653 - INFO - Epoch [93/1000] Loss: 0.5479, Train Acc: 84.01%, LR: 1.000000e-04
2026-05-29 04:51:32,454 - INFO - Epoch [94/1000] Loss: 0.5251, Train Acc: 85.15%, LR: 1.000000e-04
2026-05-29 04:54:38,699 - INFO - Epoch [95/1000] Loss: 0.5207, Train Acc: 84.82%, LR: 1.000000e-04
2026-05-29 04:57:43,687 - INFO - Epoch [96/1000] Loss: 0.5741, Train Acc: 84.78%, LR: 1.000000e-04
2026-05-29 05:00:48,907 - INFO - Epoch [97/1000] Loss: 0.5177, Train Acc: 84.86%, LR: 1.000000e-04
2026-05-29 05:03:50,857 - INFO - Epoch [98/1000] Loss: 0.5248, Train Acc: 85.22%, LR: 1.000000e-04
2026-05-29 05:06:56,727 - INFO - Epoch [99/1000] Loss: 0.5199, Train Acc: 84.71%, LR: 1.000000e-04
2026-05-29 05:09:57,931 - INFO - Epoch [100/1000] Loss: 0.5153, Train Acc: 85.45%, LR: 1.000000e-04
2026-05-29 05:10:11,390 - INFO - Epoch [100] Val Acc: 48.76% | Best Acc: 82.45%
2026-05-29 05:13:15,126 - INFO - Epoch [101/1000] Loss: 0.4765, Train Acc: 86.18%, LR: 1.000000e-04
2026-05-29 05:16:22,854 - INFO - Epoch [102/1000] Loss: 0.4747, Train Acc: 86.15%, LR: 1.000000e-04
2026-05-29 05:19:27,593 - INFO - Epoch [103/1000] Loss: 0.4736, Train Acc: 86.18%, LR: 1.000000e-04
2026-05-29 05:22:31,393 - INFO - Epoch [104/1000] Loss: 0.4427, Train Acc: 86.62%, LR: 1.000000e-04
2026-05-29 05:25:33,755 - INFO - Epoch [105/1000] Loss: 0.4758, Train Acc: 86.85%, LR: 1.000000e-04
2026-05-29 05:28:47,424 - INFO - Epoch [106/1000] Loss: 0.4866, Train Acc: 87.32%, LR: 1.000000e-04
2026-05-29 05:32:00,976 - INFO - Epoch [107/1000] Loss: 0.4808, Train Acc: 87.18%, LR: 1.000000e-04
2026-05-29 05:35:17,764 - INFO - Epoch [108/1000] Loss: 0.3790, Train Acc: 89.06%, LR: 1.000000e-04
2026-05-29 05:38:35,303 - INFO - Epoch [109/1000] Loss: 0.4267, Train Acc: 88.87%, LR: 1.000000e-04
2026-05-29 05:41:52,247 - INFO - Epoch [110/1000] Loss: 0.4295, Train Acc: 87.62%, LR: 1.000000e-04
2026-05-29 05:42:06,283 - INFO - Epoch [110] Val Acc: 23.94% | Best Acc: 82.45%
2026-05-29 05:45:24,977 - INFO - Epoch [111/1000] Loss: 0.4104, Train Acc: 88.58%, LR: 1.000000e-04
2026-05-29 05:48:42,152 - INFO - Epoch [112/1000] Loss: 0.4085, Train Acc: 88.47%, LR: 1.000000e-04
2026-05-29 05:52:02,929 - INFO - Epoch [113/1000] Loss: 0.3423, Train Acc: 89.72%, LR: 1.000000e-04
2026-05-29 05:55:16,969 - INFO - Epoch [114/1000] Loss: 0.4661, Train Acc: 88.58%, LR: 1.000000e-04
2026-05-29 05:58:32,411 - INFO - Epoch [115/1000] Loss: 0.3853, Train Acc: 89.20%, LR: 1.000000e-04
2026-05-29 06:01:50,082 - INFO - Epoch [116/1000] Loss: 0.3819, Train Acc: 89.09%, LR: 1.000000e-04
2026-05-29 06:05:10,562 - INFO - Epoch [117/1000] Loss: 0.3424, Train Acc: 89.87%, LR: 1.000000e-04
2026-05-29 06:08:28,201 - INFO - Epoch [118/1000] Loss: 0.3456, Train Acc: 90.49%, LR: 1.000000e-04
2026-05-29 06:11:46,027 - INFO - Epoch [119/1000] Loss: 0.3646, Train Acc: 90.13%, LR: 1.000000e-04
2026-05-29 06:15:02,494 - INFO - Epoch [120/1000] Loss: 0.4151, Train Acc: 88.84%, LR: 1.000000e-04
2026-05-29 06:15:16,240 - INFO - Epoch [120] Val Acc: 75.71% | Best Acc: 82.45%
2026-05-29 06:18:33,918 - INFO - Epoch [121/1000] Loss: 0.2793, Train Acc: 91.89%, LR: 1.000000e-05
2026-05-29 06:21:49,366 - INFO - Epoch [122/1000] Loss: 0.2385, Train Acc: 93.96%, LR: 1.000000e-05
2026-05-29 06:25:03,113 - INFO - Epoch [123/1000] Loss: 0.2419, Train Acc: 93.18%, LR: 1.000000e-05
2026-05-29 06:28:16,118 - INFO - Epoch [124/1000] Loss: 0.2189, Train Acc: 93.37%, LR: 1.000000e-05
2026-05-29 06:31:30,712 - INFO - Epoch [125/1000] Loss: 0.2280, Train Acc: 93.66%, LR: 1.000000e-05
2026-05-29 06:34:39,203 - INFO - Epoch [126/1000] Loss: 0.1945, Train Acc: 94.69%, LR: 1.000000e-05
2026-05-29 06:37:49,887 - INFO - Epoch [127/1000] Loss: 0.2196, Train Acc: 93.29%, LR: 1.000000e-05
2026-05-29 06:41:03,940 - INFO - Epoch [128/1000] Loss: 0.2286, Train Acc: 93.37%, LR: 1.000000e-05
2026-05-29 06:44:17,575 - INFO - Epoch [129/1000] Loss: 0.1880, Train Acc: 94.73%, LR: 1.000000e-05
2026-05-29 06:47:24,970 - INFO - Epoch [130/1000] Loss: 0.2088, Train Acc: 94.51%, LR: 1.000000e-05
2026-05-29 06:47:38,297 - INFO - Epoch [130] Val Acc: 97.16% | Best Acc: 82.45%
2026-05-29 06:50:46,831 - INFO - Epoch [131/1000] Loss: 0.1811, Train Acc: 94.92%, LR: 1.000000e-05
2026-05-29 06:53:56,524 - INFO - Epoch [132/1000] Loss: 0.2114, Train Acc: 94.10%, LR: 1.000000e-05
2026-05-29 06:57:03,690 - INFO - Epoch [133/1000] Loss: 0.2248, Train Acc: 93.63%, LR: 1.000000e-05
2026-05-29 07:00:13,419 - INFO - Epoch [134/1000] Loss: 0.1774, Train Acc: 95.03%, LR: 1.000000e-05
2026-05-29 07:03:21,691 - INFO - Epoch [135/1000] Loss: 0.1800, Train Acc: 94.84%, LR: 1.000000e-05
2026-05-29 07:06:30,795 - INFO - Epoch [136/1000] Loss: 0.1832, Train Acc: 94.40%, LR: 1.000000e-05
2026-05-29 07:09:42,642 - INFO - Epoch [137/1000] Loss: 0.2069, Train Acc: 94.66%, LR: 1.000000e-05
2026-05-29 07:12:50,550 - INFO - Epoch [138/1000] Loss: 0.1632, Train Acc: 95.47%, LR: 1.000000e-05
2026-05-29 07:15:55,619 - INFO - Epoch [139/1000] Loss: 0.1963, Train Acc: 93.77%, LR: 1.000000e-05
2026-05-29 07:19:06,947 - INFO - Epoch [140/1000] Loss: 0.1932, Train Acc: 94.33%, LR: 1.000000e-05
2026-05-29 07:19:20,451 - INFO - Epoch [140] Val Acc: 96.81% | Best Acc: 97.16%
2026-05-29 07:22:27,369 - INFO - Epoch [141/1000] Loss: 0.1670, Train Acc: 95.03%, LR: 1.000000e-05
2026-05-29 07:25:33,874 - INFO - Epoch [142/1000] Loss: 0.1870, Train Acc: 94.33%, LR: 1.000000e-05
2026-05-29 07:28:39,070 - INFO - Epoch [143/1000] Loss: 0.1760, Train Acc: 94.99%, LR: 1.000000e-05
2026-05-29 07:31:47,870 - INFO - Epoch [144/1000] Loss: 0.1844, Train Acc: 94.62%, LR: 1.000000e-05
2026-05-29 07:34:51,915 - INFO - Epoch [145/1000] Loss: 0.1385, Train Acc: 95.39%, LR: 1.000000e-05
2026-05-29 07:37:57,980 - INFO - Epoch [146/1000] Loss: 0.1812, Train Acc: 94.88%, LR: 1.000000e-05
2026-05-29 07:41:13,907 - INFO - Epoch [147/1000] Loss: 0.1728, Train Acc: 95.25%, LR: 1.000000e-05
2026-05-29 07:44:22,795 - INFO - Epoch [148/1000] Loss: 0.2075, Train Acc: 94.18%, LR: 1.000000e-05
2026-05-29 07:47:29,335 - INFO - Epoch [149/1000] Loss: 0.1620, Train Acc: 95.50%, LR: 1.000000e-05
2026-05-29 07:50:41,726 - INFO - Epoch [150/1000] Loss: 0.1675, Train Acc: 95.06%, LR: 1.000000e-05
2026-05-29 07:50:55,181 - INFO - Epoch [150] Val Acc: 97.16% | Best Acc: 97.16%
2026-05-29 07:54:07,885 - INFO - Epoch [151/1000] Loss: 0.1617, Train Acc: 95.28%, LR: 1.000000e-05
2026-05-29 07:57:13,697 - INFO - Epoch [152/1000] Loss: 0.1931, Train Acc: 94.88%, LR: 1.000000e-05
2026-05-29 08:00:18,942 - INFO - Epoch [153/1000] Loss: 0.1578, Train Acc: 95.32%, LR: 1.000000e-05
2026-05-29 08:03:22,939 - INFO - Epoch [154/1000] Loss: 0.1426, Train Acc: 95.47%, LR: 1.000000e-05
2026-05-29 08:06:26,859 - INFO - Epoch [155/1000] Loss: 0.1746, Train Acc: 94.80%, LR: 1.000000e-05
2026-05-29 08:09:26,959 - INFO - Epoch [156/1000] Loss: 0.1967, Train Acc: 95.03%, LR: 1.000000e-05
2026-05-29 08:12:30,809 - INFO - Epoch [157/1000] Loss: 0.1448, Train Acc: 96.09%, LR: 1.000000e-05
2026-05-29 08:15:35,166 - INFO - Epoch [158/1000] Loss: 0.1534, Train Acc: 95.65%, LR: 1.000000e-05
2026-05-29 08:18:40,748 - INFO - Epoch [159/1000] Loss: 0.1621, Train Acc: 95.65%, LR: 1.000000e-05
2026-05-29 08:21:43,383 - INFO - Epoch [160/1000] Loss: 0.1612, Train Acc: 94.62%, LR: 1.000000e-05
2026-05-29 08:21:57,362 - INFO - Epoch [160] Val Acc: 96.63% | Best Acc: 97.16%
2026-05-29 08:25:03,603 - INFO - Epoch [161/1000] Loss: 0.1565, Train Acc: 95.47%, LR: 1.000000e-05
2026-05-29 08:28:03,663 - INFO - Epoch [162/1000] Loss: 0.1722, Train Acc: 94.55%, LR: 1.000000e-05
2026-05-29 08:31:05,859 - INFO - Epoch [163/1000] Loss: 0.1654, Train Acc: 95.21%, LR: 1.000000e-05
2026-05-29 08:34:08,379 - INFO - Epoch [164/1000] Loss: 0.1557, Train Acc: 95.50%, LR: 1.000000e-05
2026-05-29 08:37:08,550 - INFO - Epoch [165/1000] Loss: 0.1535, Train Acc: 95.43%, LR: 1.000000e-05
2026-05-29 08:40:09,589 - INFO - Epoch [166/1000] Loss: 0.1511, Train Acc: 95.62%, LR: 1.000000e-05
2026-05-29 08:43:22,424 - INFO - Epoch [167/1000] Loss: 0.1180, Train Acc: 96.09%, LR: 1.000000e-05
2026-05-29 08:46:42,668 - INFO - Epoch [168/1000] Loss: 0.1427, Train Acc: 95.62%, LR: 1.000000e-05
2026-05-29 08:50:04,696 - INFO - Epoch [169/1000] Loss: 0.1643, Train Acc: 95.39%, LR: 1.000000e-05
2026-05-29 08:53:21,009 - INFO - Epoch [170/1000] Loss: 0.1528, Train Acc: 95.32%, LR: 1.000000e-05
2026-05-29 08:53:34,702 - INFO - Epoch [170] Val Acc: 97.16% | Best Acc: 97.16%
2026-05-29 08:56:41,938 - INFO - Epoch [171/1000] Loss: 0.1177, Train Acc: 95.84%, LR: 1.000000e-05
2026-05-29 08:59:46,417 - INFO - Epoch [172/1000] Loss: 0.1574, Train Acc: 95.32%, LR: 1.000000e-05
2026-05-29 09:02:46,993 - INFO - Epoch [173/1000] Loss: 0.1437, Train Acc: 95.91%, LR: 1.000000e-05
2026-05-29 09:05:47,100 - INFO - Epoch [174/1000] Loss: 0.1257, Train Acc: 96.09%, LR: 1.000000e-05
2026-05-29 09:08:49,672 - INFO - Epoch [175/1000] Loss: 0.1387, Train Acc: 95.80%, LR: 1.000000e-05
2026-05-29 09:11:50,796 - INFO - Epoch [176/1000] Loss: 0.1659, Train Acc: 95.39%, LR: 1.000000e-05
2026-05-29 09:14:50,325 - INFO - Epoch [177/1000] Loss: 0.1713, Train Acc: 95.21%, LR: 1.000000e-05
2026-05-29 09:17:48,918 - INFO - Epoch [178/1000] Loss: 0.1597, Train Acc: 95.58%, LR: 1.000000e-05
2026-05-29 09:20:47,768 - INFO - Epoch [179/1000] Loss: 0.2166, Train Acc: 94.69%, LR: 1.000000e-05
2026-05-29 09:23:46,934 - INFO - Epoch [180/1000] Loss: 0.1750, Train Acc: 94.88%, LR: 1.000000e-05
2026-05-29 09:24:00,305 - INFO - Epoch [180] Val Acc: 96.63% | Best Acc: 97.16%
2026-05-29 09:27:00,304 - INFO - Epoch [181/1000] Loss: 0.1328, Train Acc: 95.98%, LR: 1.000000e-05
2026-05-29 09:30:01,395 - INFO - Epoch [182/1000] Loss: 0.1384, Train Acc: 95.87%, LR: 1.000000e-05
2026-05-29 09:33:15,068 - INFO - Epoch [183/1000] Loss: 0.1089, Train Acc: 96.50%, LR: 1.000000e-05
2026-05-29 09:36:28,951 - INFO - Epoch [184/1000] Loss: 0.1670, Train Acc: 94.95%, LR: 1.000000e-05
2026-05-29 09:39:39,800 - INFO - Epoch [185/1000] Loss: 0.1262, Train Acc: 96.06%, LR: 1.000000e-05
2026-05-29 09:42:49,116 - INFO - Epoch [186/1000] Loss: 0.1427, Train Acc: 95.65%, LR: 1.000000e-05
2026-05-29 09:45:58,312 - INFO - Epoch [187/1000] Loss: 0.1294, Train Acc: 96.28%, LR: 1.000000e-05
2026-05-29 09:49:07,992 - INFO - Epoch [188/1000] Loss: 0.1626, Train Acc: 95.76%, LR: 1.000000e-05
2026-05-29 09:52:14,338 - INFO - Epoch [189/1000] Loss: 0.1683, Train Acc: 95.25%, LR: 1.000000e-05
2026-05-29 09:55:20,451 - INFO - Epoch [190/1000] Loss: 0.1515, Train Acc: 95.43%, LR: 1.000000e-05
2026-05-29 09:55:32,859 - INFO - Epoch [190] Val Acc: 96.10% | Best Acc: 97.16%
2026-05-29 09:58:47,402 - INFO - Epoch [191/1000] Loss: 0.1482, Train Acc: 95.84%, LR: 1.000000e-05
2026-05-29 10:01:55,715 - INFO - Epoch [192/1000] Loss: 0.1529, Train Acc: 96.06%, LR: 1.000000e-05
2026-05-29 10:05:04,121 - INFO - Epoch [193/1000] Loss: 0.1511, Train Acc: 95.91%, LR: 1.000000e-05
2026-05-29 10:08:17,417 - INFO - Epoch [194/1000] Loss: 0.1379, Train Acc: 95.91%, LR: 1.000000e-05
2026-05-29 10:11:28,747 - INFO - Epoch [195/1000] Loss: 0.1329, Train Acc: 96.02%, LR: 1.000000e-05
2026-05-29 10:14:35,454 - INFO - Epoch [196/1000] Loss: 0.1617, Train Acc: 95.39%, LR: 1.000000e-05
2026-05-29 10:17:49,790 - INFO - Epoch [197/1000] Loss: 0.1819, Train Acc: 94.88%, LR: 1.000000e-05
2026-05-29 10:20:56,494 - INFO - Epoch [198/1000] Loss: 0.1246, Train Acc: 96.20%, LR: 1.000000e-05
2026-05-29 10:24:05,646 - INFO - Epoch [199/1000] Loss: 0.1654, Train Acc: 95.06%, LR: 1.000000e-05
2026-05-29 10:27:14,317 - INFO - Epoch [200/1000] Loss: 0.1465, Train Acc: 96.06%, LR: 1.000000e-05
2026-05-29 10:27:26,825 - INFO - Epoch [200] Val Acc: 97.34% | Best Acc: 97.16%
2026-05-29 10:30:37,932 - INFO - Epoch [201/1000] Loss: 0.1639, Train Acc: 95.65%, LR: 1.000000e-05
2026-05-29 10:33:48,179 - INFO - Epoch [202/1000] Loss: 0.1447, Train Acc: 95.95%, LR: 1.000000e-05
2026-05-29 10:36:59,624 - INFO - Epoch [203/1000] Loss: 0.1302, Train Acc: 96.43%, LR: 1.000000e-05
2026-05-29 10:40:07,871 - INFO - Epoch [204/1000] Loss: 0.1490, Train Acc: 95.73%, LR: 1.000000e-05
2026-05-29 10:43:17,569 - INFO - Epoch [205/1000] Loss: 0.1456, Train Acc: 96.17%, LR: 1.000000e-05
2026-05-29 10:46:29,277 - INFO - Epoch [206/1000] Loss: 0.1549, Train Acc: 95.50%, LR: 1.000000e-05
2026-05-29 10:49:41,586 - INFO - Epoch [207/1000] Loss: 0.1536, Train Acc: 95.84%, LR: 1.000000e-05
2026-05-29 10:52:46,006 - INFO - Epoch [208/1000] Loss: 0.1318, Train Acc: 96.17%, LR: 1.000000e-05
2026-05-29 10:55:48,714 - INFO - Epoch [209/1000] Loss: 0.1201, Train Acc: 96.46%, LR: 1.000000e-05
2026-05-29 10:58:53,887 - INFO - Epoch [210/1000] Loss: 0.1293, Train Acc: 96.24%, LR: 1.000000e-05
2026-05-29 10:59:07,035 - INFO - Epoch [210] Val Acc: 97.52% | Best Acc: 97.34%
2026-05-29 11:02:12,418 - INFO - Epoch [211/1000] Loss: 0.1405, Train Acc: 95.50%, LR: 1.000000e-05
2026-05-29 11:05:16,167 - INFO - Epoch [212/1000] Loss: 0.1403, Train Acc: 95.65%, LR: 1.000000e-05
2026-05-29 11:08:16,031 - INFO - Epoch [213/1000] Loss: 0.1245, Train Acc: 96.43%, LR: 1.000000e-05
2026-05-29 11:11:16,224 - INFO - Epoch [214/1000] Loss: 0.1305, Train Acc: 95.76%, LR: 1.000000e-05
2026-05-29 11:14:18,365 - INFO - Epoch [215/1000] Loss: 0.1216, Train Acc: 96.87%, LR: 1.000000e-05
2026-05-29 11:17:16,140 - INFO - Epoch [216/1000] Loss: 0.1506, Train Acc: 95.76%, LR: 1.000000e-05
2026-05-29 11:20:19,456 - INFO - Epoch [217/1000] Loss: 0.1238, Train Acc: 96.24%, LR: 1.000000e-05
2026-05-29 11:23:24,173 - INFO - Epoch [218/1000] Loss: 0.1311, Train Acc: 95.76%, LR: 1.000000e-05
2026-05-29 11:26:29,331 - INFO - Epoch [219/1000] Loss: 0.1282, Train Acc: 96.02%, LR: 1.000000e-05
2026-05-29 11:29:38,816 - INFO - Epoch [220/1000] Loss: 0.1422, Train Acc: 96.13%, LR: 1.000000e-05
2026-05-29 11:29:52,492 - INFO - Epoch [220] Val Acc: 97.52% | Best Acc: 97.52%
2026-05-29 11:32:53,341 - INFO - Epoch [221/1000] Loss: 0.1535, Train Acc: 95.50%, LR: 1.000000e-05
2026-05-29 11:35:52,513 - INFO - Epoch [222/1000] Loss: 0.1323, Train Acc: 96.43%, LR: 1.000000e-05
2026-05-29 11:38:53,084 - INFO - Epoch [223/1000] Loss: 0.1224, Train Acc: 96.54%, LR: 1.000000e-05
2026-05-29 11:41:52,156 - INFO - Epoch [224/1000] Loss: 0.1272, Train Acc: 96.57%, LR: 1.000000e-05
2026-05-29 11:44:50,578 - INFO - Epoch [225/1000] Loss: 0.1488, Train Acc: 95.80%, LR: 1.000000e-05
2026-05-29 11:47:51,891 - INFO - Epoch [226/1000] Loss: 0.1133, Train Acc: 97.05%, LR: 1.000000e-05
2026-05-29 11:50:55,126 - INFO - Epoch [227/1000] Loss: 0.1143, Train Acc: 96.43%, LR: 1.000000e-05
2026-05-29 11:53:54,997 - INFO - Epoch [228/1000] Loss: 0.1206, Train Acc: 96.57%, LR: 1.000000e-05
2026-05-29 11:56:58,308 - INFO - Epoch [229/1000] Loss: 0.1303, Train Acc: 96.06%, LR: 1.000000e-05
2026-05-29 12:00:01,936 - INFO - Epoch [230/1000] Loss: 0.1265, Train Acc: 96.35%, LR: 1.000000e-05
2026-05-29 12:00:15,250 - INFO - Epoch [230] Val Acc: 97.52% | Best Acc: 97.52%
2026-05-29 12:03:13,383 - INFO - Epoch [231/1000] Loss: 0.1183, Train Acc: 96.57%, LR: 1.000000e-05
2026-05-29 12:06:14,085 - INFO - Epoch [232/1000] Loss: 0.1021, Train Acc: 96.98%, LR: 1.000000e-05
2026-05-29 12:09:15,471 - INFO - Epoch [233/1000] Loss: 0.1412, Train Acc: 96.54%, LR: 1.000000e-05
2026-05-29 12:12:19,109 - INFO - Epoch [234/1000] Loss: 0.1113, Train Acc: 96.46%, LR: 1.000000e-05
2026-05-29 12:15:21,173 - INFO - Epoch [235/1000] Loss: 0.1382, Train Acc: 96.02%, LR: 1.000000e-05
2026-05-29 12:18:19,285 - INFO - Epoch [236/1000] Loss: 0.1411, Train Acc: 96.13%, LR: 1.000000e-05
2026-05-29 12:21:16,872 - INFO - Epoch [237/1000] Loss: 0.1219, Train Acc: 96.28%, LR: 1.000000e-05
2026-05-29 12:24:24,248 - INFO - Epoch [238/1000] Loss: 0.1216, Train Acc: 96.43%, LR: 1.000000e-05
2026-05-29 12:27:40,631 - INFO - Epoch [239/1000] Loss: 0.1268, Train Acc: 96.24%, LR: 1.000000e-05
2026-05-29 12:30:42,855 - INFO - Epoch [240/1000] Loss: 0.1215, Train Acc: 96.72%, LR: 1.000000e-05
2026-05-29 12:30:56,202 - INFO - Epoch [240] Val Acc: 97.16% | Best Acc: 97.52%
2026-05-29 12:33:52,786 - INFO - Epoch [241/1000] Loss: 0.1327, Train Acc: 96.20%, LR: 1.000000e-05
2026-05-29 12:36:51,282 - INFO - Epoch [242/1000] Loss: 0.1225, Train Acc: 96.57%, LR: 1.000000e-05
2026-05-29 12:39:50,687 - INFO - Epoch [243/1000] Loss: 0.1239, Train Acc: 96.35%, LR: 1.000000e-05
2026-05-29 12:42:47,307 - INFO - Epoch [244/1000] Loss: 0.1335, Train Acc: 96.43%, LR: 1.000000e-05
2026-05-29 12:45:46,423 - INFO - Epoch [245/1000] Loss: 0.1106, Train Acc: 96.50%, LR: 1.000000e-05
2026-05-29 12:48:46,530 - INFO - Epoch [246/1000] Loss: 0.1396, Train Acc: 95.76%, LR: 1.000000e-05
2026-05-29 12:51:47,522 - INFO - Epoch [247/1000] Loss: 0.0990, Train Acc: 97.02%, LR: 1.000000e-05
2026-05-29 12:54:47,004 - INFO - Epoch [248/1000] Loss: 0.0970, Train Acc: 96.90%, LR: 1.000000e-05
2026-05-29 12:57:49,894 - INFO - Epoch [249/1000] Loss: 0.1196, Train Acc: 96.50%, LR: 1.000000e-05
2026-05-29 13:00:57,510 - INFO - Epoch [250/1000] Loss: 0.1181, Train Acc: 96.83%, LR: 1.000000e-05
2026-05-29 13:01:10,914 - INFO - Epoch [250] Val Acc: 97.34% | Best Acc: 97.52%
2026-05-29 13:04:19,842 - INFO - Epoch [251/1000] Loss: 0.0938, Train Acc: 97.09%, LR: 1.000000e-05
2026-05-29 13:07:26,675 - INFO - Epoch [252/1000] Loss: 0.1007, Train Acc: 97.31%, LR: 1.000000e-05
2026-05-29 13:10:35,433 - INFO - Epoch [253/1000] Loss: 0.1295, Train Acc: 95.95%, LR: 1.000000e-05
2026-05-29 13:13:44,997 - INFO - Epoch [254/1000] Loss: 0.1292, Train Acc: 96.54%, LR: 1.000000e-05
2026-05-29 13:16:54,341 - INFO - Epoch [255/1000] Loss: 0.1223, Train Acc: 96.02%, LR: 1.000000e-05
2026-05-29 13:20:05,556 - INFO - Epoch [256/1000] Loss: 0.1287, Train Acc: 96.13%, LR: 1.000000e-05
2026-05-29 13:23:11,594 - INFO - Epoch [257/1000] Loss: 0.1119, Train Acc: 96.76%, LR: 1.000000e-05
2026-05-29 13:26:16,063 - INFO - Epoch [258/1000] Loss: 0.0996, Train Acc: 97.16%, LR: 1.000000e-05
2026-05-29 13:29:20,637 - INFO - Epoch [259/1000] Loss: 0.1401, Train Acc: 96.09%, LR: 1.000000e-05
2026-05-29 13:32:28,139 - INFO - Epoch [260/1000] Loss: 0.0958, Train Acc: 97.09%, LR: 1.000000e-05
2026-05-29 13:32:41,359 - INFO - Epoch [260] Val Acc: 96.10% | Best Acc: 97.52%
2026-05-29 13:35:46,179 - INFO - Epoch [261/1000] Loss: 0.1137, Train Acc: 96.54%, LR: 1.000000e-05
2026-05-29 13:38:55,324 - INFO - Epoch [262/1000] Loss: 0.1143, Train Acc: 96.68%, LR: 1.000000e-05
2026-05-29 13:42:10,071 - INFO - Epoch [263/1000] Loss: 0.1249, Train Acc: 96.43%, LR: 1.000000e-05
2026-05-29 13:45:19,367 - INFO - Epoch [264/1000] Loss: 0.1450, Train Acc: 95.84%, LR: 1.000000e-05
2026-05-29 13:48:22,101 - INFO - Epoch [265/1000] Loss: 0.1179, Train Acc: 96.87%, LR: 1.000000e-05
2026-05-29 13:51:23,098 - INFO - Epoch [266/1000] Loss: 0.1361, Train Acc: 96.46%, LR: 1.000000e-05
2026-05-29 13:54:26,051 - INFO - Epoch [267/1000] Loss: 0.1232, Train Acc: 96.28%, LR: 1.000000e-05
2026-05-29 13:57:30,219 - INFO - Epoch [268/1000] Loss: 0.1132, Train Acc: 96.83%, LR: 1.000000e-05
2026-05-29 14:00:31,858 - INFO - Epoch [269/1000] Loss: 0.0941, Train Acc: 96.83%, LR: 1.000000e-05
2026-05-29 14:03:33,479 - INFO - Epoch [270/1000] Loss: 0.1286, Train Acc: 96.09%, LR: 1.000000e-05
2026-05-29 14:03:47,042 - INFO - Epoch [270] Val Acc: 97.34% | Best Acc: 97.52%
2026-05-29 14:06:48,095 - INFO - Epoch [271/1000] Loss: 0.0997, Train Acc: 97.13%, LR: 1.000000e-05
2026-05-29 14:09:48,679 - INFO - Epoch [272/1000] Loss: 0.0859, Train Acc: 97.31%, LR: 1.000000e-05
2026-05-29 14:12:47,443 - INFO - Epoch [273/1000] Loss: 0.1045, Train Acc: 97.05%, LR: 1.000000e-05
2026-05-29 14:15:46,436 - INFO - Epoch [274/1000] Loss: 0.1136, Train Acc: 96.79%, LR: 1.000000e-05
2026-05-29 14:18:47,907 - INFO - Epoch [275/1000] Loss: 0.1264, Train Acc: 96.39%, LR: 1.000000e-05
2026-05-29 14:21:48,543 - INFO - Epoch [276/1000] Loss: 0.1116, Train Acc: 97.38%, LR: 1.000000e-05
2026-05-29 14:24:47,807 - INFO - Epoch [277/1000] Loss: 0.1202, Train Acc: 97.24%, LR: 1.000000e-05
2026-05-29 14:27:50,479 - INFO - Epoch [278/1000] Loss: 0.1168, Train Acc: 96.28%, LR: 1.000000e-05
2026-05-29 14:30:54,324 - INFO - Epoch [279/1000] Loss: 0.1138, Train Acc: 97.02%, LR: 1.000000e-05
2026-05-29 14:33:57,128 - INFO - Epoch [280/1000] Loss: 0.1191, Train Acc: 96.43%, LR: 1.000000e-05
2026-05-29 14:34:10,356 - INFO - Epoch [280] Val Acc: 96.45% | Best Acc: 97.52%
2026-05-29 14:37:15,640 - INFO - Epoch [281/1000] Loss: 0.1040, Train Acc: 97.09%, LR: 1.000000e-05
2026-05-29 14:40:17,162 - INFO - Epoch [282/1000] Loss: 0.1045, Train Acc: 96.98%, LR: 1.000000e-05
2026-05-29 14:43:20,618 - INFO - Epoch [283/1000] Loss: 0.1185, Train Acc: 96.79%, LR: 1.000000e-05
2026-05-29 14:46:21,502 - INFO - Epoch [284/1000] Loss: 0.0963, Train Acc: 96.83%, LR: 1.000000e-05
2026-05-29 14:49:22,719 - INFO - Epoch [285/1000] Loss: 0.1012, Train Acc: 97.20%, LR: 1.000000e-05
2026-05-29 14:52:24,025 - INFO - Epoch [286/1000] Loss: 0.0814, Train Acc: 97.49%, LR: 1.000000e-05
2026-05-29 14:55:26,721 - INFO - Epoch [287/1000] Loss: 0.1045, Train Acc: 96.54%, LR: 1.000000e-05
2026-05-29 14:58:30,496 - INFO - Epoch [288/1000] Loss: 0.1033, Train Acc: 96.83%, LR: 1.000000e-05
2026-05-29 15:01:30,747 - INFO - Epoch [289/1000] Loss: 0.1169, Train Acc: 96.79%, LR: 1.000000e-05
2026-05-29 15:04:33,198 - INFO - Epoch [290/1000] Loss: 0.1134, Train Acc: 96.87%, LR: 1.000000e-05
2026-05-29 15:04:46,630 - INFO - Epoch [290] Val Acc: 97.16% | Best Acc: 97.52%
2026-05-29 15:07:52,719 - INFO - Epoch [291/1000] Loss: 0.1033, Train Acc: 97.35%, LR: 1.000000e-05
2026-05-29 15:10:56,918 - INFO - Epoch [292/1000] Loss: 0.1148, Train Acc: 96.79%, LR: 1.000000e-05
2026-05-29 15:14:03,226 - INFO - Epoch [293/1000] Loss: 0.0994, Train Acc: 97.31%, LR: 1.000000e-05
2026-05-29 15:17:11,329 - INFO - Epoch [294/1000] Loss: 0.0726, Train Acc: 97.75%, LR: 1.000000e-05
2026-05-29 15:20:19,698 - INFO - Epoch [295/1000] Loss: 0.1061, Train Acc: 97.38%, LR: 1.000000e-05
2026-05-29 15:23:25,384 - INFO - Epoch [296/1000] Loss: 0.0953, Train Acc: 96.90%, LR: 1.000000e-05
2026-05-29 15:26:33,656 - INFO - Epoch [297/1000] Loss: 0.0874, Train Acc: 97.27%, LR: 1.000000e-05
2026-05-29 15:29:38,212 - INFO - Epoch [298/1000] Loss: 0.1121, Train Acc: 97.05%, LR: 1.000000e-05
2026-05-29 15:32:39,228 - INFO - Epoch [299/1000] Loss: 0.1144, Train Acc: 96.94%, LR: 1.000000e-05
2026-05-29 15:35:45,093 - INFO - Epoch [300/1000] Loss: 0.0899, Train Acc: 96.90%, LR: 1.000000e-05
2026-05-29 15:35:58,879 - INFO - Epoch [300] Val Acc: 97.52% | Best Acc: 97.52%
2026-05-29 15:39:05,919 - INFO - Epoch [301/1000] Loss: 0.1224, Train Acc: 96.76%, LR: 1.000000e-06
2026-05-29 15:42:09,835 - INFO - Epoch [302/1000] Loss: 0.1026, Train Acc: 96.90%, LR: 1.000000e-06
2026-05-29 15:45:14,486 - INFO - Epoch [303/1000] Loss: 0.0857, Train Acc: 97.20%, LR: 1.000000e-06
2026-05-29 15:48:18,183 - INFO - Epoch [304/1000] Loss: 0.0829, Train Acc: 97.61%, LR: 1.000000e-06
2026-05-29 15:51:20,712 - INFO - Epoch [305/1000] Loss: 0.0863, Train Acc: 97.61%, LR: 1.000000e-06
2026-05-29 15:54:24,803 - INFO - Epoch [306/1000] Loss: 0.0933, Train Acc: 97.35%, LR: 1.000000e-06
2026-05-29 15:57:29,517 - INFO - Epoch [307/1000] Loss: 0.1046, Train Acc: 97.05%, LR: 1.000000e-06
2026-05-29 16:00:33,908 - INFO - Epoch [308/1000] Loss: 0.1013, Train Acc: 96.83%, LR: 1.000000e-06
2026-05-29 16:03:37,611 - INFO - Epoch [309/1000] Loss: 0.0961, Train Acc: 97.24%, LR: 1.000000e-06
2026-05-29 16:06:41,808 - INFO - Epoch [310/1000] Loss: 0.0815, Train Acc: 97.79%, LR: 1.000000e-06
2026-05-29 16:06:55,312 - INFO - Epoch [310] Val Acc: 97.34% | Best Acc: 97.52%
