26-05-16 22:05:24.452 :   task: train
  gpu_ids: [0]
  log_path: ./log
  model_save: ./model_save
  pretained_path:[
    index: False
    path: ./model_save/model_best1.pth
  ]
  batch_size: 4
  nc: [16, 1]
  patch_size: [128, 128]
  stride_size: [16, 16]
  atoms: 50
  d_size: 3
  max_epoch: 1000
  stage: 3
  lr: 0.0001
  loss_function_index: 1
  n_channels: 1
  train:[
    sigma: [0]
    dataroot_H: ./dataset/gray_train_all
    H_size: 128
    n_channels: 1
  ]
  valid:[
    sigma: [0]
    dataroot_H: ./dataset/gray_valid_all
    n_channels: 1
  ]
  opt_path: ./options/train_options.json
  is_train: True
  scale: 1

26-05-16 22:05:24.457 : 训练集大小: 1120
26-05-16 22:05:24.457 : 验证集数量: 240 (每个 sigma 一个 Dataset)
26-05-16 22:05:25.682 : Number of parameter: 3.26M
26-05-16 22:05:25.682 : start training...
26-05-16 22:06:42.611 : epoch:[1/1000], 平均loss: 0.1324
26-05-16 22:07:58.399 : epoch:[2/1000], 平均loss: 0.0249
26-05-16 22:09:15.107 : epoch:[3/1000], 平均loss: 0.0158
26-05-16 22:10:34.946 : epoch:[4/1000], 平均loss: 0.0116
26-05-16 22:11:53.872 : epoch:[5/1000], 平均loss: 0.0098
26-05-16 22:13:08.621 : epoch:[6/1000], 平均loss: 0.0079
26-05-16 22:14:25.095 : epoch:[7/1000], 平均loss: 0.0069
26-05-16 22:15:40.556 : epoch:[8/1000], 平均loss: 0.0068
26-05-16 22:16:55.184 : epoch:[9/1000], 平均loss: 0.0048
26-05-16 22:18:09.889 : epoch:[10/1000], 平均loss: 0.0041
26-05-16 22:19:06.583 : [epoch 10 PSNR: 44.9186 Best: 44.9186]
26-05-16 22:20:22.018 : epoch:[11/1000], 平均loss: 0.0034
26-05-16 22:21:38.109 : epoch:[12/1000], 平均loss: 0.0035
26-05-16 22:22:51.977 : epoch:[13/1000], 平均loss: 0.0036
26-05-16 22:24:06.093 : epoch:[14/1000], 平均loss: 0.0032
26-05-16 22:25:20.569 : epoch:[15/1000], 平均loss: 0.0034
26-05-16 22:26:35.036 : epoch:[16/1000], 平均loss: 0.0032
26-05-16 22:27:48.742 : epoch:[17/1000], 平均loss: 0.0024
26-05-16 22:29:03.023 : epoch:[18/1000], 平均loss: 0.0029
26-05-16 22:30:16.399 : epoch:[19/1000], 平均loss: 0.0023
26-05-16 22:31:30.510 : epoch:[20/1000], 平均loss: 0.0023
26-05-16 22:32:26.721 : [epoch 20 PSNR: 48.7505 Best: 48.7505]
26-05-16 22:33:40.439 : epoch:[21/1000], 平均loss: 0.0020
26-05-16 22:34:54.442 : epoch:[22/1000], 平均loss: 0.0020
26-05-16 22:36:08.254 : epoch:[23/1000], 平均loss: 0.0019
26-05-16 22:37:22.342 : epoch:[24/1000], 平均loss: 0.0018
26-05-16 22:38:35.389 : epoch:[25/1000], 平均loss: 0.0017
26-05-16 22:39:49.119 : epoch:[26/1000], 平均loss: 0.0020
26-05-16 22:41:02.343 : epoch:[27/1000], 平均loss: 0.0019
26-05-16 22:42:15.926 : epoch:[28/1000], 平均loss: 0.0015
26-05-16 22:43:30.183 : epoch:[29/1000], 平均loss: 0.0014
26-05-16 22:44:44.634 : epoch:[30/1000], 平均loss: 0.0015
26-05-16 22:45:41.555 : [epoch 30 PSNR: 52.2304 Best: 52.2304]
26-05-16 22:46:56.448 : epoch:[31/1000], 平均loss: 0.0014
26-05-16 22:48:11.155 : epoch:[32/1000], 平均loss: 0.0014
26-05-16 22:49:25.469 : epoch:[33/1000], 平均loss: 0.0012
26-05-16 22:50:40.144 : epoch:[34/1000], 平均loss: 0.0013
26-05-16 22:51:54.944 : epoch:[35/1000], 平均loss: 0.0014
26-05-16 22:53:10.502 : epoch:[36/1000], 平均loss: 0.0014
26-05-16 22:54:28.051 : epoch:[37/1000], 平均loss: 0.0011
26-05-16 22:55:46.584 : epoch:[38/1000], 平均loss: 0.0012
26-05-16 22:57:04.551 : epoch:[39/1000], 平均loss: 0.0012
26-05-16 22:58:23.234 : epoch:[40/1000], 平均loss: 0.0011
26-05-16 22:59:21.569 : [epoch 40 PSNR: 53.6048 Best: 53.6048]
26-05-16 23:00:40.455 : epoch:[41/1000], 平均loss: 0.0011
26-05-16 23:01:57.946 : epoch:[42/1000], 平均loss: 0.0011
26-05-16 23:03:14.282 : epoch:[43/1000], 平均loss: 0.0011
26-05-16 23:04:29.996 : epoch:[44/1000], 平均loss: 0.0010
26-05-16 23:05:48.280 : epoch:[45/1000], 平均loss: 0.0011
26-05-16 23:07:06.705 : epoch:[46/1000], 平均loss: 0.0009
26-05-16 23:08:25.539 : epoch:[47/1000], 平均loss: 0.0009
26-05-16 23:09:43.453 : epoch:[48/1000], 平均loss: 0.0009
26-05-16 23:11:02.785 : epoch:[49/1000], 平均loss: 0.0009
26-05-16 23:12:21.626 : epoch:[50/1000], 平均loss: 0.0009
26-05-16 23:13:20.364 : [epoch 50 PSNR: 54.1569 Best: 54.1569]
26-05-16 23:14:40.524 : epoch:[51/1000], 平均loss: 0.0009
26-05-16 23:15:59.495 : epoch:[52/1000], 平均loss: 0.0008
26-05-16 23:17:18.506 : epoch:[53/1000], 平均loss: 0.0009
26-05-16 23:18:37.993 : epoch:[54/1000], 平均loss: 0.0009
26-05-16 23:19:55.208 : epoch:[55/1000], 平均loss: 0.0008
26-05-16 23:21:12.409 : epoch:[56/1000], 平均loss: 0.0008
26-05-16 23:22:28.032 : epoch:[57/1000], 平均loss: 0.0009
26-05-16 23:23:45.188 : epoch:[58/1000], 平均loss: 0.0008
26-05-16 23:25:02.222 : epoch:[59/1000], 平均loss: 0.0008
26-05-16 23:26:16.285 : epoch:[60/1000], 平均loss: 0.0008
26-05-16 23:27:11.474 : [epoch 60 PSNR: 54.6025 Best: 54.6025]
26-05-16 23:28:28.938 : epoch:[61/1000], 平均loss: 0.0008
26-05-16 23:29:46.399 : epoch:[62/1000], 平均loss: 0.0008
26-05-16 23:31:03.226 : epoch:[63/1000], 平均loss: 0.0008
26-05-16 23:32:16.327 : epoch:[64/1000], 平均loss: 0.0008
26-05-16 23:33:39.473 : epoch:[65/1000], 平均loss: 0.0008
26-05-16 23:35:04.819 : epoch:[66/1000], 平均loss: 0.0008
26-05-16 23:36:32.981 : epoch:[67/1000], 平均loss: 0.0007
26-05-16 23:37:57.478 : epoch:[68/1000], 平均loss: 0.0008
26-05-16 23:39:20.509 : epoch:[69/1000], 平均loss: 0.0008
26-05-16 23:40:45.994 : epoch:[70/1000], 平均loss: 0.0008
26-05-16 23:41:45.744 : [epoch 70 PSNR: 54.8061 Best: 54.8061]
26-05-16 23:43:11.334 : epoch:[71/1000], 平均loss: 0.0008
26-05-16 23:44:36.280 : epoch:[72/1000], 平均loss: 0.0007
26-05-16 23:46:01.578 : epoch:[73/1000], 平均loss: 0.0008
26-05-16 23:47:21.625 : epoch:[74/1000], 平均loss: 0.0007
26-05-16 23:48:43.160 : epoch:[75/1000], 平均loss: 0.0007
26-05-16 23:50:03.390 : epoch:[76/1000], 平均loss: 0.0007
26-05-16 23:51:28.312 : epoch:[77/1000], 平均loss: 0.0007
26-05-16 23:52:49.894 : epoch:[78/1000], 平均loss: 0.0007
26-05-16 23:54:12.236 : epoch:[79/1000], 平均loss: 0.0007
26-05-16 23:55:37.136 : epoch:[80/1000], 平均loss: 0.0007
26-05-16 23:56:33.198 : [epoch 80 PSNR: 55.1515 Best: 55.1515]
26-05-16 23:57:56.688 : epoch:[81/1000], 平均loss: 0.0007
26-05-16 23:59:17.795 : epoch:[82/1000], 平均loss: 0.0007
26-05-17 00:00:39.457 : epoch:[83/1000], 平均loss: 0.0007
26-05-17 00:01:58.668 : epoch:[84/1000], 平均loss: 0.0007
26-05-17 00:03:20.931 : epoch:[85/1000], 平均loss: 0.0007
26-05-17 00:04:40.545 : epoch:[86/1000], 平均loss: 0.0007
26-05-17 00:06:02.143 : epoch:[87/1000], 平均loss: 0.0007
26-05-17 00:07:21.569 : epoch:[88/1000], 平均loss: 0.0007
26-05-17 00:08:46.534 : epoch:[89/1000], 平均loss: 0.0007
26-05-17 00:10:07.875 : epoch:[90/1000], 平均loss: 0.0007
26-05-17 00:11:05.993 : [epoch 90 PSNR: 55.2636 Best: 55.2636]
26-05-17 00:12:26.503 : epoch:[91/1000], 平均loss: 0.0007
26-05-17 00:13:46.187 : epoch:[92/1000], 平均loss: 0.0006
26-05-17 00:15:06.077 : epoch:[93/1000], 平均loss: 0.0006
26-05-17 00:16:25.524 : epoch:[94/1000], 平均loss: 0.0006
26-05-17 00:17:46.753 : epoch:[95/1000], 平均loss: 0.0006
26-05-17 00:19:09.120 : epoch:[96/1000], 平均loss: 0.0006
26-05-17 00:20:34.371 : epoch:[97/1000], 平均loss: 0.0006
26-05-17 00:21:54.763 : epoch:[98/1000], 平均loss: 0.0006
26-05-17 00:23:20.306 : epoch:[99/1000], 平均loss: 0.0006
26-05-17 00:24:40.408 : epoch:[100/1000], 平均loss: 0.0006
26-05-17 00:25:37.938 : [epoch 100 PSNR: 55.5554 Best: 55.5554]
26-05-17 00:26:56.051 : epoch:[101/1000], 平均loss: 0.0006
26-05-17 00:28:15.761 : epoch:[102/1000], 平均loss: 0.0006
26-05-17 00:29:34.478 : epoch:[103/1000], 平均loss: 0.0006
26-05-17 00:30:58.118 : epoch:[104/1000], 平均loss: 0.0006
26-05-17 00:32:19.700 : epoch:[105/1000], 平均loss: 0.0006
26-05-17 00:33:44.678 : epoch:[106/1000], 平均loss: 0.0006
26-05-17 00:35:06.448 : epoch:[107/1000], 平均loss: 0.0006
26-05-17 00:36:26.395 : epoch:[108/1000], 平均loss: 0.0006
26-05-17 00:37:45.842 : epoch:[109/1000], 平均loss: 0.0006
26-05-17 00:39:07.081 : epoch:[110/1000], 平均loss: 0.0006
26-05-17 00:40:02.878 : [epoch 110 PSNR: 55.7195 Best: 55.7195]
26-05-17 00:41:24.075 : epoch:[111/1000], 平均loss: 0.0006
26-05-17 00:42:41.372 : epoch:[112/1000], 平均loss: 0.0006
26-05-17 00:44:02.564 : epoch:[113/1000], 平均loss: 0.0006
26-05-17 00:45:24.569 : epoch:[114/1000], 平均loss: 0.0006
26-05-17 00:46:47.084 : epoch:[115/1000], 平均loss: 0.0006
26-05-17 00:48:05.691 : epoch:[116/1000], 平均loss: 0.0006
26-05-17 00:49:26.114 : epoch:[117/1000], 平均loss: 0.0006
26-05-17 00:50:45.928 : epoch:[118/1000], 平均loss: 0.0006
26-05-17 00:52:09.632 : epoch:[119/1000], 平均loss: 0.0006
26-05-17 00:53:34.347 : epoch:[120/1000], 平均loss: 0.0006
26-05-17 00:54:29.301 : [epoch 120 PSNR: 55.8019 Best: 55.8019]
26-05-17 00:55:48.954 : epoch:[121/1000], 平均loss: 0.0006
26-05-17 00:57:12.056 : epoch:[122/1000], 平均loss: 0.0006
26-05-17 00:58:36.031 : epoch:[123/1000], 平均loss: 0.0006
26-05-17 00:59:55.036 : epoch:[124/1000], 平均loss: 0.0006
26-05-17 01:01:19.994 : epoch:[125/1000], 平均loss: 0.0006
26-05-17 01:02:42.311 : epoch:[126/1000], 平均loss: 0.0006
26-05-17 01:04:05.028 : epoch:[127/1000], 平均loss: 0.0006
26-05-17 01:05:23.359 : epoch:[128/1000], 平均loss: 0.0006
26-05-17 01:06:46.285 : epoch:[129/1000], 平均loss: 0.0006
26-05-17 01:08:06.497 : epoch:[130/1000], 平均loss: 0.0006
26-05-17 01:09:02.949 : [epoch 130 PSNR: 55.8251 Best: 55.8251]
26-05-17 01:10:18.773 : epoch:[131/1000], 平均loss: 0.0005
26-05-17 01:11:41.735 : epoch:[132/1000], 平均loss: 0.0006
26-05-17 01:13:01.690 : epoch:[133/1000], 平均loss: 0.0006
26-05-17 01:14:24.813 : epoch:[134/1000], 平均loss: 0.0006
26-05-17 01:15:48.839 : epoch:[135/1000], 平均loss: 0.0006
26-05-17 01:17:11.580 : epoch:[136/1000], 平均loss: 0.0005
26-05-17 01:18:34.899 : epoch:[137/1000], 平均loss: 0.0006
26-05-17 01:19:49.193 : epoch:[138/1000], 平均loss: 0.0005
26-05-17 01:21:09.517 : epoch:[139/1000], 平均loss: 0.0005
26-05-17 01:22:26.376 : epoch:[140/1000], 平均loss: 0.0005
26-05-17 01:23:23.427 : [epoch 140 PSNR: 55.9524 Best: 55.9524]
26-05-17 01:24:42.755 : epoch:[141/1000], 平均loss: 0.0005
26-05-17 01:26:06.982 : epoch:[142/1000], 平均loss: 0.0005
26-05-17 01:27:27.393 : epoch:[143/1000], 平均loss: 0.0005
26-05-17 01:28:51.047 : epoch:[144/1000], 平均loss: 0.0005
26-05-17 01:30:11.581 : epoch:[145/1000], 平均loss: 0.0005
26-05-17 01:31:36.117 : epoch:[146/1000], 平均loss: 0.0005
26-05-17 01:32:56.458 : epoch:[147/1000], 平均loss: 0.0005
26-05-17 01:34:17.249 : epoch:[148/1000], 平均loss: 0.0005
26-05-17 01:35:40.051 : epoch:[149/1000], 平均loss: 0.0005
26-05-17 01:37:01.038 : epoch:[150/1000], 平均loss: 0.0005
26-05-17 01:37:57.086 : [epoch 150 PSNR: 56.0390 Best: 56.0390]
26-05-17 01:39:18.735 : epoch:[151/1000], 平均loss: 0.0005
26-05-17 01:40:41.021 : epoch:[152/1000], 平均loss: 0.0005
26-05-17 01:42:00.225 : epoch:[153/1000], 平均loss: 0.0005
26-05-17 01:43:23.606 : epoch:[154/1000], 平均loss: 0.0005
26-05-17 01:44:41.783 : epoch:[155/1000], 平均loss: 0.0005
26-05-17 01:46:05.550 : epoch:[156/1000], 平均loss: 0.0005
26-05-17 01:47:24.731 : epoch:[157/1000], 平均loss: 0.0005
26-05-17 01:48:47.094 : epoch:[158/1000], 平均loss: 0.0005
26-05-17 01:50:10.309 : epoch:[159/1000], 平均loss: 0.0005
26-05-17 01:51:32.408 : epoch:[160/1000], 平均loss: 0.0005
26-05-17 01:52:27.591 : [epoch 160 PSNR: 56.0556 Best: 56.0556]
26-05-17 01:53:50.572 : epoch:[161/1000], 平均loss: 0.0005
26-05-17 01:55:11.380 : epoch:[162/1000], 平均loss: 0.0005
26-05-17 01:56:30.978 : epoch:[163/1000], 平均loss: 0.0005
26-05-17 01:57:50.325 : epoch:[164/1000], 平均loss: 0.0005
26-05-17 01:59:10.481 : epoch:[165/1000], 平均loss: 0.0005
26-05-17 02:00:33.035 : epoch:[166/1000], 平均loss: 0.0005
26-05-17 02:01:52.787 : epoch:[167/1000], 平均loss: 0.0005
26-05-17 02:03:11.600 : epoch:[168/1000], 平均loss: 0.0005
26-05-17 02:04:23.463 : epoch:[169/1000], 平均loss: 0.0005
26-05-17 02:05:45.190 : epoch:[170/1000], 平均loss: 0.0005
26-05-17 02:06:39.956 : [epoch 170 PSNR: 56.2241 Best: 56.2241]
26-05-17 02:07:58.795 : epoch:[171/1000], 平均loss: 0.0005
26-05-17 02:09:16.868 : epoch:[172/1000], 平均loss: 0.0005
26-05-17 02:10:39.056 : epoch:[173/1000], 平均loss: 0.0005
26-05-17 02:11:57.597 : epoch:[174/1000], 平均loss: 0.0005
26-05-17 02:13:20.357 : epoch:[175/1000], 平均loss: 0.0005
26-05-17 02:14:36.923 : epoch:[176/1000], 平均loss: 0.0005
26-05-17 02:15:57.985 : epoch:[177/1000], 平均loss: 0.0005
26-05-17 02:17:18.298 : epoch:[178/1000], 平均loss: 0.0005
26-05-17 02:18:40.883 : epoch:[179/1000], 平均loss: 0.0005
26-05-17 02:20:00.930 : epoch:[180/1000], 平均loss: 0.0005
26-05-17 02:20:56.944 : [epoch 180 PSNR: 56.2411 Best: 56.2411]
26-05-17 02:22:20.265 : epoch:[181/1000], 平均loss: 0.0005
26-05-17 02:23:42.838 : epoch:[182/1000], 平均loss: 0.0005
26-05-17 02:25:02.033 : epoch:[183/1000], 平均loss: 0.0005
26-05-17 02:26:25.089 : epoch:[184/1000], 平均loss: 0.0005
26-05-17 02:27:44.904 : epoch:[185/1000], 平均loss: 0.0005
26-05-17 02:29:01.706 : epoch:[186/1000], 平均loss: 0.0005
26-05-17 02:30:24.379 : epoch:[187/1000], 平均loss: 0.0005
26-05-17 02:31:46.590 : epoch:[188/1000], 平均loss: 0.0005
26-05-17 02:33:11.263 : epoch:[189/1000], 平均loss: 0.0005
26-05-17 02:34:33.392 : epoch:[190/1000], 平均loss: 0.0005
26-05-17 02:35:30.226 : [epoch 190 PSNR: 56.2580 Best: 56.2580]
26-05-17 02:36:49.772 : epoch:[191/1000], 平均loss: 0.0005
26-05-17 02:38:11.583 : epoch:[192/1000], 平均loss: 0.0005
26-05-17 02:39:27.572 : epoch:[193/1000], 平均loss: 0.0005
26-05-17 02:40:46.413 : epoch:[194/1000], 平均loss: 0.0005
26-05-17 02:42:07.328 : epoch:[195/1000], 平均loss: 0.0005
26-05-17 02:43:30.894 : epoch:[196/1000], 平均loss: 0.0005
26-05-17 02:44:54.056 : epoch:[197/1000], 平均loss: 0.0005
26-05-17 02:46:15.938 : epoch:[198/1000], 平均loss: 0.0005
26-05-17 02:47:39.394 : epoch:[199/1000], 平均loss: 0.0005
26-05-17 02:49:00.436 : epoch:[200/1000], 平均loss: 0.0005
26-05-17 02:49:57.323 : [epoch 200 PSNR: 56.2847 Best: 56.2847]
26-05-17 02:51:12.685 : epoch:[201/1000], 平均loss: 0.0005
26-05-17 02:52:30.765 : epoch:[202/1000], 平均loss: 0.0005
26-05-17 02:53:50.645 : epoch:[203/1000], 平均loss: 0.0005
26-05-17 02:55:13.010 : epoch:[204/1000], 平均loss: 0.0005
26-05-17 02:56:32.958 : epoch:[205/1000], 平均loss: 0.0005
26-05-17 02:57:55.750 : epoch:[206/1000], 平均loss: 0.0005
26-05-17 02:59:17.485 : epoch:[207/1000], 平均loss: 0.0005
26-05-17 03:00:41.445 : epoch:[208/1000], 平均loss: 0.0005
26-05-17 03:02:04.908 : epoch:[209/1000], 平均loss: 0.0005
26-05-17 03:03:25.782 : epoch:[210/1000], 平均loss: 0.0005
26-05-17 03:04:20.939 : [epoch 210 PSNR: 56.3691 Best: 56.3691]
26-05-17 03:05:44.654 : epoch:[211/1000], 平均loss: 0.0005
26-05-17 03:07:02.215 : epoch:[212/1000], 平均loss: 0.0005
26-05-17 03:08:24.419 : epoch:[213/1000], 平均loss: 0.0005
26-05-17 03:09:47.059 : epoch:[214/1000], 平均loss: 0.0005
26-05-17 03:11:09.597 : epoch:[215/1000], 平均loss: 0.0005
26-05-17 03:12:31.903 : epoch:[216/1000], 平均loss: 0.0005
26-05-17 03:13:48.841 : epoch:[217/1000], 平均loss: 0.0005
26-05-17 03:15:12.104 : epoch:[218/1000], 平均loss: 0.0005
26-05-17 03:16:31.349 : epoch:[219/1000], 平均loss: 0.0005
26-05-17 03:17:54.066 : epoch:[220/1000], 平均loss: 0.0005
26-05-17 03:18:48.387 : [epoch 220 PSNR: 56.3935 Best: 56.3935]
26-05-17 03:20:10.127 : epoch:[221/1000], 平均loss: 0.0005
26-05-17 03:21:27.948 : epoch:[222/1000], 平均loss: 0.0005
26-05-17 03:22:49.226 : epoch:[223/1000], 平均loss: 0.0005
26-05-17 03:24:11.322 : epoch:[224/1000], 平均loss: 0.0005
26-05-17 03:25:28.952 : epoch:[225/1000], 平均loss: 0.0005
26-05-17 03:26:47.637 : epoch:[226/1000], 平均loss: 0.0005
26-05-17 03:28:08.010 : epoch:[227/1000], 平均loss: 0.0005
26-05-17 03:29:31.544 : epoch:[228/1000], 平均loss: 0.0005
26-05-17 03:30:51.574 : epoch:[229/1000], 平均loss: 0.0005
26-05-17 03:32:16.128 : epoch:[230/1000], 平均loss: 0.0005
26-05-17 03:33:10.783 : [epoch 230 PSNR: 56.3945 Best: 56.3945]
26-05-17 03:34:31.317 : epoch:[231/1000], 平均loss: 0.0005
26-05-17 03:35:50.155 : epoch:[232/1000], 平均loss: 0.0005
26-05-17 03:37:14.421 : epoch:[233/1000], 平均loss: 0.0005
26-05-17 03:38:30.660 : epoch:[234/1000], 平均loss: 0.0005
26-05-17 03:39:52.958 : epoch:[235/1000], 平均loss: 0.0005
26-05-17 03:41:13.598 : epoch:[236/1000], 平均loss: 0.0005
26-05-17 03:42:33.849 : epoch:[237/1000], 平均loss: 0.0005
26-05-17 03:43:50.796 : epoch:[238/1000], 平均loss: 0.0005
26-05-17 03:45:11.984 : epoch:[239/1000], 平均loss: 0.0005
26-05-17 03:46:28.739 : epoch:[240/1000], 平均loss: 0.0005
26-05-17 03:47:25.223 : [epoch 240 PSNR: 56.4114 Best: 56.4114]
26-05-17 03:48:45.280 : epoch:[241/1000], 平均loss: 0.0005
26-05-17 03:50:06.496 : epoch:[242/1000], 平均loss: 0.0005
26-05-17 03:51:25.843 : epoch:[243/1000], 平均loss: 0.0005
26-05-17 03:52:48.644 : epoch:[244/1000], 平均loss: 0.0005
26-05-17 03:54:09.841 : epoch:[245/1000], 平均loss: 0.0005
26-05-17 03:55:31.823 : epoch:[246/1000], 平均loss: 0.0005
26-05-17 03:56:52.032 : epoch:[247/1000], 平均loss: 0.0005
26-05-17 03:58:13.296 : epoch:[248/1000], 平均loss: 0.0005
26-05-17 03:59:34.868 : epoch:[249/1000], 平均loss: 0.0005
26-05-17 04:00:53.474 : epoch:[250/1000], 平均loss: 0.0005
26-05-17 04:01:50.164 : [epoch 250 PSNR: 56.4437 Best: 56.4437]
26-05-17 04:03:09.991 : epoch:[251/1000], 平均loss: 0.0005
26-05-17 04:04:28.205 : epoch:[252/1000], 平均loss: 0.0005
26-05-17 04:05:46.456 : epoch:[253/1000], 平均loss: 0.0005
26-05-17 04:07:10.582 : epoch:[254/1000], 平均loss: 0.0005
26-05-17 04:08:29.618 : epoch:[255/1000], 平均loss: 0.0005
26-05-17 04:09:52.135 : epoch:[256/1000], 平均loss: 0.0005
26-05-17 04:11:12.081 : epoch:[257/1000], 平均loss: 0.0005
26-05-17 04:12:35.903 : epoch:[258/1000], 平均loss: 0.0005
26-05-17 04:13:54.879 : epoch:[259/1000], 平均loss: 0.0005
26-05-17 04:15:12.788 : epoch:[260/1000], 平均loss: 0.0005
26-05-17 04:16:08.259 : [epoch 260 PSNR: 56.4315 Best: 56.4437]
26-05-17 04:17:31.652 : epoch:[261/1000], 平均loss: 0.0005
26-05-17 04:18:50.144 : epoch:[262/1000], 平均loss: 0.0005
26-05-17 04:20:10.856 : epoch:[263/1000], 平均loss: 0.0005
26-05-17 04:21:32.590 : epoch:[264/1000], 平均loss: 0.0005
26-05-17 04:22:51.457 : epoch:[265/1000], 平均loss: 0.0005
26-05-17 04:24:11.012 : epoch:[266/1000], 平均loss: 0.0005
26-05-17 04:25:28.181 : epoch:[267/1000], 平均loss: 0.0005
26-05-17 04:26:52.746 : epoch:[268/1000], 平均loss: 0.0005
26-05-17 04:28:14.371 : epoch:[269/1000], 平均loss: 0.0005
26-05-17 04:29:37.701 : epoch:[270/1000], 平均loss: 0.0005
26-05-17 04:30:32.301 : [epoch 270 PSNR: 56.4588 Best: 56.4588]
26-05-17 04:31:54.464 : epoch:[271/1000], 平均loss: 0.0005
26-05-17 04:33:13.131 : epoch:[272/1000], 平均loss: 0.0005
26-05-17 04:34:34.543 : epoch:[273/1000], 平均loss: 0.0005
26-05-17 04:35:51.315 : epoch:[274/1000], 平均loss: 0.0005
26-05-17 04:37:14.822 : epoch:[275/1000], 平均loss: 0.0005
26-05-17 04:38:34.630 : epoch:[276/1000], 平均loss: 0.0005
26-05-17 04:39:55.454 : epoch:[277/1000], 平均loss: 0.0005
26-05-17 04:41:19.809 : epoch:[278/1000], 平均loss: 0.0005
26-05-17 04:42:39.225 : epoch:[279/1000], 平均loss: 0.0005
26-05-17 04:44:03.531 : epoch:[280/1000], 平均loss: 0.0005
26-05-17 04:44:57.954 : [epoch 280 PSNR: 56.5078 Best: 56.5078]
26-05-17 04:46:17.303 : epoch:[281/1000], 平均loss: 0.0005
26-05-17 04:47:35.723 : epoch:[282/1000], 平均loss: 0.0005
26-05-17 04:48:58.341 : epoch:[283/1000], 平均loss: 0.0005
26-05-17 04:50:20.089 : epoch:[284/1000], 平均loss: 0.0005
26-05-17 04:51:42.580 : epoch:[285/1000], 平均loss: 0.0005
26-05-17 04:52:57.913 : epoch:[286/1000], 平均loss: 0.0005
26-05-17 04:54:19.567 : epoch:[287/1000], 平均loss: 0.0005
26-05-17 04:55:42.006 : epoch:[288/1000], 平均loss: 0.0005
26-05-17 04:57:05.759 : epoch:[289/1000], 平均loss: 0.0005
26-05-17 04:58:24.070 : epoch:[290/1000], 平均loss: 0.0005
26-05-17 04:59:20.794 : [epoch 290 PSNR: 56.4736 Best: 56.5078]
26-05-17 05:00:42.598 : epoch:[291/1000], 平均loss: 0.0005
26-05-17 05:02:05.169 : epoch:[292/1000], 平均loss: 0.0005
26-05-17 05:03:28.104 : epoch:[293/1000], 平均loss: 0.0005
26-05-17 05:04:49.172 : epoch:[294/1000], 平均loss: 0.0005
26-05-17 05:06:13.286 : epoch:[295/1000], 平均loss: 0.0005
26-05-17 05:07:35.031 : epoch:[296/1000], 平均loss: 0.0005
26-05-17 05:08:55.822 : epoch:[297/1000], 平均loss: 0.0005
26-05-17 05:10:15.572 : epoch:[298/1000], 平均loss: 0.0005
26-05-17 05:11:37.071 : epoch:[299/1000], 平均loss: 0.0005
26-05-17 05:12:55.272 : epoch:[300/1000], 平均loss: 0.0005
26-05-17 05:13:52.059 : [epoch 300 PSNR: 56.4793 Best: 56.5078]
26-05-17 05:15:09.985 : epoch:[301/1000], 平均loss: 0.0005
26-05-17 05:16:32.956 : epoch:[302/1000], 平均loss: 0.0005
26-05-17 05:17:51.112 : epoch:[303/1000], 平均loss: 0.0005
26-05-17 05:19:14.729 : epoch:[304/1000], 平均loss: 0.0005
26-05-17 05:20:37.815 : epoch:[305/1000], 平均loss: 0.0005
26-05-17 05:22:00.810 : epoch:[306/1000], 平均loss: 0.0005
26-05-17 05:23:19.847 : epoch:[307/1000], 平均loss: 0.0005
26-05-17 05:24:41.710 : epoch:[308/1000], 平均loss: 0.0005
26-05-17 05:26:06.467 : epoch:[309/1000], 平均loss: 0.0005
26-05-17 05:27:28.183 : epoch:[310/1000], 平均loss: 0.0005
26-05-17 05:28:24.741 : [epoch 310 PSNR: 56.4957 Best: 56.5078]
26-05-17 05:29:46.440 : epoch:[311/1000], 平均loss: 0.0005
26-05-17 05:31:03.758 : epoch:[312/1000], 平均loss: 0.0005
26-05-17 05:32:25.309 : epoch:[313/1000], 平均loss: 0.0005
26-05-17 05:33:47.925 : epoch:[314/1000], 平均loss: 0.0005
26-05-17 05:35:07.600 : epoch:[315/1000], 平均loss: 0.0005
26-05-17 05:36:30.491 : epoch:[316/1000], 平均loss: 0.0005
26-05-17 05:37:43.679 : epoch:[317/1000], 平均loss: 0.0005
26-05-17 05:39:05.871 : epoch:[318/1000], 平均loss: 0.0005
26-05-17 05:40:26.495 : epoch:[319/1000], 平均loss: 0.0005
26-05-17 05:41:49.009 : epoch:[320/1000], 平均loss: 0.0005
26-05-17 05:42:44.320 : [epoch 320 PSNR: 56.5198 Best: 56.5198]
26-05-17 05:44:06.231 : epoch:[321/1000], 平均loss: 0.0005
26-05-17 05:45:26.286 : epoch:[322/1000], 平均loss: 0.0005
26-05-17 05:46:47.840 : epoch:[323/1000], 平均loss: 0.0005
26-05-17 05:48:04.162 : epoch:[324/1000], 平均loss: 0.0005
26-05-17 05:49:23.919 : epoch:[325/1000], 平均loss: 0.0005
26-05-17 05:50:46.854 : epoch:[326/1000], 平均loss: 0.0005
26-05-17 05:52:06.268 : epoch:[327/1000], 平均loss: 0.0005
26-05-17 05:53:28.740 : epoch:[328/1000], 平均loss: 0.0005
26-05-17 05:54:50.261 : epoch:[329/1000], 平均loss: 0.0005
26-05-17 05:56:14.685 : epoch:[330/1000], 平均loss: 0.0005
26-05-17 05:57:09.134 : [epoch 330 PSNR: 56.5172 Best: 56.5198]
26-05-17 05:58:31.546 : epoch:[331/1000], 平均loss: 0.0005
26-05-17 05:59:49.974 : epoch:[332/1000], 平均loss: 0.0005
26-05-17 06:01:12.412 : epoch:[333/1000], 平均loss: 0.0005
26-05-17 06:02:33.754 : epoch:[334/1000], 平均loss: 0.0005
26-05-17 06:03:57.374 : epoch:[335/1000], 平均loss: 0.0005
26-05-17 06:05:18.822 : epoch:[336/1000], 平均loss: 0.0005
26-05-17 06:06:39.725 : epoch:[337/1000], 平均loss: 0.0005
26-05-17 06:08:03.502 : epoch:[338/1000], 平均loss: 0.0005
26-05-17 06:09:24.046 : epoch:[339/1000], 平均loss: 0.0005
26-05-17 06:10:48.847 : epoch:[340/1000], 平均loss: 0.0005
26-05-17 06:11:43.661 : [epoch 340 PSNR: 56.5139 Best: 56.5198]
26-05-17 06:13:03.892 : epoch:[341/1000], 平均loss: 0.0005
26-05-17 06:14:19.922 : epoch:[342/1000], 平均loss: 0.0005
26-05-17 06:15:42.014 : epoch:[343/1000], 平均loss: 0.0005
26-05-17 06:17:02.974 : epoch:[344/1000], 平均loss: 0.0005
26-05-17 06:18:25.003 : epoch:[345/1000], 平均loss: 0.0005
26-05-17 06:19:43.332 : epoch:[346/1000], 平均loss: 0.0005
26-05-17 06:21:04.151 : epoch:[347/1000], 平均loss: 0.0005
26-05-17 06:22:25.282 : epoch:[348/1000], 平均loss: 0.0005
26-05-17 06:23:49.547 : epoch:[349/1000], 平均loss: 0.0005
26-05-17 06:25:12.511 : epoch:[350/1000], 平均loss: 0.0005
26-05-17 06:26:08.000 : [epoch 350 PSNR: 56.5086 Best: 56.5198]
26-05-17 06:27:28.781 : epoch:[351/1000], 平均loss: 0.0005
26-05-17 06:28:52.262 : epoch:[352/1000], 平均loss: 0.0005
26-05-17 06:30:15.300 : epoch:[353/1000], 平均loss: 0.0005
26-05-17 06:31:35.146 : epoch:[354/1000], 平均loss: 0.0005
26-05-17 06:32:58.176 : epoch:[355/1000], 平均loss: 0.0005
26-05-17 06:34:19.957 : epoch:[356/1000], 平均loss: 0.0005
26-05-17 06:35:43.791 : epoch:[357/1000], 平均loss: 0.0005
26-05-17 06:37:03.095 : epoch:[358/1000], 平均loss: 0.0005
26-05-17 06:38:25.748 : epoch:[359/1000], 平均loss: 0.0005
26-05-17 06:39:48.078 : epoch:[360/1000], 平均loss: 0.0005
26-05-17 06:40:44.816 : [epoch 360 PSNR: 56.5188 Best: 56.5198]
26-05-17 06:41:59.291 : epoch:[361/1000], 平均loss: 0.0005
26-05-17 06:43:13.492 : epoch:[362/1000], 平均loss: 0.0005
26-05-17 06:44:28.665 : epoch:[363/1000], 平均loss: 0.0005
26-05-17 06:45:52.852 : epoch:[364/1000], 平均loss: 0.0005
26-05-17 06:47:14.968 : epoch:[365/1000], 平均loss: 0.0005
26-05-17 06:48:36.039 : epoch:[366/1000], 平均loss: 0.0005
26-05-17 06:49:55.649 : epoch:[367/1000], 平均loss: 0.0005
26-05-17 06:51:16.878 : epoch:[368/1000], 平均loss: 0.0005
26-05-17 06:52:39.861 : epoch:[369/1000], 平均loss: 0.0005
26-05-17 06:53:59.811 : epoch:[370/1000], 平均loss: 0.0005
26-05-17 06:54:56.034 : [epoch 370 PSNR: 56.5293 Best: 56.5293]
26-05-17 06:56:19.276 : epoch:[371/1000], 平均loss: 0.0005
26-05-17 06:57:42.050 : epoch:[372/1000], 平均loss: 0.0004
26-05-17 06:59:01.144 : epoch:[373/1000], 平均loss: 0.0005
26-05-17 07:00:19.757 : epoch:[374/1000], 平均loss: 0.0005
26-05-17 07:01:37.688 : epoch:[375/1000], 平均loss: 0.0005
26-05-17 07:02:59.439 : epoch:[376/1000], 平均loss: 0.0005
26-05-17 07:04:17.808 : epoch:[377/1000], 平均loss: 0.0005
26-05-17 07:05:41.705 : epoch:[378/1000], 平均loss: 0.0005
26-05-17 07:07:04.069 : epoch:[379/1000], 平均loss: 0.0005
26-05-17 07:08:22.480 : epoch:[380/1000], 平均loss: 0.0005
26-05-17 07:09:17.341 : [epoch 380 PSNR: 56.5082 Best: 56.5293]
26-05-17 07:10:38.762 : epoch:[381/1000], 平均loss: 0.0005
26-05-17 07:11:58.515 : epoch:[382/1000], 平均loss: 0.0005
26-05-17 07:13:17.369 : epoch:[383/1000], 平均loss: 0.0005
26-05-17 07:14:39.201 : epoch:[384/1000], 平均loss: 0.0005
26-05-17 07:16:00.216 : epoch:[385/1000], 平均loss: 0.0005
26-05-17 07:17:22.595 : epoch:[386/1000], 平均loss: 0.0005
26-05-17 07:18:44.279 : epoch:[387/1000], 平均loss: 0.0005
26-05-17 07:20:07.200 : epoch:[388/1000], 平均loss: 0.0005
26-05-17 07:21:26.249 : epoch:[389/1000], 平均loss: 0.0005
26-05-17 07:22:46.281 : epoch:[390/1000], 平均loss: 0.0005
26-05-17 07:23:40.968 : [epoch 390 PSNR: 56.5249 Best: 56.5293]
26-05-17 07:24:58.006 : epoch:[391/1000], 平均loss: 0.0005
26-05-17 07:26:16.929 : epoch:[392/1000], 平均loss: 0.0005
26-05-17 07:27:40.062 : epoch:[393/1000], 平均loss: 0.0005
26-05-17 07:28:58.973 : epoch:[394/1000], 平均loss: 0.0005
26-05-17 07:30:20.502 : epoch:[395/1000], 平均loss: 0.0005
26-05-17 07:31:42.114 : epoch:[396/1000], 平均loss: 0.0005
26-05-17 07:33:03.815 : epoch:[397/1000], 平均loss: 0.0005
26-05-17 07:34:27.211 : epoch:[398/1000], 平均loss: 0.0005
26-05-17 07:35:49.545 : epoch:[399/1000], 平均loss: 0.0005
26-05-17 07:37:12.998 : epoch:[400/1000], 平均loss: 0.0005
26-05-17 07:38:07.613 : [epoch 400 PSNR: 56.5343 Best: 56.5343]
26-05-17 07:39:26.456 : epoch:[401/1000], 平均loss: 0.0005
26-05-17 07:40:47.911 : epoch:[402/1000], 平均loss: 0.0005
26-05-17 07:42:06.250 : epoch:[403/1000], 平均loss: 0.0005
26-05-17 07:43:25.300 : epoch:[404/1000], 平均loss: 0.0005
26-05-17 07:44:49.312 : epoch:[405/1000], 平均loss: 0.0005
26-05-17 07:46:10.656 : epoch:[406/1000], 平均loss: 0.0005
26-05-17 07:47:32.998 : epoch:[407/1000], 平均loss: 0.0005
26-05-17 07:48:49.028 : epoch:[408/1000], 平均loss: 0.0005
26-05-17 07:50:12.604 : epoch:[409/1000], 平均loss: 0.0005
26-05-17 07:51:34.478 : epoch:[410/1000], 平均loss: 0.0005
26-05-17 07:52:30.954 : [epoch 410 PSNR: 56.5383 Best: 56.5383]
26-05-17 07:53:49.406 : epoch:[411/1000], 平均loss: 0.0005
26-05-17 07:55:12.335 : epoch:[412/1000], 平均loss: 0.0005
26-05-17 07:56:27.509 : epoch:[413/1000], 平均loss: 0.0005
26-05-17 07:57:50.458 : epoch:[414/1000], 平均loss: 0.0005
26-05-17 07:59:09.159 : epoch:[415/1000], 平均loss: 0.0005
26-05-17 08:00:28.837 : epoch:[416/1000], 平均loss: 0.0005
26-05-17 08:01:50.471 : epoch:[417/1000], 平均loss: 0.0005
26-05-17 08:03:10.631 : epoch:[418/1000], 平均loss: 0.0005
26-05-17 08:04:29.748 : epoch:[419/1000], 平均loss: 0.0005
26-05-17 08:05:50.596 : epoch:[420/1000], 平均loss: 0.0004
26-05-17 08:06:47.267 : [epoch 420 PSNR: 56.5343 Best: 56.5383]
26-05-17 08:08:07.430 : epoch:[421/1000], 平均loss: 0.0005
26-05-17 08:09:29.718 : epoch:[422/1000], 平均loss: 0.0005
26-05-17 08:10:47.742 : epoch:[423/1000], 平均loss: 0.0005
26-05-17 08:12:09.957 : epoch:[424/1000], 平均loss: 0.0005
26-05-17 08:13:28.785 : epoch:[425/1000], 平均loss: 0.0005
26-05-17 08:14:50.923 : epoch:[426/1000], 平均loss: 0.0005
26-05-17 08:16:13.287 : epoch:[427/1000], 平均loss: 0.0005
26-05-17 08:17:36.255 : epoch:[428/1000], 平均loss: 0.0005
26-05-17 08:18:59.033 : epoch:[429/1000], 平均loss: 0.0005
26-05-17 08:20:20.919 : epoch:[430/1000], 平均loss: 0.0005
26-05-17 08:21:16.750 : [epoch 430 PSNR: 56.5336 Best: 56.5383]
26-05-17 08:22:35.205 : epoch:[431/1000], 平均loss: 0.0005
26-05-17 08:23:58.288 : epoch:[432/1000], 平均loss: 0.0005
26-05-17 08:25:19.951 : epoch:[433/1000], 平均loss: 0.0005
26-05-17 08:26:40.094 : epoch:[434/1000], 平均loss: 0.0005
26-05-17 08:28:01.274 : epoch:[435/1000], 平均loss: 0.0005
26-05-17 08:29:25.808 : epoch:[436/1000], 平均loss: 0.0005
26-05-17 08:30:45.231 : epoch:[437/1000], 平均loss: 0.0005
26-05-17 08:32:04.719 : epoch:[438/1000], 平均loss: 0.0005
26-05-17 08:33:24.716 : epoch:[439/1000], 平均loss: 0.0005
26-05-17 08:34:47.941 : epoch:[440/1000], 平均loss: 0.0005
26-05-17 08:35:42.527 : [epoch 440 PSNR: 56.5495 Best: 56.5495]
26-05-17 08:37:03.481 : epoch:[441/1000], 平均loss: 0.0005
26-05-17 08:38:21.856 : epoch:[442/1000], 平均loss: 0.0005
26-05-17 08:39:40.161 : epoch:[443/1000], 平均loss: 0.0005
26-05-17 08:40:59.333 : epoch:[444/1000], 平均loss: 0.0005
26-05-17 08:42:21.087 : epoch:[445/1000], 平均loss: 0.0005
26-05-17 08:43:38.103 : epoch:[446/1000], 平均loss: 0.0005
26-05-17 08:44:58.100 : epoch:[447/1000], 平均loss: 0.0005
26-05-17 08:46:17.702 : epoch:[448/1000], 平均loss: 0.0005
26-05-17 08:47:40.659 : epoch:[449/1000], 平均loss: 0.0005
26-05-17 08:49:01.071 : epoch:[450/1000], 平均loss: 0.0005
26-05-17 08:49:55.567 : [epoch 450 PSNR: 56.5404 Best: 56.5495]
26-05-17 08:51:19.353 : epoch:[451/1000], 平均loss: 0.0005
26-05-17 08:52:39.951 : epoch:[452/1000], 平均loss: 0.0005
26-05-17 08:54:00.248 : epoch:[453/1000], 平均loss: 0.0005
26-05-17 08:55:20.889 : epoch:[454/1000], 平均loss: 0.0005
26-05-17 08:56:44.860 : epoch:[455/1000], 平均loss: 0.0005
26-05-17 08:58:02.791 : epoch:[456/1000], 平均loss: 0.0005
26-05-17 08:59:26.944 : epoch:[457/1000], 平均loss: 0.0005
26-05-17 09:00:49.624 : epoch:[458/1000], 平均loss: 0.0005
26-05-17 09:02:13.034 : epoch:[459/1000], 平均loss: 0.0005
26-05-17 09:03:29.433 : epoch:[460/1000], 平均loss: 0.0005
26-05-17 09:04:25.739 : [epoch 460 PSNR: 56.5436 Best: 56.5495]
26-05-17 09:05:37.766 : epoch:[461/1000], 平均loss: 0.0005
26-05-17 09:06:59.204 : epoch:[462/1000], 平均loss: 0.0005
26-05-17 09:08:13.459 : epoch:[463/1000], 平均loss: 0.0005
26-05-17 09:09:33.095 : epoch:[464/1000], 平均loss: 0.0005
26-05-17 09:10:52.232 : epoch:[465/1000], 平均loss: 0.0005
26-05-17 09:12:16.030 : epoch:[466/1000], 平均loss: 0.0005
26-05-17 09:13:37.162 : epoch:[467/1000], 平均loss: 0.0005
26-05-17 09:14:57.607 : epoch:[468/1000], 平均loss: 0.0005
26-05-17 09:16:20.445 : epoch:[469/1000], 平均loss: 0.0005
26-05-17 09:17:40.902 : epoch:[470/1000], 平均loss: 0.0005
26-05-17 09:18:36.067 : [epoch 470 PSNR: 56.5518 Best: 56.5518]
26-05-17 09:19:58.500 : epoch:[471/1000], 平均loss: 0.0005
26-05-17 09:21:18.203 : epoch:[472/1000], 平均loss: 0.0005
26-05-17 09:22:38.067 : epoch:[473/1000], 平均loss: 0.0005
26-05-17 09:24:01.985 : epoch:[474/1000], 平均loss: 0.0005
26-05-17 09:25:20.275 : epoch:[475/1000], 平均loss: 0.0005
26-05-17 09:26:40.270 : epoch:[476/1000], 平均loss: 0.0005
26-05-17 09:27:58.549 : epoch:[477/1000], 平均loss: 0.0005
26-05-17 09:29:18.413 : epoch:[478/1000], 平均loss: 0.0005
26-05-17 09:30:38.035 : epoch:[479/1000], 平均loss: 0.0005
26-05-17 09:32:02.568 : epoch:[480/1000], 平均loss: 0.0005
26-05-17 09:32:57.754 : [epoch 480 PSNR: 56.5520 Best: 56.5520]
26-05-17 09:34:20.738 : epoch:[481/1000], 平均loss: 0.0005
26-05-17 09:35:41.953 : epoch:[482/1000], 平均loss: 0.0005
26-05-17 09:37:04.801 : epoch:[483/1000], 平均loss: 0.0005
26-05-17 09:38:23.645 : epoch:[484/1000], 平均loss: 0.0005
26-05-17 09:39:45.848 : epoch:[485/1000], 平均loss: 0.0005
26-05-17 09:41:04.872 : epoch:[486/1000], 平均loss: 0.0005
26-05-17 09:42:28.946 : epoch:[487/1000], 平均loss: 0.0005
26-05-17 09:43:50.384 : epoch:[488/1000], 平均loss: 0.0005
26-05-17 09:45:10.418 : epoch:[489/1000], 平均loss: 0.0005
26-05-17 09:46:35.013 : epoch:[490/1000], 平均loss: 0.0005
26-05-17 09:47:30.320 : [epoch 490 PSNR: 56.5427 Best: 56.5520]
26-05-17 09:48:51.532 : epoch:[491/1000], 平均loss: 0.0005
26-05-17 09:50:13.106 : epoch:[492/1000], 平均loss: 0.0005
26-05-17 09:51:34.765 : epoch:[493/1000], 平均loss: 0.0005
26-05-17 09:52:50.972 : epoch:[494/1000], 平均loss: 0.0005
26-05-17 09:54:13.613 : epoch:[495/1000], 平均loss: 0.0005
26-05-17 09:55:35.749 : epoch:[496/1000], 平均loss: 0.0005
26-05-17 09:56:59.411 : epoch:[497/1000], 平均loss: 0.0005
26-05-17 09:58:21.344 : epoch:[498/1000], 平均loss: 0.0005
26-05-17 09:59:42.375 : epoch:[499/1000], 平均loss: 0.0005
26-05-17 10:01:04.207 : epoch:[500/1000], 平均loss: 0.0005
26-05-17 10:02:00.961 : [epoch 500 PSNR: 56.5549 Best: 56.5549]
26-05-17 10:03:19.156 : epoch:[501/1000], 平均loss: 0.0005
26-05-17 10:04:42.139 : epoch:[502/1000], 平均loss: 0.0005
26-05-17 10:06:03.190 : epoch:[503/1000], 平均loss: 0.0005
26-05-17 10:07:21.597 : epoch:[504/1000], 平均loss: 0.0005
26-05-17 10:08:43.684 : epoch:[505/1000], 平均loss: 0.0005
26-05-17 10:10:02.823 : epoch:[506/1000], 平均loss: 0.0005
26-05-17 10:11:24.237 : epoch:[507/1000], 平均loss: 0.0005
26-05-17 10:12:45.550 : epoch:[508/1000], 平均loss: 0.0005
26-05-17 10:14:07.717 : epoch:[509/1000], 平均loss: 0.0005
26-05-17 10:15:28.400 : epoch:[510/1000], 平均loss: 0.0005
26-05-17 10:16:24.116 : [epoch 510 PSNR: 56.5597 Best: 56.5597]
26-05-17 10:17:43.610 : epoch:[511/1000], 平均loss: 0.0005
26-05-17 10:19:07.612 : epoch:[512/1000], 平均loss: 0.0005
26-05-17 10:20:30.764 : epoch:[513/1000], 平均loss: 0.0005
26-05-17 10:21:52.291 : epoch:[514/1000], 平均loss: 0.0005
26-05-17 10:23:13.655 : epoch:[515/1000], 平均loss: 0.0005
26-05-17 10:24:30.499 : epoch:[516/1000], 平均loss: 0.0005
26-05-17 10:25:53.206 : epoch:[517/1000], 平均loss: 0.0005
26-05-17 10:27:13.948 : epoch:[518/1000], 平均loss: 0.0005
26-05-17 10:28:34.910 : epoch:[519/1000], 平均loss: 0.0005
26-05-17 10:29:54.970 : epoch:[520/1000], 平均loss: 0.0005
26-05-17 10:30:52.042 : [epoch 520 PSNR: 56.5625 Best: 56.5625]
26-05-17 10:32:11.890 : epoch:[521/1000], 平均loss: 0.0005
26-05-17 10:33:33.831 : epoch:[522/1000], 平均loss: 0.0005
26-05-17 10:34:55.531 : epoch:[523/1000], 平均loss: 0.0005
26-05-17 10:36:16.977 : epoch:[524/1000], 平均loss: 0.0005
26-05-17 10:37:39.178 : epoch:[525/1000], 平均loss: 0.0005
26-05-17 10:38:57.039 : epoch:[526/1000], 平均loss: 0.0005
26-05-17 10:40:20.854 : epoch:[527/1000], 平均loss: 0.0005
26-05-17 10:41:41.720 : epoch:[528/1000], 平均loss: 0.0005
26-05-17 10:43:04.741 : epoch:[529/1000], 平均loss: 0.0005
26-05-17 10:44:24.208 : epoch:[530/1000], 平均loss: 0.0005
26-05-17 10:45:21.156 : [epoch 530 PSNR: 56.5657 Best: 56.5657]
26-05-17 10:46:41.897 : epoch:[531/1000], 平均loss: 0.0005
26-05-17 10:48:04.115 : epoch:[532/1000], 平均loss: 0.0005
26-05-17 10:49:24.098 : epoch:[533/1000], 平均loss: 0.0005
26-05-17 10:50:46.220 : epoch:[534/1000], 平均loss: 0.0005
26-05-17 10:52:10.175 : epoch:[535/1000], 平均loss: 0.0005
26-05-17 10:53:32.899 : epoch:[536/1000], 平均loss: 0.0005
26-05-17 10:54:55.312 : epoch:[537/1000], 平均loss: 0.0005
26-05-17 10:56:14.147 : epoch:[538/1000], 平均loss: 0.0005
26-05-17 10:57:31.241 : epoch:[539/1000], 平均loss: 0.0005
26-05-17 10:58:47.948 : epoch:[540/1000], 平均loss: 0.0004
26-05-17 10:59:45.838 : [epoch 540 PSNR: 56.5640 Best: 56.5657]
26-05-17 11:01:04.905 : epoch:[541/1000], 平均loss: 0.0005
26-05-17 11:02:21.418 : epoch:[542/1000], 平均loss: 0.0005
26-05-17 11:03:40.325 : epoch:[543/1000], 平均loss: 0.0005
26-05-17 11:04:57.913 : epoch:[544/1000], 平均loss: 0.0005
26-05-17 11:06:18.788 : epoch:[545/1000], 平均loss: 0.0004
26-05-17 11:07:38.040 : epoch:[546/1000], 平均loss: 0.0004
26-05-17 11:08:56.420 : epoch:[547/1000], 平均loss: 0.0005
26-05-17 11:10:16.592 : epoch:[548/1000], 平均loss: 0.0005
26-05-17 11:11:38.517 : epoch:[549/1000], 平均loss: 0.0005
26-05-17 11:12:58.770 : epoch:[550/1000], 平均loss: 0.0005
26-05-17 11:13:55.027 : [epoch 550 PSNR: 56.5742 Best: 56.5742]
26-05-17 11:15:17.593 : epoch:[551/1000], 平均loss: 0.0005
26-05-17 11:16:39.671 : epoch:[552/1000], 平均loss: 0.0005
26-05-17 11:17:59.525 : epoch:[553/1000], 平均loss: 0.0005
26-05-17 11:19:21.336 : epoch:[554/1000], 平均loss: 0.0005
26-05-17 11:20:40.099 : epoch:[555/1000], 平均loss: 0.0005
26-05-17 11:22:03.722 : epoch:[556/1000], 平均loss: 0.0005
26-05-17 11:23:27.793 : epoch:[557/1000], 平均loss: 0.0005
26-05-17 11:24:47.342 : epoch:[558/1000], 平均loss: 0.0005
26-05-17 11:26:05.990 : epoch:[559/1000], 平均loss: 0.0005
26-05-17 11:27:26.515 : epoch:[560/1000], 平均loss: 0.0005
26-05-17 11:28:23.380 : [epoch 560 PSNR: 56.5731 Best: 56.5742]
26-05-17 11:29:41.923 : epoch:[561/1000], 平均loss: 0.0005
26-05-17 11:31:06.633 : epoch:[562/1000], 平均loss: 0.0005
26-05-17 11:32:25.270 : epoch:[563/1000], 平均loss: 0.0005
26-05-17 11:33:48.722 : epoch:[564/1000], 平均loss: 0.0005
26-05-17 11:35:08.714 : epoch:[565/1000], 平均loss: 0.0005
26-05-17 11:36:31.676 : epoch:[566/1000], 平均loss: 0.0005
26-05-17 11:37:51.996 : epoch:[567/1000], 平均loss: 0.0004
26-05-17 11:39:16.290 : epoch:[568/1000], 平均loss: 0.0005
26-05-17 11:40:38.987 : epoch:[569/1000], 平均loss: 0.0005
26-05-17 11:41:59.243 : epoch:[570/1000], 平均loss: 0.0005
26-05-17 11:42:55.793 : [epoch 570 PSNR: 56.5691 Best: 56.5742]
26-05-17 11:44:17.962 : epoch:[571/1000], 平均loss: 0.0005
26-05-17 11:45:40.207 : epoch:[572/1000], 平均loss: 0.0005
26-05-17 11:47:03.261 : epoch:[573/1000], 平均loss: 0.0005
26-05-17 11:48:26.498 : epoch:[574/1000], 平均loss: 0.0005
26-05-17 11:49:47.247 : epoch:[575/1000], 平均loss: 0.0005
26-05-17 11:51:09.653 : epoch:[576/1000], 平均loss: 0.0005
26-05-17 11:52:31.917 : epoch:[577/1000], 平均loss: 0.0005
26-05-17 11:53:54.215 : epoch:[578/1000], 平均loss: 0.0005
26-05-17 11:55:15.860 : epoch:[579/1000], 平均loss: 0.0005
26-05-17 11:56:36.449 : epoch:[580/1000], 平均loss: 0.0005
26-05-17 11:57:33.885 : [epoch 580 PSNR: 56.5799 Best: 56.5799]
26-05-17 11:58:53.991 : epoch:[581/1000], 平均loss: 0.0005
26-05-17 12:00:13.127 : epoch:[582/1000], 平均loss: 0.0005
26-05-17 12:01:29.958 : epoch:[583/1000], 平均loss: 0.0005
26-05-17 12:02:52.888 : epoch:[584/1000], 平均loss: 0.0004
26-05-17 12:04:15.123 : epoch:[585/1000], 平均loss: 0.0005
26-05-17 12:05:40.472 : epoch:[586/1000], 平均loss: 0.0005
26-05-17 12:06:59.638 : epoch:[587/1000], 平均loss: 0.0005
26-05-17 12:08:21.644 : epoch:[588/1000], 平均loss: 0.0005
26-05-17 12:09:45.495 : epoch:[589/1000], 平均loss: 0.0005
26-05-17 12:11:08.634 : epoch:[590/1000], 平均loss: 0.0005
26-05-17 12:12:06.022 : [epoch 590 PSNR: 56.5894 Best: 56.5894]
26-05-17 12:13:25.184 : epoch:[591/1000], 平均loss: 0.0005
26-05-17 12:14:49.523 : epoch:[592/1000], 平均loss: 0.0005
26-05-17 12:16:06.346 : epoch:[593/1000], 平均loss: 0.0005
26-05-17 12:17:28.676 : epoch:[594/1000], 平均loss: 0.0005
26-05-17 12:18:46.134 : epoch:[595/1000], 平均loss: 0.0005
26-05-17 12:20:08.989 : epoch:[596/1000], 平均loss: 0.0005
26-05-17 12:21:29.438 : epoch:[597/1000], 平均loss: 0.0005
26-05-17 12:22:49.536 : epoch:[598/1000], 平均loss: 0.0005
26-05-17 12:24:11.262 : epoch:[599/1000], 平均loss: 0.0005
26-05-17 12:25:33.560 : epoch:[600/1000], 平均loss: 0.0005
26-05-17 12:26:30.588 : [epoch 600 PSNR: 56.5854 Best: 56.5894]
26-05-17 12:27:53.203 : epoch:[601/1000], 平均loss: 0.0004
26-05-17 12:29:12.300 : epoch:[602/1000], 平均loss: 0.0004
26-05-17 12:30:36.563 : epoch:[603/1000], 平均loss: 0.0005
26-05-17 12:31:58.265 : epoch:[604/1000], 平均loss: 0.0005
26-05-17 12:33:19.274 : epoch:[605/1000], 平均loss: 0.0005
26-05-17 12:34:45.179 : epoch:[606/1000], 平均loss: 0.0005
26-05-17 12:36:05.810 : epoch:[607/1000], 平均loss: 0.0005
26-05-17 12:37:29.833 : epoch:[608/1000], 平均loss: 0.0005
26-05-17 12:38:49.221 : epoch:[609/1000], 平均loss: 0.0005
26-05-17 12:40:14.679 : epoch:[610/1000], 平均loss: 0.0005
26-05-17 12:41:13.815 : [epoch 610 PSNR: 56.5897 Best: 56.5897]
26-05-17 12:42:38.420 : epoch:[611/1000], 平均loss: 0.0005
26-05-17 12:44:04.719 : epoch:[612/1000], 平均loss: 0.0005
26-05-17 12:45:27.394 : epoch:[613/1000], 平均loss: 0.0005
26-05-17 12:46:51.506 : epoch:[614/1000], 平均loss: 0.0005
26-05-17 12:48:15.023 : epoch:[615/1000], 平均loss: 0.0005
26-05-17 12:49:39.317 : epoch:[616/1000], 平均loss: 0.0005
26-05-17 12:51:01.740 : epoch:[617/1000], 平均loss: 0.0005
26-05-17 12:52:27.562 : epoch:[618/1000], 平均loss: 0.0005
26-05-17 12:53:50.880 : epoch:[619/1000], 平均loss: 0.0005
26-05-17 12:55:10.046 : epoch:[620/1000], 平均loss: 0.0005
26-05-17 12:56:06.931 : [epoch 620 PSNR: 56.5981 Best: 56.5981]
26-05-17 12:57:22.549 : epoch:[621/1000], 平均loss: 0.0005
26-05-17 12:58:43.411 : epoch:[622/1000], 平均loss: 0.0005
26-05-17 13:00:02.027 : epoch:[623/1000], 平均loss: 0.0005
26-05-17 13:01:23.833 : epoch:[624/1000], 平均loss: 0.0005
26-05-17 13:02:43.259 : epoch:[625/1000], 平均loss: 0.0005
26-05-17 13:04:07.110 : epoch:[626/1000], 平均loss: 0.0005
26-05-17 13:05:30.251 : epoch:[627/1000], 平均loss: 0.0005
26-05-17 13:06:48.842 : epoch:[628/1000], 平均loss: 0.0004
26-05-17 13:08:11.521 : epoch:[629/1000], 平均loss: 0.0005
26-05-17 13:09:30.714 : epoch:[630/1000], 平均loss: 0.0005
26-05-17 13:10:27.070 : [epoch 630 PSNR: 56.5962 Best: 56.5981]
26-05-17 13:11:47.618 : epoch:[631/1000], 平均loss: 0.0004
26-05-17 13:13:08.447 : epoch:[632/1000], 平均loss: 0.0005
26-05-17 13:14:27.698 : epoch:[633/1000], 平均loss: 0.0005
26-05-17 13:15:50.194 : epoch:[634/1000], 平均loss: 0.0004
26-05-17 13:17:14.898 : epoch:[635/1000], 平均loss: 0.0005
26-05-17 13:18:38.396 : epoch:[636/1000], 平均loss: 0.0005
26-05-17 13:19:55.689 : epoch:[637/1000], 平均loss: 0.0005
26-05-17 13:21:16.365 : epoch:[638/1000], 平均loss: 0.0005
26-05-17 13:22:38.232 : epoch:[639/1000], 平均loss: 0.0005
26-05-17 13:24:02.269 : epoch:[640/1000], 平均loss: 0.0004
26-05-17 13:24:58.230 : [epoch 640 PSNR: 56.6021 Best: 56.6021]
26-05-17 13:26:20.720 : epoch:[641/1000], 平均loss: 0.0005
26-05-17 13:27:41.729 : epoch:[642/1000], 平均loss: 0.0005
26-05-17 13:29:04.862 : epoch:[643/1000], 平均loss: 0.0005
26-05-17 13:30:27.889 : epoch:[644/1000], 平均loss: 0.0004
26-05-17 13:31:46.475 : epoch:[645/1000], 平均loss: 0.0005
26-05-17 13:33:08.854 : epoch:[646/1000], 平均loss: 0.0005
26-05-17 13:34:31.127 : epoch:[647/1000], 平均loss: 0.0005
26-05-17 13:35:54.487 : epoch:[648/1000], 平均loss: 0.0005
26-05-17 13:37:13.475 : epoch:[649/1000], 平均loss: 0.0005
26-05-17 13:38:36.757 : epoch:[650/1000], 平均loss: 0.0005
26-05-17 13:39:32.761 : [epoch 650 PSNR: 56.5995 Best: 56.6021]
26-05-17 13:40:53.452 : epoch:[651/1000], 平均loss: 0.0004
26-05-17 13:42:12.399 : epoch:[652/1000], 平均loss: 0.0005
26-05-17 13:43:34.650 : epoch:[653/1000], 平均loss: 0.0005
26-05-17 13:44:52.275 : epoch:[654/1000], 平均loss: 0.0005
26-05-17 13:46:09.320 : epoch:[655/1000], 平均loss: 0.0005
26-05-17 13:47:30.238 : epoch:[656/1000], 平均loss: 0.0005
26-05-17 13:48:49.362 : epoch:[657/1000], 平均loss: 0.0005
26-05-17 13:50:11.706 : epoch:[658/1000], 平均loss: 0.0005
26-05-17 13:51:32.893 : epoch:[659/1000], 平均loss: 0.0005
26-05-17 13:52:55.051 : epoch:[660/1000], 平均loss: 0.0005
26-05-17 13:53:50.822 : [epoch 660 PSNR: 56.6120 Best: 56.6120]
26-05-17 13:55:14.212 : epoch:[661/1000], 平均loss: 0.0005
26-05-17 13:56:31.523 : epoch:[662/1000], 平均loss: 0.0005
26-05-17 13:57:52.073 : epoch:[663/1000], 平均loss: 0.0005
26-05-17 13:59:10.717 : epoch:[664/1000], 平均loss: 0.0004
26-05-17 14:00:33.070 : epoch:[665/1000], 平均loss: 0.0005
26-05-17 14:01:52.477 : epoch:[666/1000], 平均loss: 0.0005
26-05-17 14:03:17.336 : epoch:[667/1000], 平均loss: 0.0005
26-05-17 14:04:37.540 : epoch:[668/1000], 平均loss: 0.0005
26-05-17 14:06:01.819 : epoch:[669/1000], 平均loss: 0.0005
26-05-17 14:07:24.155 : epoch:[670/1000], 平均loss: 0.0005
26-05-17 14:08:20.552 : [epoch 670 PSNR: 56.6105 Best: 56.6120]
26-05-17 14:09:41.092 : epoch:[671/1000], 平均loss: 0.0005
26-05-17 14:11:02.337 : epoch:[672/1000], 平均loss: 0.0005
26-05-17 14:12:22.982 : epoch:[673/1000], 平均loss: 0.0005
26-05-17 14:13:44.553 : epoch:[674/1000], 平均loss: 0.0004
26-05-17 14:15:05.681 : epoch:[675/1000], 平均loss: 0.0005
26-05-17 14:16:26.290 : epoch:[676/1000], 平均loss: 0.0005
26-05-17 14:17:49.852 : epoch:[677/1000], 平均loss: 0.0005
26-05-17 14:19:09.521 : epoch:[678/1000], 平均loss: 0.0004
26-05-17 14:20:33.948 : epoch:[679/1000], 平均loss: 0.0005
26-05-17 14:21:55.420 : epoch:[680/1000], 平均loss: 0.0005
26-05-17 14:22:52.096 : [epoch 680 PSNR: 56.6114 Best: 56.6120]
26-05-17 14:24:12.167 : epoch:[681/1000], 平均loss: 0.0005
26-05-17 14:25:35.401 : epoch:[682/1000], 平均loss: 0.0004
26-05-17 14:26:55.126 : epoch:[683/1000], 平均loss: 0.0005
26-05-17 14:28:18.226 : epoch:[684/1000], 平均loss: 0.0004
26-05-17 14:29:38.550 : epoch:[685/1000], 平均loss: 0.0004
26-05-17 14:31:00.072 : epoch:[686/1000], 平均loss: 0.0005
26-05-17 14:32:24.370 : epoch:[687/1000], 平均loss: 0.0005
26-05-17 14:33:45.136 : epoch:[688/1000], 平均loss: 0.0004
26-05-17 14:35:10.081 : epoch:[689/1000], 平均loss: 0.0005
26-05-17 14:36:32.747 : epoch:[690/1000], 平均loss: 0.0005
26-05-17 14:37:30.457 : [epoch 690 PSNR: 56.6224 Best: 56.6224]
26-05-17 14:38:52.547 : epoch:[691/1000], 平均loss: 0.0005
26-05-17 14:40:13.615 : epoch:[692/1000], 平均loss: 0.0005
26-05-17 14:41:33.458 : epoch:[693/1000], 平均loss: 0.0004
26-05-17 14:42:56.738 : epoch:[694/1000], 平均loss: 0.0005
26-05-17 14:44:21.850 : epoch:[695/1000], 平均loss: 0.0005
26-05-17 14:45:46.710 : epoch:[696/1000], 平均loss: 0.0005
26-05-17 14:47:12.868 : epoch:[697/1000], 平均loss: 0.0005
26-05-17 14:48:35.852 : epoch:[698/1000], 平均loss: 0.0005
26-05-17 14:49:58.742 : epoch:[699/1000], 平均loss: 0.0005
26-05-17 14:51:20.213 : epoch:[700/1000], 平均loss: 0.0004
26-05-17 14:52:19.202 : [epoch 700 PSNR: 56.6327 Best: 56.6327]
26-05-17 14:53:42.064 : epoch:[701/1000], 平均loss: 0.0004
26-05-17 14:55:06.435 : epoch:[702/1000], 平均loss: 0.0005
26-05-17 14:56:30.381 : epoch:[703/1000], 平均loss: 0.0005
26-05-17 14:57:52.168 : epoch:[704/1000], 平均loss: 0.0005
26-05-17 14:59:14.086 : epoch:[705/1000], 平均loss: 0.0005
26-05-17 15:00:36.708 : epoch:[706/1000], 平均loss: 0.0005
26-05-17 15:02:00.293 : epoch:[707/1000], 平均loss: 0.0005
26-05-17 15:03:21.546 : epoch:[708/1000], 平均loss: 0.0005
26-05-17 15:04:41.433 : epoch:[709/1000], 平均loss: 0.0005
26-05-17 15:06:04.583 : epoch:[710/1000], 平均loss: 0.0005
26-05-17 15:07:02.373 : [epoch 710 PSNR: 56.6128 Best: 56.6327]
26-05-17 15:08:23.937 : epoch:[711/1000], 平均loss: 0.0005
26-05-17 15:09:47.012 : epoch:[712/1000], 平均loss: 0.0005
26-05-17 15:11:07.510 : epoch:[713/1000], 平均loss: 0.0005
26-05-17 15:12:32.456 : epoch:[714/1000], 平均loss: 0.0005
26-05-17 15:13:52.683 : epoch:[715/1000], 平均loss: 0.0004
26-05-17 15:15:13.184 : epoch:[716/1000], 平均loss: 0.0005
26-05-17 15:16:38.518 : epoch:[717/1000], 平均loss: 0.0004
26-05-17 15:18:00.851 : epoch:[718/1000], 平均loss: 0.0004
26-05-17 15:19:22.436 : epoch:[719/1000], 平均loss: 0.0005
26-05-17 15:20:46.014 : epoch:[720/1000], 平均loss: 0.0004
26-05-17 15:21:43.370 : [epoch 720 PSNR: 56.6251 Best: 56.6327]
26-05-17 15:23:05.060 : epoch:[721/1000], 平均loss: 0.0005
26-05-17 15:24:28.035 : epoch:[722/1000], 平均loss: 0.0005
26-05-17 15:25:50.486 : epoch:[723/1000], 平均loss: 0.0005
26-05-17 15:27:17.499 : epoch:[724/1000], 平均loss: 0.0005
26-05-17 15:28:36.652 : epoch:[725/1000], 平均loss: 0.0004
26-05-17 15:30:03.754 : epoch:[726/1000], 平均loss: 0.0005
26-05-17 15:31:26.303 : epoch:[727/1000], 平均loss: 0.0005
26-05-17 15:32:49.834 : epoch:[728/1000], 平均loss: 0.0004
26-05-17 15:34:13.290 : epoch:[729/1000], 平均loss: 0.0005
26-05-17 15:35:36.109 : epoch:[730/1000], 平均loss: 0.0005
26-05-17 15:36:33.508 : [epoch 730 PSNR: 56.6353 Best: 56.6353]
26-05-17 15:37:56.760 : epoch:[731/1000], 平均loss: 0.0005
26-05-17 15:39:17.346 : epoch:[732/1000], 平均loss: 0.0005
26-05-17 15:40:39.316 : epoch:[733/1000], 平均loss: 0.0005
26-05-17 15:42:04.487 : epoch:[734/1000], 平均loss: 0.0005
26-05-17 15:43:28.361 : epoch:[735/1000], 平均loss: 0.0004
26-05-17 15:44:48.666 : epoch:[736/1000], 平均loss: 0.0005
26-05-17 15:46:08.273 : epoch:[737/1000], 平均loss: 0.0005
26-05-17 15:47:32.785 : epoch:[738/1000], 平均loss: 0.0004
26-05-17 15:48:53.355 : epoch:[739/1000], 平均loss: 0.0005
26-05-17 15:50:09.771 : epoch:[740/1000], 平均loss: 0.0005
26-05-17 15:51:05.457 : [epoch 740 PSNR: 56.6365 Best: 56.6365]
26-05-17 15:52:22.214 : epoch:[741/1000], 平均loss: 0.0004
26-05-17 15:53:36.751 : epoch:[742/1000], 平均loss: 0.0004
26-05-17 15:54:52.314 : epoch:[743/1000], 平均loss: 0.0004
26-05-17 15:56:09.660 : epoch:[744/1000], 平均loss: 0.0005
26-05-17 15:57:25.785 : epoch:[745/1000], 平均loss: 0.0004
26-05-17 15:58:37.590 : epoch:[746/1000], 平均loss: 0.0005
26-05-17 15:59:55.568 : epoch:[747/1000], 平均loss: 0.0005
26-05-17 16:01:11.000 : epoch:[748/1000], 平均loss: 0.0005
26-05-17 16:02:27.900 : epoch:[749/1000], 平均loss: 0.0005
26-05-17 16:03:45.583 : epoch:[750/1000], 平均loss: 0.0005
26-05-17 16:04:41.890 : [epoch 750 PSNR: 56.6427 Best: 56.6427]
26-05-17 16:05:56.346 : epoch:[751/1000], 平均loss: 0.0004
26-05-17 16:07:14.509 : epoch:[752/1000], 平均loss: 0.0004
26-05-17 16:08:29.979 : epoch:[753/1000], 平均loss: 0.0005
26-05-17 16:09:45.035 : epoch:[754/1000], 平均loss: 0.0004
26-05-17 16:11:04.052 : epoch:[755/1000], 平均loss: 0.0004
26-05-17 16:12:19.261 : epoch:[756/1000], 平均loss: 0.0005
26-05-17 16:13:34.263 : epoch:[757/1000], 平均loss: 0.0005
26-05-17 16:14:52.438 : epoch:[758/1000], 平均loss: 0.0005
26-05-17 16:16:07.657 : epoch:[759/1000], 平均loss: 0.0005
26-05-17 16:17:23.486 : epoch:[760/1000], 平均loss: 0.0005
26-05-17 16:18:17.711 : [epoch 760 PSNR: 56.6363 Best: 56.6427]
26-05-17 16:19:36.864 : epoch:[761/1000], 平均loss: 0.0005
26-05-17 16:20:53.101 : epoch:[762/1000], 平均loss: 0.0005
26-05-17 16:22:13.738 : epoch:[763/1000], 平均loss: 0.0004
26-05-17 16:23:32.002 : epoch:[764/1000], 平均loss: 0.0004
26-05-17 16:24:51.993 : epoch:[765/1000], 平均loss: 0.0005
26-05-17 16:26:06.436 : epoch:[766/1000], 平均loss: 0.0004
26-05-17 16:27:21.144 : epoch:[767/1000], 平均loss: 0.0004
26-05-17 16:28:37.383 : epoch:[768/1000], 平均loss: 0.0005
26-05-17 16:28:39.598 : 训练出错: DataLoader worker (pid 117896) exited unexpectedly with exit code 1. Details are lost due to multiprocessing. Rerunning with num_workers=0 may give better error trace.
