{
  "task": "train",
  "gpu_ids": [0],
  "log_path": "./log",
  "model_save": "./model_save",
  
  "pretained_path": {
    "index": false,
    "path": "./model_save/model_cls_epoch_120.pth"
  },
  
  "batch_size": 4,
  "num_classes": 24,
  "nc": [16, 1],
  "patch_size": [128, 128],
  "stride_size": [16, 16],
  "atoms": 50,
  "d_size": 3,
  "max_epoch": 1000,
  "stage": 3,
  "lr": 1e-4,
  "loss_function_index": 0,
  "n_channels": 1,
  
  "train": {
    "sigma": [0],
    "dataroot_H": "./date-gray/train",
    "H_size": 128,
    "n_channels": 1
  },
  
  "valid": {
    "sigma": [0],
    "dataroot_H": "./date-gray/val",
    "H_size": 128,
    "n_channels": 1
  }
}
25 22:20:28,751 - INFO - 训练集样本数: 2714
2026-05-25 22:20:30,027 - INFO - 模型总参数量: 3.29M
2026-05-25 22:23:33,953 - INFO - Epoch [1/1000] - Avg Loss: 3.1979 - Train Acc: 4.50% - LR: 0.00010000
2026-05-25 22:26:46,546 - INFO - Epoch [2/1000] - Avg Loss: 3.1413 - Train Acc: 6.89% - LR: 0.00010000
2026-05-25 22:29:59,417 - INFO - Epoch [3/1000] - Avg Loss: 3.1019 - Train Acc: 8.77% - LR: 0.00010000
2026-05-25 22:33:05,042 - INFO - Epoch [4/1000] - Avg Loss: 3.0630 - Train Acc: 9.32% - LR: 0.00010000
2026-05-25 22:36:12,015 - INFO - Epoch [5/1000] - Avg Loss: 3.0357 - Train Acc: 9.76% - LR: 0.00010000
2026-05-25 22:39:22,943 - INFO - Epoch [6/1000] - Avg Loss: 3.0146 - Train Acc: 11.02% - LR: 0.00010000
2026-05-25 22:42:30,899 - INFO - Epoch [7/1000] - Avg Loss: 2.9622 - Train Acc: 11.68% - LR: 0.00010000
2026-05-25 22:45:36,144 - INFO - Epoch [8/1000] - Avg Loss: 2.9243 - Train Acc: 11.79% - LR: 0.00010000
2026-05-25 22:48:43,405 - INFO - Epoch [9/1000] - Avg Loss: 2.8948 - Train Acc: 13.41% - LR: 0.00010000
2026-05-25 22:51:53,859 - INFO - Epoch [10/1000] - Avg Loss: 2.8313 - Train Acc: 13.78% - LR: 0.00010000
2026-05-25 22:54:41,122 - INFO - --- Epoch 10 综合验证集准确率: 10.64% (历史最高: 0.00%) ---
2026-05-25 22:57:47,739 - INFO - Epoch [11/1000] - Avg Loss: 2.8208 - Train Acc: 13.71% - LR: 0.00010000
2026-05-25 23:00:57,276 - INFO - Epoch [12/1000] - Avg Loss: 2.7842 - Train Acc: 14.59% - LR: 0.00010000
2026-05-25 23:04:08,632 - INFO - Epoch [13/1000] - Avg Loss: 2.7421 - Train Acc: 15.48% - LR: 0.00010000
2026-05-25 23:07:23,576 - INFO - Epoch [14/1000] - Avg Loss: 2.7170 - Train Acc: 15.66% - LR: 0.00010000
2026-05-25 23:10:32,503 - INFO - Epoch [15/1000] - Avg Loss: 2.6799 - Train Acc: 16.95% - LR: 0.00010000
2026-05-25 23:13:40,777 - INFO - Epoch [16/1000] - Avg Loss: 2.6344 - Train Acc: 16.84% - LR: 0.00010000
2026-05-25 23:16:46,905 - INFO - Epoch [17/1000] - Avg Loss: 2.6203 - Train Acc: 19.09% - LR: 0.00010000
2026-05-25 23:19:58,684 - INFO - Epoch [18/1000] - Avg Loss: 2.5950 - Train Acc: 19.31% - LR: 0.00010000
2026-05-25 23:23:04,511 - INFO - Epoch [19/1000] - Avg Loss: 2.5571 - Train Acc: 19.42% - LR: 0.00010000
2026-05-25 23:26:17,738 - INFO - Epoch [20/1000] - Avg Loss: 2.5251 - Train Acc: 20.63% - LR: 0.00010000
2026-05-25 23:29:05,125 - INFO - --- Epoch 20 综合验证集准确率: 21.45% (历史最高: 10.64%) ---
2026-05-25 23:32:14,911 - INFO - Epoch [21/1000] - Avg Loss: 2.4976 - Train Acc: 22.18% - LR: 0.00010000
2026-05-25 23:35:22,578 - INFO - Epoch [22/1000] - Avg Loss: 2.4954 - Train Acc: 21.70% - LR: 0.00010000
2026-05-25 23:38:27,608 - INFO - Epoch [23/1000] - Avg Loss: 2.4797 - Train Acc: 22.29% - LR: 0.00010000
2026-05-25 23:41:41,726 - INFO - Epoch [24/1000] - Avg Loss: 2.4993 - Train Acc: 21.37% - LR: 0.00010000
2026-05-25 23:44:55,562 - INFO - Epoch [25/1000] - Avg Loss: 2.4653 - Train Acc: 21.96% - LR: 0.00010000
2026-05-25 23:48:04,437 - INFO - Epoch [26/1000] - Avg Loss: 2.4491 - Train Acc: 22.51% - LR: 0.00010000
2026-05-25 23:51:11,665 - INFO - Epoch [27/1000] - Avg Loss: 2.4285 - Train Acc: 23.51% - LR: 0.00010000
2026-05-25 23:54:23,141 - INFO - Epoch [28/1000] - Avg Loss: 2.3840 - Train Acc: 24.80% - LR: 0.00010000
2026-05-25 23:57:31,522 - INFO - Epoch [29/1000] - Avg Loss: 2.3244 - Train Acc: 25.90% - LR: 0.00010000
2026-05-26 00:00:39,179 - INFO - Epoch [30/1000] - Avg Loss: 2.2881 - Train Acc: 27.30% - LR: 0.00010000
2026-05-26 00:03:26,176 - INFO - --- Epoch 30 综合验证集准确率: 30.14% (历史最高: 21.45%) ---
2026-05-26 00:06:28,781 - INFO - Epoch [31/1000] - Avg Loss: 2.2760 - Train Acc: 26.42% - LR: 0.00010000
2026-05-26 00:09:37,694 - INFO - Epoch [32/1000] - Avg Loss: 2.2822 - Train Acc: 27.34% - LR: 0.00010000
2026-05-26 00:12:45,635 - INFO - Epoch [33/1000] - Avg Loss: 2.1944 - Train Acc: 29.81% - LR: 0.00010000
2026-05-26 00:15:52,261 - INFO - Epoch [34/1000] - Avg Loss: 2.2227 - Train Acc: 29.59% - LR: 0.00010000
2026-05-26 00:19:03,437 - INFO - Epoch [35/1000] - Avg Loss: 2.1646 - Train Acc: 30.69% - LR: 0.00010000
2026-05-26 00:22:08,174 - INFO - Epoch [36/1000] - Avg Loss: 2.1637 - Train Acc: 31.21% - LR: 0.00010000
2026-05-26 00:25:13,017 - INFO - Epoch [37/1000] - Avg Loss: 2.1757 - Train Acc: 29.33% - LR: 0.00010000
2026-05-26 00:28:11,929 - INFO - Epoch [38/1000] - Avg Loss: 2.0846 - Train Acc: 31.83% - LR: 0.00010000
2026-05-26 00:31:15,692 - INFO - Epoch [39/1000] - Avg Loss: 2.0953 - Train Acc: 32.83% - LR: 0.00010000
2026-05-26 00:34:22,540 - INFO - Epoch [40/1000] - Avg Loss: 2.0548 - Train Acc: 34.01% - LR: 0.00010000
2026-05-26 00:37:08,878 - INFO - --- Epoch 40 综合验证集准确率: 42.38% (历史最高: 30.14%) ---
2026-05-26 00:40:12,915 - INFO - Epoch [41/1000] - Avg Loss: 2.0899 - Train Acc: 33.20% - LR: 0.00010000
2026-05-26 00:43:22,622 - INFO - Epoch [42/1000] - Avg Loss: 2.0626 - Train Acc: 33.46% - LR: 0.00010000
2026-05-26 00:46:32,348 - INFO - Epoch [43/1000] - Avg Loss: 2.0044 - Train Acc: 35.56% - LR: 0.00010000
2026-05-26 00:49:38,681 - INFO - Epoch [44/1000] - Avg Loss: 1.9781 - Train Acc: 35.48% - LR: 0.00010000
2026-05-26 00:52:44,117 - INFO - Epoch [45/1000] - Avg Loss: 1.9386 - Train Acc: 37.18% - LR: 0.00010000
2026-05-26 00:55:55,260 - INFO - Epoch [46/1000] - Avg Loss: 1.8990 - Train Acc: 37.80% - LR: 0.00010000
2026-05-26 00:59:03,784 - INFO - Epoch [47/1000] - Avg Loss: 1.8936 - Train Acc: 38.54% - LR: 0.00010000
2026-05-26 01:02:14,671 - INFO - Epoch [48/1000] - Avg Loss: 1.8807 - Train Acc: 39.28% - LR: 0.00010000
2026-05-26 01:05:22,211 - INFO - Epoch [49/1000] - Avg Loss: 1.8541 - Train Acc: 39.87% - LR: 0.00010000
2026-05-26 01:08:34,317 - INFO - Epoch [50/1000] - Avg Loss: 1.8388 - Train Acc: 40.75% - LR: 0.00010000
2026-05-26 01:11:21,477 - INFO - --- Epoch 50 综合验证集准确率: 56.03% (历史最高: 42.38%) ---
2026-05-26 01:14:24,838 - INFO - Epoch [51/1000] - Avg Loss: 1.8507 - Train Acc: 39.83% - LR: 0.00010000
2026-05-26 01:17:31,841 - INFO - Epoch [52/1000] - Avg Loss: 1.8229 - Train Acc: 40.05% - LR: 0.00010000
2026-05-26 01:20:41,824 - INFO - Epoch [53/1000] - Avg Loss: 1.7701 - Train Acc: 42.19% - LR: 0.00010000
2026-05-26 01:23:50,001 - INFO - Epoch [54/1000] - Avg Loss: 1.7181 - Train Acc: 42.89% - LR: 0.00010000
2026-05-26 01:26:58,566 - INFO - Epoch [55/1000] - Avg Loss: 1.7640 - Train Acc: 42.11% - LR: 0.00010000
2026-05-26 01:30:08,850 - INFO - Epoch [56/1000] - Avg Loss: 1.7162 - Train Acc: 44.69% - LR: 0.00010000
2026-05-26 01:33:16,342 - INFO - Epoch [57/1000] - Avg Loss: 1.6981 - Train Acc: 43.85% - LR: 0.00010000
2026-05-26 01:36:23,697 - INFO - Epoch [58/1000] - Avg Loss: 1.6402 - Train Acc: 45.50% - LR: 0.00010000
2026-05-26 01:39:28,742 - INFO - Epoch [59/1000] - Avg Loss: 1.6736 - Train Acc: 44.69% - LR: 0.00010000
2026-05-26 01:42:38,136 - INFO - Epoch [60/1000] - Avg Loss: 1.5777 - Train Acc: 47.61% - LR: 0.00010000
2026-05-26 01:45:24,403 - INFO - --- Epoch 60 综合验证集准确率: 61.35% (历史最高: 56.03%) ---
2026-05-26 01:48:26,540 - INFO - Epoch [61/1000] - Avg Loss: 1.5769 - Train Acc: 48.19% - LR: 0.00007500
2026-05-26 01:51:35,488 - INFO - Epoch [62/1000] - Avg Loss: 1.5133 - Train Acc: 50.92% - LR: 0.00007500
2026-05-26 01:54:41,039 - INFO - Epoch [63/1000] - Avg Loss: 1.5434 - Train Acc: 50.41% - LR: 0.00007500
2026-05-26 01:57:47,884 - INFO - Epoch [64/1000] - Avg Loss: 1.5616 - Train Acc: 48.86% - LR: 0.00007500
2026-05-26 02:00:55,193 - INFO - Epoch [65/1000] - Avg Loss: 1.5042 - Train Acc: 50.22% - LR: 0.00007500
2026-05-26 02:04:09,092 - INFO - Epoch [66/1000] - Avg Loss: 1.4848 - Train Acc: 50.52% - LR: 0.00007500
2026-05-26 02:07:17,519 - INFO - Epoch [67/1000] - Avg Loss: 1.4956 - Train Acc: 52.39% - LR: 0.00007500
2026-05-26 02:10:24,998 - INFO - Epoch [68/1000] - Avg Loss: 1.4622 - Train Acc: 52.62% - LR: 0.00007500
2026-05-26 02:13:30,438 - INFO - Epoch [69/1000] - Avg Loss: 1.4241 - Train Acc: 53.65% - LR: 0.00007500
2026-05-26 02:16:40,496 - INFO - Epoch [70/1000] - Avg Loss: 1.3778 - Train Acc: 53.43% - LR: 0.00007500
2026-05-26 02:19:29,109 - INFO - --- Epoch 70 综合验证集准确率: 69.33% (历史最高: 61.35%) ---
2026-05-26 02:22:35,559 - INFO - Epoch [71/1000] - Avg Loss: 1.4135 - Train Acc: 52.54% - LR: 0.00007500
2026-05-26 02:25:39,631 - INFO - Epoch [72/1000] - Avg Loss: 1.4377 - Train Acc: 54.42% - LR: 0.00007500
2026-05-26 02:28:44,556 - INFO - Epoch [73/1000] - Avg Loss: 1.3882 - Train Acc: 55.45% - LR: 0.00007500
2026-05-26 02:31:53,448 - INFO - Epoch [74/1000] - Avg Loss: 1.3873 - Train Acc: 54.38% - LR: 0.00007500
2026-05-26 02:34:56,200 - INFO - Epoch [75/1000] - Avg Loss: 1.3446 - Train Acc: 55.90% - LR: 0.00007500
2026-05-26 02:38:08,693 - INFO - Epoch [76/1000] - Avg Loss: 1.3254 - Train Acc: 55.60% - LR: 0.00007500
2026-05-26 02:41:25,232 - INFO - Epoch [77/1000] - Avg Loss: 1.3712 - Train Acc: 55.86% - LR: 0.00007500
2026-05-26 02:44:42,462 - INFO - Epoch [78/1000] - Avg Loss: 1.3320 - Train Acc: 55.27% - LR: 0.00007500
2026-05-26 02:48:00,266 - INFO - Epoch [79/1000] - Avg Loss: 1.3199 - Train Acc: 57.18% - LR: 0.00007500
2026-05-26 02:51:19,413 - INFO - Epoch [80/1000] - Avg Loss: 1.3218 - Train Acc: 58.47% - LR: 0.00007500
2026-05-26 02:54:17,085 - INFO - --- Epoch 80 综合验证集准确率: 71.81% (历史最高: 69.33%) ---
2026-05-26 02:57:33,955 - INFO - Epoch [81/1000] - Avg Loss: 1.3256 - Train Acc: 57.70% - LR: 0.00007500
2026-05-26 03:00:48,418 - INFO - Epoch [82/1000] - Avg Loss: 1.2440 - Train Acc: 58.62% - LR: 0.00007500
2026-05-26 03:04:01,174 - INFO - Epoch [83/1000] - Avg Loss: 1.2225 - Train Acc: 59.69% - LR: 0.00007500
2026-05-26 03:07:20,873 - INFO - Epoch [84/1000] - Avg Loss: 1.2512 - Train Acc: 59.58% - LR: 0.00007500
2026-05-26 03:10:38,263 - INFO - Epoch [85/1000] - Avg Loss: 1.2356 - Train Acc: 59.80% - LR: 0.00007500
2026-05-26 03:13:49,710 - INFO - Epoch [86/1000] - Avg Loss: 1.2215 - Train Acc: 61.68% - LR: 0.00007500
2026-05-26 03:17:07,117 - INFO - Epoch [87/1000] - Avg Loss: 1.1882 - Train Acc: 62.45% - LR: 0.00007500
2026-05-26 03:20:27,320 - INFO - Epoch [88/1000] - Avg Loss: 1.1779 - Train Acc: 63.01% - LR: 0.00007500
2026-05-26 03:23:42,927 - INFO - Epoch [89/1000] - Avg Loss: 1.1629 - Train Acc: 62.56% - LR: 0.00007500
2026-05-26 03:27:00,286 - INFO - Epoch [90/1000] - Avg Loss: 1.1922 - Train Acc: 62.97% - LR: 0.00007500
2026-05-26 03:29:52,517 - INFO - --- Epoch 90 综合验证集准确率: 78.72% (历史最高: 71.81%) ---
2026-05-26 03:33:06,743 - INFO - Epoch [91/1000] - Avg Loss: 1.2103 - Train Acc: 62.75% - LR: 0.00007500
2026-05-26 03:36:28,835 - INFO - Epoch [92/1000] - Avg Loss: 1.1225 - Train Acc: 63.12% - LR: 0.00007500
2026-05-26 03:39:48,299 - INFO - Epoch [93/1000] - Avg Loss: 1.1598 - Train Acc: 63.15% - LR: 0.00007500
2026-05-26 03:42:59,888 - INFO - Epoch [94/1000] - Avg Loss: 1.1125 - Train Acc: 63.85% - LR: 0.00007500
2026-05-26 03:46:22,993 - INFO - Epoch [95/1000] - Avg Loss: 1.1539 - Train Acc: 64.26% - LR: 0.00007500
2026-05-26 03:49:37,529 - INFO - Epoch [96/1000] - Avg Loss: 1.1317 - Train Acc: 63.63% - LR: 0.00007500
2026-05-26 03:52:55,391 - INFO - Epoch [97/1000] - Avg Loss: 1.1459 - Train Acc: 64.37% - LR: 0.00007500
2026-05-26 03:56:14,494 - INFO - Epoch [98/1000] - Avg Loss: 1.0979 - Train Acc: 65.84% - LR: 0.00007500
2026-05-26 03:59:30,826 - INFO - Epoch [99/1000] - Avg Loss: 1.0204 - Train Acc: 67.91% - LR: 0.00007500
2026-05-26 04:02:46,982 - INFO - Epoch [100/1000] - Avg Loss: 1.1231 - Train Acc: 66.36% - LR: 0.00007500
2026-05-26 04:05:41,324 - INFO - --- Epoch 100 综合验证集准确率: 74.65% (历史最高: 78.72%) ---
2026-05-26 04:08:57,104 - INFO - Epoch [101/1000] - Avg Loss: 1.0356 - Train Acc: 66.29% - LR: 0.00007500
2026-05-26 04:12:12,709 - INFO - Epoch [102/1000] - Avg Loss: 1.0797 - Train Acc: 66.80% - LR: 0.00007500
2026-05-26 04:15:25,826 - INFO - Epoch [103/1000] - Avg Loss: 1.0901 - Train Acc: 66.99% - LR: 0.00007500
2026-05-26 04:18:35,964 - INFO - Epoch [104/1000] - Avg Loss: 1.0639 - Train Acc: 67.02% - LR: 0.00007500
2026-05-26 04:21:52,776 - INFO - Epoch [105/1000] - Avg Loss: 0.9843 - Train Acc: 69.64% - LR: 0.00007500
2026-05-26 04:25:09,308 - INFO - Epoch [106/1000] - Avg Loss: 1.0206 - Train Acc: 68.53% - LR: 0.00007500
2026-05-26 04:28:29,522 - INFO - Epoch [107/1000] - Avg Loss: 1.0327 - Train Acc: 69.27% - LR: 0.00007500
2026-05-26 04:31:45,506 - INFO - Epoch [108/1000] - Avg Loss: 0.9914 - Train Acc: 69.68% - LR: 0.00007500
2026-05-26 04:34:55,630 - INFO - Epoch [109/1000] - Avg Loss: 0.9487 - Train Acc: 70.74% - LR: 0.00007500
2026-05-26 04:38:07,100 - INFO - Epoch [110/1000] - Avg Loss: 0.9845 - Train Acc: 70.63% - LR: 0.00007500
2026-05-26 04:41:00,312 - INFO - --- Epoch 110 综合验证集准确率: 81.38% (历史最高: 78.72%) ---
2026-05-26 04:44:19,216 - INFO - Epoch [111/1000] - Avg Loss: 0.9530 - Train Acc: 71.41% - LR: 0.00007500
2026-05-26 04:47:37,011 - INFO - Epoch [112/1000] - Avg Loss: 0.9265 - Train Acc: 72.59% - LR: 0.00007500
2026-05-26 04:50:54,937 - INFO - Epoch [113/1000] - Avg Loss: 0.9547 - Train Acc: 71.74% - LR: 0.00007500
2026-05-26 04:54:11,925 - INFO - Epoch [114/1000] - Avg Loss: 0.8795 - Train Acc: 72.40% - LR: 0.00007500
2026-05-26 04:57:31,281 - INFO - Epoch [115/1000] - Avg Loss: 0.9943 - Train Acc: 72.11% - LR: 0.00007500
2026-05-26 05:00:44,928 - INFO - Epoch [116/1000] - Avg Loss: 0.9428 - Train Acc: 72.37% - LR: 0.00007500
2026-05-26 05:04:04,079 - INFO - Epoch [117/1000] - Avg Loss: 0.9354 - Train Acc: 72.14% - LR: 0.00007500
2026-05-26 05:07:23,353 - INFO - Epoch [118/1000] - Avg Loss: 0.9474 - Train Acc: 73.10% - LR: 0.00007500
2026-05-26 05:10:39,302 - INFO - Epoch [119/1000] - Avg Loss: 0.8851 - Train Acc: 73.88% - LR: 0.00007500
2026-05-26 05:13:55,972 - INFO - Epoch [120/1000] - Avg Loss: 0.9036 - Train Acc: 74.06% - LR: 0.00007500
2026-05-26 05:16:48,467 - INFO - --- Epoch 120 综合验证集准确率: 87.59% (历史最高: 81.38%) ---
2026-05-26 05:20:10,295 - INFO - Epoch [121/1000] - Avg Loss: 0.7540 - Train Acc: 76.79% - LR: 0.00001000
2026-05-26 05:23:27,538 - INFO - Epoch [122/1000] - Avg Loss: 0.7028 - Train Acc: 79.44% - LR: 0.00001000
2026-05-26 05:26:44,953 - INFO - Epoch [123/1000] - Avg Loss: 0.6869 - Train Acc: 79.96% - LR: 0.00001000
2026-05-26 05:29:57,696 - INFO - Epoch [124/1000] - Avg Loss: 0.7120 - Train Acc: 78.70% - LR: 0.00001000
2026-05-26 05:33:17,027 - INFO - Epoch [125/1000] - Avg Loss: 0.7169 - Train Acc: 80.07% - LR: 0.00001000
2026-05-26 05:36:32,039 - INFO - Epoch [126/1000] - Avg Loss: 0.7324 - Train Acc: 78.96% - LR: 0.00001000
2026-05-26 05:39:50,109 - INFO - Epoch [127/1000] - Avg Loss: 0.6841 - Train Acc: 79.55% - LR: 0.00001000
2026-05-26 05:43:04,904 - INFO - Epoch [128/1000] - Avg Loss: 0.6380 - Train Acc: 80.69% - LR: 0.00001000
2026-05-26 05:46:24,234 - INFO - Epoch [129/1000] - Avg Loss: 0.6097 - Train Acc: 81.80% - LR: 0.00001000
2026-05-26 05:49:39,925 - INFO - Epoch [130/1000] - Avg Loss: 0.6515 - Train Acc: 80.43% - LR: 0.00001000
2026-05-26 05:52:32,729 - INFO - --- Epoch 130 综合验证集准确率: 86.35% (历史最高: 87.59%) ---
2026-05-26 05:55:49,754 - INFO - Epoch [131/1000] - Avg Loss: 0.6552 - Train Acc: 80.77% - LR: 0.00001000
2026-05-26 05:59:07,599 - INFO - Epoch [132/1000] - Avg Loss: 0.6867 - Train Acc: 80.18% - LR: 0.00001000
2026-05-26 06:02:21,501 - INFO - Epoch [133/1000] - Avg Loss: 0.6310 - Train Acc: 81.17% - LR: 0.00001000
2026-05-26 06:05:37,595 - INFO - Epoch [134/1000] - Avg Loss: 0.6226 - Train Acc: 81.39% - LR: 0.00001000
2026-05-26 06:08:51,970 - INFO - Epoch [135/1000] - Avg Loss: 0.6536 - Train Acc: 81.95% - LR: 0.00001000
2026-05-26 06:12:09,838 - INFO - Epoch [136/1000] - Avg Loss: 0.6645 - Train Acc: 81.13% - LR: 0.00001000
2026-05-26 06:15:28,904 - INFO - Epoch [137/1000] - Avg Loss: 0.5822 - Train Acc: 81.87% - LR: 0.00001000
2026-05-26 06:18:42,913 - INFO - Epoch [138/1000] - Avg Loss: 0.6824 - Train Acc: 80.84% - LR: 0.00001000
2026-05-26 06:22:01,609 - INFO - Epoch [139/1000] - Avg Loss: 0.6091 - Train Acc: 83.60% - LR: 0.00001000
2026-05-26 06:25:17,494 - INFO - Epoch [140/1000] - Avg Loss: 0.6534 - Train Acc: 80.91% - LR: 0.00001000
2026-05-26 06:28:10,912 - INFO - --- Epoch 140 综合验证集准确率: 88.12% (历史最高: 87.59%) ---
2026-05-26 06:31:21,157 - INFO - Epoch [141/1000] - Avg Loss: 0.6820 - Train Acc: 81.39% - LR: 0.00001000
2026-05-26 06:34:32,330 - INFO - Epoch [142/1000] - Avg Loss: 0.6025 - Train Acc: 82.90% - LR: 0.00001000
2026-05-26 06:37:52,440 - INFO - Epoch [143/1000] - Avg Loss: 0.5962 - Train Acc: 83.09% - LR: 0.00001000
2026-05-26 06:41:10,603 - INFO - Epoch [144/1000] - Avg Loss: 0.6153 - Train Acc: 81.61% - LR: 0.00001000
2026-05-26 06:44:23,449 - INFO - Epoch [145/1000] - Avg Loss: 0.6271 - Train Acc: 82.09% - LR: 0.00001000
2026-05-26 06:47:38,719 - INFO - Epoch [146/1000] - Avg Loss: 0.6296 - Train Acc: 83.35% - LR: 0.00001000
2026-05-26 06:50:58,050 - INFO - Epoch [147/1000] - Avg Loss: 0.6070 - Train Acc: 82.65% - LR: 0.00001000
2026-05-26 06:54:17,919 - INFO - Epoch [148/1000] - Avg Loss: 0.6489 - Train Acc: 82.46% - LR: 0.00001000
2026-05-26 06:57:33,468 - INFO - Epoch [149/1000] - Avg Loss: 0.6137 - Train Acc: 82.94% - LR: 0.00001000
2026-05-26 07:00:43,135 - INFO - Epoch [150/1000] - Avg Loss: 0.6011 - Train Acc: 83.68% - LR: 0.00001000
2026-05-26 07:03:35,732 - INFO - --- Epoch 150 综合验证集准确率: 88.12% (历史最高: 88.12%) ---
2026-05-26 07:06:51,614 - INFO - Epoch [151/1000] - Avg Loss: 0.6126 - Train Acc: 82.98% - LR: 0.00001000
2026-05-26 07:10:06,079 - INFO - Epoch [152/1000] - Avg Loss: 0.6282 - Train Acc: 83.27% - LR: 0.00001000
2026-05-26 07:13:23,861 - INFO - Epoch [153/1000] - Avg Loss: 0.6239 - Train Acc: 82.68% - LR: 0.00001000
2026-05-26 07:16:42,716 - INFO - Epoch [154/1000] - Avg Loss: 0.6241 - Train Acc: 82.46% - LR: 0.00001000
2026-05-26 07:19:57,682 - INFO - Epoch [155/1000] - Avg Loss: 0.5581 - Train Acc: 84.05% - LR: 0.00001000
2026-05-26 07:23:16,005 - INFO - Epoch [156/1000] - Avg Loss: 0.6553 - Train Acc: 82.09% - LR: 0.00001000
2026-05-26 07:26:36,500 - INFO - Epoch [157/1000] - Avg Loss: 0.5843 - Train Acc: 83.09% - LR: 0.00001000
2026-05-26 07:29:53,611 - INFO - Epoch [158/1000] - Avg Loss: 0.6398 - Train Acc: 82.42% - LR: 0.00001000
2026-05-26 07:33:06,926 - INFO - Epoch [159/1000] - Avg Loss: 0.6309 - Train Acc: 83.12% - LR: 0.00001000
2026-05-26 07:36:29,633 - INFO - Epoch [160/1000] - Avg Loss: 0.6350 - Train Acc: 83.46% - LR: 0.00001000
2026-05-26 07:39:23,581 - INFO - --- Epoch 160 综合验证集准确率: 88.48% (历史最高: 88.12%) ---
2026-05-26 07:42:39,840 - INFO - Epoch [161/1000] - Avg Loss: 0.6354 - Train Acc: 82.46% - LR: 0.00001000
2026-05-26 07:45:54,750 - INFO - Epoch [162/1000] - Avg Loss: 0.6248 - Train Acc: 81.98% - LR: 0.00001000
2026-05-26 07:49:11,837 - INFO - Epoch [163/1000] - Avg Loss: 0.5711 - Train Acc: 83.68% - LR: 0.00001000
2026-05-26 07:52:25,767 - INFO - Epoch [164/1000] - Avg Loss: 0.5255 - Train Acc: 84.49% - LR: 0.00001000
2026-05-26 07:55:41,128 - INFO - Epoch [165/1000] - Avg Loss: 0.6267 - Train Acc: 83.09% - LR: 0.00001000
2026-05-26 07:58:52,755 - INFO - Epoch [166/1000] - Avg Loss: 0.5988 - Train Acc: 83.86% - LR: 0.00001000
2026-05-26 08:02:09,765 - INFO - Epoch [167/1000] - Avg Loss: 0.5978 - Train Acc: 83.90% - LR: 0.00001000
2026-05-26 08:05:26,333 - INFO - Epoch [168/1000] - Avg Loss: 0.6159 - Train Acc: 83.68% - LR: 0.00001000
2026-05-26 08:08:42,718 - INFO - Epoch [169/1000] - Avg Loss: 0.6364 - Train Acc: 83.60% - LR: 0.00001000
2026-05-26 08:11:56,702 - INFO - Epoch [170/1000] - Avg Loss: 0.6198 - Train Acc: 83.42% - LR: 0.00001000
2026-05-26 08:14:49,328 - INFO - --- Epoch 170 综合验证集准确率: 87.94% (历史最高: 88.48%) ---
2026-05-26 08:18:07,837 - INFO - Epoch [171/1000] - Avg Loss: 0.6334 - Train Acc: 83.75% - LR: 0.00001000
2026-05-26 08:21:24,556 - INFO - Epoch [172/1000] - Avg Loss: 0.6171 - Train Acc: 84.60% - LR: 0.00001000
2026-05-26 08:24:34,622 - INFO - Epoch [173/1000] - Avg Loss: 0.5726 - Train Acc: 84.30% - LR: 0.00001000
2026-05-26 08:27:47,585 - INFO - Epoch [174/1000] - Avg Loss: 0.5943 - Train Acc: 84.23% - LR: 0.00001000
2026-05-26 08:31:09,301 - INFO - Epoch [175/1000] - Avg Loss: 0.6392 - Train Acc: 84.05% - LR: 0.00001000
2026-05-26 08:34:26,747 - INFO - Epoch [176/1000] - Avg Loss: 0.5913 - Train Acc: 84.08% - LR: 0.00001000
2026-05-26 08:37:47,453 - INFO - Epoch [177/1000] - Avg Loss: 0.5975 - Train Acc: 83.90% - LR: 0.00001000
2026-05-26 08:41:04,595 - INFO - Epoch [178/1000] - Avg Loss: 0.5610 - Train Acc: 85.70% - LR: 0.00001000
2026-05-26 08:44:21,578 - INFO - Epoch [179/1000] - Avg Loss: 0.6211 - Train Acc: 84.08% - LR: 0.00001000
2026-05-26 08:47:34,865 - INFO - Epoch [180/1000] - Avg Loss: 0.5479 - Train Acc: 84.60% - LR: 0.00001000
2026-05-26 08:50:30,219 - INFO - --- Epoch 180 综合验证集准确率: 89.01% (历史最高: 88.48%) ---
2026-05-26 08:53:44,846 - INFO - Epoch [181/1000] - Avg Loss: 0.5774 - Train Acc: 84.97% - LR: 0.00000850
2026-05-26 08:57:00,997 - INFO - Epoch [182/1000] - Avg Loss: 0.5575 - Train Acc: 85.11% - LR: 0.00000850
2026-05-26 09:00:07,762 - INFO - Epoch [183/1000] - Avg Loss: 0.6453 - Train Acc: 83.46% - LR: 0.00000850
2026-05-26 09:03:16,043 - INFO - Epoch [184/1000] - Avg Loss: 0.4993 - Train Acc: 86.18% - LR: 0.00000850
2026-05-26 09:06:28,258 - INFO - Epoch [185/1000] - Avg Loss: 0.6171 - Train Acc: 84.30% - LR: 0.00000850
2026-05-26 09:09:40,741 - INFO - Epoch [186/1000] - Avg Loss: 0.5035 - Train Acc: 86.40% - LR: 0.00000850
2026-05-26 09:12:50,998 - INFO - Epoch [187/1000] - Avg Loss: 0.5839 - Train Acc: 85.37% - LR: 0.00000850
2026-05-26 09:16:01,805 - INFO - Epoch [188/1000] - Avg Loss: 0.5582 - Train Acc: 85.41% - LR: 0.00000850
2026-05-26 09:19:11,190 - INFO - Epoch [189/1000] - Avg Loss: 0.5621 - Train Acc: 85.30% - LR: 0.00000850
2026-05-26 09:22:25,453 - INFO - Epoch [190/1000] - Avg Loss: 0.6075 - Train Acc: 85.59% - LR: 0.00000850
2026-05-26 09:25:10,878 - INFO - --- Epoch 190 综合验证集准确率: 87.59% (历史最高: 89.01%) ---
2026-05-26 09:28:22,308 - INFO - Epoch [191/1000] - Avg Loss: 0.5702 - Train Acc: 84.64% - LR: 0.00000850
2026-05-26 09:31:30,649 - INFO - Epoch [192/1000] - Avg Loss: 0.6226 - Train Acc: 85.11% - LR: 0.00000850
2026-05-26 09:34:42,995 - INFO - Epoch [193/1000] - Avg Loss: 0.5509 - Train Acc: 85.89% - LR: 0.00000850
2026-05-26 09:37:47,674 - INFO - Epoch [194/1000] - Avg Loss: 0.6165 - Train Acc: 85.85% - LR: 0.00000850
2026-05-26 09:40:56,092 - INFO - Epoch [195/1000] - Avg Loss: 0.5577 - Train Acc: 86.81% - LR: 0.00000850
2026-05-26 09:44:02,833 - INFO - Epoch [196/1000] - Avg Loss: 0.5882 - Train Acc: 84.71% - LR: 0.00000850
2026-05-26 09:47:07,996 - INFO - Epoch [197/1000] - Avg Loss: 0.5833 - Train Acc: 84.38% - LR: 0.00000850
2026-05-26 09:50:16,368 - INFO - Epoch [198/1000] - Avg Loss: 0.5594 - Train Acc: 85.34% - LR: 0.00000850
2026-05-26 09:53:21,984 - INFO - Epoch [199/1000] - Avg Loss: 0.5877 - Train Acc: 85.70% - LR: 0.00000850
2026-05-26 09:56:30,456 - INFO - Epoch [200/1000] - Avg Loss: 0.6084 - Train Acc: 84.82% - LR: 0.00000850
2026-05-26 09:59:21,195 - INFO - --- Epoch 200 综合验证集准确率: 89.01% (历史最高: 89.01%) ---
2026-05-26 10:02:31,972 - INFO - Epoch [201/1000] - Avg Loss: 0.5106 - Train Acc: 85.96% - LR: 0.00000850
2026-05-26 10:05:36,407 - INFO - Epoch [202/1000] - Avg Loss: 0.5374 - Train Acc: 85.45% - LR: 0.00000850
2026-05-26 10:08:45,228 - INFO - Epoch [203/1000] - Avg Loss: 0.5153 - Train Acc: 85.85% - LR: 0.00000850
2026-05-26 10:11:52,677 - INFO - Epoch [204/1000] - Avg Loss: 0.5761 - Train Acc: 85.41% - LR: 0.00000850
2026-05-26 10:15:00,905 - INFO - Epoch [205/1000] - Avg Loss: 0.5882 - Train Acc: 85.92% - LR: 0.00000850
2026-05-26 10:18:11,220 - INFO - Epoch [206/1000] - Avg Loss: 0.5739 - Train Acc: 86.04% - LR: 0.00000850
2026-05-26 10:21:28,420 - INFO - Epoch [207/1000] - Avg Loss: 0.5566 - Train Acc: 86.07% - LR: 0.00000850
2026-05-26 10:24:44,276 - INFO - Epoch [208/1000] - Avg Loss: 0.5765 - Train Acc: 86.07% - LR: 0.00000850
2026-05-26 10:27:54,427 - INFO - Epoch [209/1000] - Avg Loss: 0.5487 - Train Acc: 86.40% - LR: 0.00000850
2026-05-26 10:31:03,204 - INFO - Epoch [210/1000] - Avg Loss: 0.5440 - Train Acc: 86.29% - LR: 0.00000850
2026-05-26 10:33:52,434 - INFO - --- Epoch 210 综合验证集准确率: 90.07% (历史最高: 89.01%) ---
2026-05-26 10:36:57,404 - INFO - Epoch [211/1000] - Avg Loss: 0.5670 - Train Acc: 86.11% - LR: 0.00000850
2026-05-26 10:40:09,852 - INFO - Epoch [212/1000] - Avg Loss: 0.4696 - Train Acc: 87.55% - LR: 0.00000850
2026-05-26 10:43:20,139 - INFO - Epoch [213/1000] - Avg Loss: 0.6467 - Train Acc: 84.38% - LR: 0.00000850
2026-05-26 10:46:35,116 - INFO - Epoch [214/1000] - Avg Loss: 0.4942 - Train Acc: 87.10% - LR: 0.00000850
2026-05-26 10:49:45,453 - INFO - Epoch [215/1000] - Avg Loss: 0.5770 - Train Acc: 86.81% - LR: 0.00000850
2026-05-26 10:52:54,732 - INFO - Epoch [216/1000] - Avg Loss: 0.5155 - Train Acc: 86.15% - LR: 0.00000850
2026-05-26 10:56:03,954 - INFO - Epoch [217/1000] - Avg Loss: 0.5422 - Train Acc: 87.40% - LR: 0.00000850
2026-05-26 10:59:16,545 - INFO - Epoch [218/1000] - Avg Loss: 0.5266 - Train Acc: 85.67% - LR: 0.00000850
2026-05-26 11:02:33,815 - INFO - Epoch [219/1000] - Avg Loss: 0.5146 - Train Acc: 86.55% - LR: 0.00000850
2026-05-26 11:05:43,929 - INFO - Epoch [220/1000] - Avg Loss: 0.5134 - Train Acc: 87.29% - LR: 0.00000850
2026-05-26 11:08:33,803 - INFO - --- Epoch 220 综合验证集准确率: 90.07% (历史最高: 90.07%) ---
2026-05-26 11:11:38,700 - INFO - Epoch [221/1000] - Avg Loss: 0.5262 - Train Acc: 85.89% - LR: 0.00000850
2026-05-26 11:14:44,643 - INFO - Epoch [222/1000] - Avg Loss: 0.5486 - Train Acc: 86.77% - LR: 0.00000850
2026-05-26 11:18:00,109 - INFO - Epoch [223/1000] - Avg Loss: 0.5354 - Train Acc: 85.74% - LR: 0.00000850
2026-05-26 11:21:10,475 - INFO - Epoch [224/1000] - Avg Loss: 0.5674 - Train Acc: 86.40% - LR: 0.00000850
2026-05-26 11:24:20,756 - INFO - Epoch [225/1000] - Avg Loss: 0.5107 - Train Acc: 87.44% - LR: 0.00000850
2026-05-26 11:27:27,017 - INFO - Epoch [226/1000] - Avg Loss: 0.5340 - Train Acc: 86.51% - LR: 0.00000850
2026-05-26 11:30:38,058 - INFO - Epoch [227/1000] - Avg Loss: 0.5524 - Train Acc: 86.51% - LR: 0.00000850
2026-05-26 11:33:47,139 - INFO - Epoch [228/1000] - Avg Loss: 0.4682 - Train Acc: 87.99% - LR: 0.00000850
2026-05-26 11:36:59,778 - INFO - Epoch [229/1000] - Avg Loss: 0.5258 - Train Acc: 86.74% - LR: 0.00000850
2026-05-26 11:40:13,837 - INFO - Epoch [230/1000] - Avg Loss: 0.5766 - Train Acc: 86.26% - LR: 0.00000850
2026-05-26 11:43:00,805 - INFO - --- Epoch 230 综合验证集准确率: 90.96% (历史最高: 90.07%) ---
2026-05-26 11:46:07,998 - INFO - Epoch [231/1000] - Avg Loss: 0.5543 - Train Acc: 87.03% - LR: 0.00000850
2026-05-26 11:49:18,814 - INFO - Epoch [232/1000] - Avg Loss: 0.5896 - Train Acc: 86.15% - LR: 0.00000850
2026-05-26 11:52:27,387 - INFO - Epoch [233/1000] - Avg Loss: 0.5353 - Train Acc: 87.36% - LR: 0.00000850
2026-05-26 11:55:34,339 - INFO - Epoch [234/1000] - Avg Loss: 0.5462 - Train Acc: 87.03% - LR: 0.00000850
2026-05-26 11:58:44,051 - INFO - Epoch [235/1000] - Avg Loss: 0.5487 - Train Acc: 86.81% - LR: 0.00000850
2026-05-26 12:02:00,250 - INFO - Epoch [236/1000] - Avg Loss: 0.5298 - Train Acc: 87.10% - LR: 0.00000850
2026-05-26 12:05:13,385 - INFO - Epoch [237/1000] - Avg Loss: 0.4289 - Train Acc: 89.20% - LR: 0.00000850
2026-05-26 12:08:24,562 - INFO - Epoch [238/1000] - Avg Loss: 0.5124 - Train Acc: 87.55% - LR: 0.00000850
2026-05-26 12:11:32,641 - INFO - Epoch [239/1000] - Avg Loss: 0.5169 - Train Acc: 87.66% - LR: 0.00000850
2026-05-26 12:14:43,707 - INFO - Epoch [240/1000] - Avg Loss: 0.5587 - Train Acc: 86.59% - LR: 0.00000850
2026-05-26 12:17:30,977 - INFO - --- Epoch 240 综合验证集准确率: 90.25% (历史最高: 90.96%) ---
2026-05-26 12:20:39,535 - INFO - Epoch [241/1000] - Avg Loss: 0.5433 - Train Acc: 86.55% - LR: 0.00000722
2026-05-26 12:23:52,429 - INFO - Epoch [242/1000] - Avg Loss: 0.5919 - Train Acc: 87.25% - LR: 0.00000722
2026-05-26 12:27:02,921 - INFO - Epoch [243/1000] - Avg Loss: 0.5239 - Train Acc: 86.59% - LR: 0.00000722
2026-05-26 12:30:14,597 - INFO - Epoch [244/1000] - Avg Loss: 0.5134 - Train Acc: 87.47% - LR: 0.00000722
2026-05-26 12:33:24,140 - INFO - Epoch [245/1000] - Avg Loss: 0.4846 - Train Acc: 88.36% - LR: 0.00000722
2026-05-26 12:36:34,456 - INFO - Epoch [246/1000] - Avg Loss: 0.5215 - Train Acc: 87.14% - LR: 0.00000722
2026-05-26 12:39:47,538 - INFO - Epoch [247/1000] - Avg Loss: 0.5230 - Train Acc: 86.99% - LR: 0.00000722
2026-05-26 12:42:58,257 - INFO - Epoch [248/1000] - Avg Loss: 0.5208 - Train Acc: 87.51% - LR: 0.00000722
2026-05-26 12:46:14,408 - INFO - Epoch [249/1000] - Avg Loss: 0.4566 - Train Acc: 88.73% - LR: 0.00000722
2026-05-26 12:49:25,409 - INFO - Epoch [250/1000] - Avg Loss: 0.5697 - Train Acc: 86.96% - LR: 0.00000722
2026-05-26 12:52:12,230 - INFO - --- Epoch 250 综合验证集准确率: 89.72% (历史最高: 90.96%) ---
2026-05-26 12:55:19,650 - INFO - Epoch [251/1000] - Avg Loss: 0.5229 - Train Acc: 87.03% - LR: 0.00000722
2026-05-26 12:58:30,858 - INFO - Epoch [252/1000] - Avg Loss: 0.4525 - Train Acc: 88.65% - LR: 0.00000722
2026-05-26 13:01:40,404 - INFO - Epoch [253/1000] - Avg Loss: 0.4994 - Train Acc: 87.80% - LR: 0.00000722
2026-05-26 13:04:54,464 - INFO - Epoch [254/1000] - Avg Loss: 0.4915 - Train Acc: 87.29% - LR: 0.00000722
2026-05-26 13:08:02,312 - INFO - Epoch [255/1000] - Avg Loss: 0.5131 - Train Acc: 87.29% - LR: 0.00000722
2026-05-26 13:11:12,976 - INFO - Epoch [256/1000] - Avg Loss: 0.4961 - Train Acc: 87.44% - LR: 0.00000722
2026-05-26 13:14:18,809 - INFO - Epoch [257/1000] - Avg Loss: 0.5161 - Train Acc: 87.99% - LR: 0.00000722
2026-05-26 13:17:28,113 - INFO - Epoch [258/1000] - Avg Loss: 0.4956 - Train Acc: 87.73% - LR: 0.00000722
2026-05-26 13:20:31,820 - INFO - Epoch [259/1000] - Avg Loss: 0.5125 - Train Acc: 87.77% - LR: 0.00000722
2026-05-26 13:23:43,195 - INFO - Epoch [260/1000] - Avg Loss: 0.5329 - Train Acc: 88.21% - LR: 0.00000722
2026-05-26 13:26:31,316 - INFO - --- Epoch 260 综合验证集准确率: 89.18% (历史最高: 90.96%) ---
2026-05-26 13:29:40,804 - INFO - Epoch [261/1000] - Avg Loss: 0.4650 - Train Acc: 88.28% - LR: 0.00000722
2026-05-26 13:32:51,190 - INFO - Epoch [262/1000] - Avg Loss: 0.4947 - Train Acc: 87.73% - LR: 0.00000722
2026-05-26 13:35:58,981 - INFO - Epoch [263/1000] - Avg Loss: 0.5982 - Train Acc: 86.04% - LR: 0.00000722
2026-05-26 13:39:05,216 - INFO - Epoch [264/1000] - Avg Loss: 0.5856 - Train Acc: 86.59% - LR: 0.00000722
2026-05-26 13:42:15,074 - INFO - Epoch [265/1000] - Avg Loss: 0.5564 - Train Acc: 87.44% - LR: 0.00000722
2026-05-26 13:45:27,160 - INFO - Epoch [266/1000] - Avg Loss: 0.4495 - Train Acc: 88.58% - LR: 0.00000722
2026-05-26 13:48:37,348 - INFO - Epoch [267/1000] - Avg Loss: 0.4993 - Train Acc: 88.36% - LR: 0.00000722
2026-05-26 13:51:53,150 - INFO - Epoch [268/1000] - Avg Loss: 0.5219 - Train Acc: 87.88% - LR: 0.00000722
2026-05-26 13:55:02,383 - INFO - Epoch [269/1000] - Avg Loss: 0.4806 - Train Acc: 88.36% - LR: 0.00000722
2026-05-26 13:58:05,588 - INFO - Epoch [270/1000] - Avg Loss: 0.4602 - Train Acc: 88.32% - LR: 0.00000722
2026-05-26 14:00:56,568 - INFO - --- Epoch 270 综合验证集准确率: 89.54% (历史最高: 90.96%) ---
2026-05-26 14:04:08,206 - INFO - Epoch [271/1000] - Avg Loss: 0.5349 - Train Acc: 87.10% - LR: 0.00000722
2026-05-26 14:07:17,479 - INFO - Epoch [272/1000] - Avg Loss: 0.5015 - Train Acc: 87.66% - LR: 0.00000722
2026-05-26 14:10:28,614 - INFO - Epoch [273/1000] - Avg Loss: 0.4929 - Train Acc: 88.25% - LR: 0.00000722
2026-05-26 14:13:36,400 - INFO - Epoch [274/1000] - Avg Loss: 0.4833 - Train Acc: 89.13% - LR: 0.00000722
2026-05-26 14:16:48,724 - INFO - Epoch [275/1000] - Avg Loss: 0.4751 - Train Acc: 88.73% - LR: 0.00000722
2026-05-26 14:19:55,226 - INFO - Epoch [276/1000] - Avg Loss: 0.5891 - Train Acc: 87.29% - LR: 0.00000722
2026-05-26 14:23:03,527 - INFO - Epoch [277/1000] - Avg Loss: 0.4789 - Train Acc: 88.65% - LR: 0.00000722
2026-05-26 14:26:11,433 - INFO - Epoch [278/1000] - Avg Loss: 0.4658 - Train Acc: 89.02% - LR: 0.00000722
2026-05-26 14:29:18,036 - INFO - Epoch [279/1000] - Avg Loss: 0.5082 - Train Acc: 88.84% - LR: 0.00000722
2026-05-26 14:32:24,604 - INFO - Epoch [280/1000] - Avg Loss: 0.4995 - Train Acc: 88.84% - LR: 0.00000722
2026-05-26 14:35:13,081 - INFO - --- Epoch 280 综合验证集准确率: 91.67% (历史最高: 90.96%) ---
2026-05-26 14:38:25,658 - INFO - Epoch [281/1000] - Avg Loss: 0.5639 - Train Acc: 87.29% - LR: 0.00000722
2026-05-26 14:41:31,269 - INFO - Epoch [282/1000] - Avg Loss: 0.4986 - Train Acc: 88.39% - LR: 0.00000722
2026-05-26 14:44:42,949 - INFO - Epoch [283/1000] - Avg Loss: 0.4773 - Train Acc: 88.03% - LR: 0.00000722
2026-05-26 14:47:55,962 - INFO - Epoch [284/1000] - Avg Loss: 0.5417 - Train Acc: 87.44% - LR: 0.00000722
2026-05-26 14:51:00,605 - INFO - Epoch [285/1000] - Avg Loss: 0.5264 - Train Acc: 88.03% - LR: 0.00000722
2026-05-26 14:54:09,950 - INFO - Epoch [286/1000] - Avg Loss: 0.4249 - Train Acc: 89.28% - LR: 0.00000722
2026-05-26 14:57:18,719 - INFO - Epoch [287/1000] - Avg Loss: 0.4903 - Train Acc: 88.39% - LR: 0.00000722
2026-05-26 15:00:29,202 - INFO - Epoch [288/1000] - Avg Loss: 0.4370 - Train Acc: 89.46% - LR: 0.00000722
2026-05-26 15:03:39,786 - INFO - Epoch [289/1000] - Avg Loss: 0.4996 - Train Acc: 88.14% - LR: 0.00000722
2026-05-26 15:06:48,181 - INFO - Epoch [290/1000] - Avg Loss: 0.5339 - Train Acc: 88.50% - LR: 0.00000722
2026-05-26 15:09:39,914 - INFO - --- Epoch 290 综合验证集准确率: 90.43% (历史最高: 91.67%) ---
2026-05-26 15:12:41,914 - INFO - Epoch [291/1000] - Avg Loss: 0.4847 - Train Acc: 88.69% - LR: 0.00000722
2026-05-26 15:15:51,420 - INFO - Epoch [292/1000] - Avg Loss: 0.4564 - Train Acc: 89.09% - LR: 0.00000722
2026-05-26 15:18:58,688 - INFO - Epoch [293/1000] - Avg Loss: 0.4583 - Train Acc: 88.91% - LR: 0.00000722
2026-05-26 15:22:01,553 - INFO - Epoch [294/1000] - Avg Loss: 0.4760 - Train Acc: 88.61% - LR: 0.00000722
2026-05-26 15:25:10,985 - INFO - Epoch [295/1000] - Avg Loss: 0.4608 - Train Acc: 89.17% - LR: 0.00000722
2026-05-26 15:28:18,182 - INFO - Epoch [296/1000] - Avg Loss: 0.4689 - Train Acc: 88.58% - LR: 0.00000722
2026-05-26 15:31:34,393 - INFO - Epoch [297/1000] - Avg Loss: 0.4741 - Train Acc: 87.88% - LR: 0.00000722
2026-05-26 15:34:43,547 - INFO - Epoch [298/1000] - Avg Loss: 0.4974 - Train Acc: 88.73% - LR: 0.00000722
2026-05-26 15:37:53,162 - INFO - Epoch [299/1000] - Avg Loss: 0.4853 - Train Acc: 88.87% - LR: 0.00000722
2026-05-26 15:41:00,752 - INFO - Epoch [300/1000] - Avg Loss: 0.4790 - Train Acc: 88.65% - LR: 0.00000722
2026-05-26 15:43:49,363 - INFO - --- Epoch 300 综合验证集准确率: 90.78% (历史最高: 91.67%) ---
2026-05-26 15:47:02,019 - INFO - Epoch [301/1000] - Avg Loss: 0.4784 - Train Acc: 89.24% - LR: 0.00000100
2026-05-26 15:50:12,734 - INFO - Epoch [302/1000] - Avg Loss: 0.4708 - Train Acc: 88.25% - LR: 0.00000100
2026-05-26 15:53:23,794 - INFO - Epoch [303/1000] - Avg Loss: 0.4133 - Train Acc: 89.57% - LR: 0.00000100
2026-05-26 15:56:27,561 - INFO - Epoch [304/1000] - Avg Loss: 0.4360 - Train Acc: 89.35% - LR: 0.00000100
2026-05-26 15:59:35,343 - INFO - Epoch [305/1000] - Avg Loss: 0.5090 - Train Acc: 88.58% - LR: 0.00000100
2026-05-26 16:02:44,935 - INFO - Epoch [306/1000] - Avg Loss: 0.4770 - Train Acc: 89.28% - LR: 0.00000100
2026-05-26 16:05:48,630 - INFO - Epoch [307/1000] - Avg Loss: 0.4217 - Train Acc: 90.05% - LR: 0.00000100
2026-05-26 16:08:56,407 - INFO - Epoch [308/1000] - Avg Loss: 0.3871 - Train Acc: 89.57% - LR: 0.00000100
2026-05-26 16:11:57,196 - INFO - Epoch [309/1000] - Avg Loss: 0.4332 - Train Acc: 89.61% - LR: 0.00000100
2026-05-26 16:15:07,775 - INFO - Epoch [310/1000] - Avg Loss: 0.4659 - Train Acc: 89.31% - LR: 0.00000100
2026-05-26 16:17:55,613 - INFO - --- Epoch 310 综合验证集准确率: 90.60% (历史最高: 91.67%) ---
2026-05-26 16:21:02,468 - INFO - Epoch [311/1000] - Avg Loss: 0.4450 - Train Acc: 90.05% - LR: 0.00000100
2026-05-26 16:24:12,496 - INFO - Epoch [312/1000] - Avg Loss: 0.4259 - Train Acc: 89.28% - LR: 0.00000100
2026-05-26 16:27:19,015 - INFO - Epoch [313/1000] - Avg Loss: 0.4355 - Train Acc: 89.94% - LR: 0.00000100
2026-05-26 16:30:23,310 - INFO - Epoch [314/1000] - Avg Loss: 0.3747 - Train Acc: 91.23% - LR: 0.00000100
2026-05-26 16:33:31,158 - INFO - Epoch [315/1000] - Avg Loss: 0.4356 - Train Acc: 89.31% - LR: 0.00000100
2026-05-26 16:36:39,169 - INFO - Epoch [316/1000] - Avg Loss: 0.4596 - Train Acc: 88.69% - LR: 0.00000100
2026-05-26 16:39:41,388 - INFO - Epoch [317/1000] - Avg Loss: 0.4116 - Train Acc: 89.83% - LR: 0.00000100
2026-05-26 16:42:50,204 - INFO - Epoch [318/1000] - Avg Loss: 0.3454 - Train Acc: 90.90% - LR: 0.00000100
2026-05-26 16:46:00,891 - INFO - Epoch [319/1000] - Avg Loss: 0.4584 - Train Acc: 90.01% - LR: 0.00000100
2026-05-26 16:49:06,501 - INFO - Epoch [320/1000] - Avg Loss: 0.4175 - Train Acc: 89.20% - LR: 0.00000100
2026-05-26 16:51:54,183 - INFO - --- Epoch 320 综合验证集准确率: 90.78% (历史最高: 91.67%) ---
2026-05-26 16:55:06,115 - INFO - Epoch [321/1000] - Avg Loss: 0.5060 - Train Acc: 88.73% - LR: 0.00000100
2026-05-26 16:58:13,122 - INFO - Epoch [322/1000] - Avg Loss: 0.4424 - Train Acc: 88.54% - LR: 0.00000100
2026-05-26 17:01:18,478 - INFO - Epoch [323/1000] - Avg Loss: 0.4351 - Train Acc: 89.46% - LR: 0.00000100
2026-05-26 17:04:31,804 - INFO - Epoch [324/1000] - Avg Loss: 0.4427 - Train Acc: 89.87% - LR: 0.00000100
2026-05-26 17:07:44,552 - INFO - Epoch [325/1000] - Avg Loss: 0.4539 - Train Acc: 89.43% - LR: 0.00000100
2026-05-26 17:10:49,520 - INFO - Epoch [326/1000] - Avg Loss: 0.4660 - Train Acc: 88.84% - LR: 0.00000100
2026-05-26 17:14:02,134 - INFO - Epoch [327/1000] - Avg Loss: 0.4000 - Train Acc: 90.71% - LR: 0.00000100
2026-05-26 17:17:08,351 - INFO - Epoch [328/1000] - Avg Loss: 0.4489 - Train Acc: 89.35% - LR: 0.00000100
2026-05-26 17:20:15,715 - INFO - Epoch [329/1000] - Avg Loss: 0.4554 - Train Acc: 89.13% - LR: 0.00000100
2026-05-26 17:23:25,716 - INFO - Epoch [330/1000] - Avg Loss: 0.4856 - Train Acc: 88.69% - LR: 0.00000100
2026-05-26 17:26:12,259 - INFO - --- Epoch 330 综合验证集准确率: 89.89% (历史最高: 91.67%) ---
2026-05-26 17:29:22,058 - INFO - Epoch [331/1000] - Avg Loss: 0.5239 - Train Acc: 87.88% - LR: 0.00000100
2026-05-26 17:32:35,318 - INFO - Epoch [332/1000] - Avg Loss: 0.4197 - Train Acc: 89.94% - LR: 0.00000100
2026-05-26 17:35:44,396 - INFO - Epoch [333/1000] - Avg Loss: 0.4987 - Train Acc: 88.76% - LR: 0.00000100
2026-05-26 17:38:51,359 - INFO - Epoch [334/1000] - Avg Loss: 0.4130 - Train Acc: 89.68% - LR: 0.00000100
2026-05-26 17:41:59,567 - INFO - Epoch [335/1000] - Avg Loss: 0.5265 - Train Acc: 88.65% - LR: 0.00000100
2026-05-26 17:45:11,283 - INFO - Epoch [336/1000] - Avg Loss: 0.4771 - Train Acc: 89.09% - LR: 0.00000100
2026-05-26 17:48:16,879 - INFO - Epoch [337/1000] - Avg Loss: 0.4502 - Train Acc: 89.61% - LR: 0.00000100
2026-05-26 17:51:24,813 - INFO - Epoch [338/1000] - Avg Loss: 0.4108 - Train Acc: 90.57% - LR: 0.00000100
2026-05-26 17:54:33,101 - INFO - Epoch [339/1000] - Avg Loss: 0.4004 - Train Acc: 90.31% - LR: 0.00000100
2026-05-26 17:57:46,644 - INFO - Epoch [340/1000] - Avg Loss: 0.4268 - Train Acc: 89.72% - LR: 0.00000100
2026-05-26 18:00:34,112 - INFO - --- Epoch 340 综合验证集准确率: 90.60% (历史最高: 91.67%) ---
2026-05-26 18:03:42,108 - INFO - Epoch [341/1000] - Avg Loss: 0.4262 - Train Acc: 89.72% - LR: 0.00000100
2026-05-26 18:06:52,713 - INFO - Epoch [342/1000] - Avg Loss: 0.4440 - Train Acc: 89.06% - LR: 0.00000100
2026-05-26 18:10:03,407 - INFO - Epoch [343/1000] - Avg Loss: 0.4203 - Train Acc: 91.12% - LR: 0.00000100
2026-05-26 18:13:17,669 - INFO - Epoch [344/1000] - Avg Loss: 0.4360 - Train Acc: 90.05% - LR: 0.00000100
2026-05-26 18:16:22,733 - INFO - Epoch [345/1000] - Avg Loss: 0.4267 - Train Acc: 89.50% - LR: 0.00000100
2026-05-26 18:19:31,126 - INFO - Epoch [346/1000] - Avg Loss: 0.4230 - Train Acc: 89.90% - LR: 0.00000100
2026-05-26 18:22:41,205 - INFO - Epoch [347/1000] - Avg Loss: 0.3825 - Train Acc: 90.90% - LR: 0.00000100
2026-05-26 18:25:48,078 - INFO - Epoch [348/1000] - Avg Loss: 0.4908 - Train Acc: 89.83% - LR: 0.00000100
2026-05-26 18:28:55,427 - INFO - Epoch [349/1000] - Avg Loss: 0.4102 - Train Acc: 90.09% - LR: 0.00000100
2026-05-26 18:32:08,357 - INFO - Epoch [350/1000] - Avg Loss: 0.4602 - Train Acc: 89.50% - LR: 0.00000100
2026-05-26 18:34:55,009 - INFO - --- Epoch 350 综合验证集准确率: 90.78% (历史最高: 91.67%) ---
2026-05-26 18:38:06,616 - INFO - Epoch [351/1000] - Avg Loss: 0.4277 - Train Acc: 90.35% - LR: 0.00000100
2026-05-26 18:41:16,742 - INFO - Epoch [352/1000] - Avg Loss: 0.4076 - Train Acc: 89.39% - LR: 0.00000100
2026-05-26 18:44:30,137 - INFO - Epoch [353/1000] - Avg Loss: 0.4769 - Train Acc: 88.95% - LR: 0.00000100
2026-05-26 18:47:41,777 - INFO - Epoch [354/1000] - Avg Loss: 0.4745 - Train Acc: 89.13% - LR: 0.00000100
2026-05-26 18:50:54,102 - INFO - Epoch [355/1000] - Avg Loss: 0.4248 - Train Acc: 89.39% - LR: 0.00000100
2026-05-26 18:53:59,792 - INFO - Epoch [356/1000] - Avg Loss: 0.4797 - Train Acc: 89.79% - LR: 0.00000100
2026-05-26 18:57:05,971 - INFO - Epoch [357/1000] - Avg Loss: 0.4317 - Train Acc: 89.76% - LR: 0.00000100
2026-05-26 19:00:13,429 - INFO - Epoch [358/1000] - Avg Loss: 0.4733 - Train Acc: 89.24% - LR: 0.00000100
2026-05-26 19:03:22,113 - INFO - Epoch [359/1000] - Avg Loss: 0.4270 - Train Acc: 89.83% - LR: 0.00000100
2026-05-26 19:06:32,566 - INFO - Epoch [360/1000] - Avg Loss: 0.4838 - Train Acc: 88.84% - LR: 0.00000100
2026-05-26 19:09:18,234 - INFO - --- Epoch 360 综合验证集准确率: 90.43% (历史最高: 91.67%) ---
2026-05-26 19:12:30,188 - INFO - Epoch [361/1000] - Avg Loss: 0.4106 - Train Acc: 90.01% - LR: 0.00000100
2026-05-26 19:15:37,010 - INFO - Epoch [362/1000] - Avg Loss: 0.4476 - Train Acc: 90.01% - LR: 0.00000100
2026-05-26 19:18:46,173 - INFO - Epoch [363/1000] - Avg Loss: 0.4353 - Train Acc: 89.98% - LR: 0.00000100
2026-05-26 19:21:53,939 - INFO - Epoch [364/1000] - Avg Loss: 0.4543 - Train Acc: 89.90% - LR: 0.00000100
2026-05-26 19:25:02,641 - INFO - Epoch [365/1000] - Avg Loss: 0.4553 - Train Acc: 88.61% - LR: 0.00000100
2026-05-26 19:28:13,018 - INFO - Epoch [366/1000] - Avg Loss: 0.4659 - Train Acc: 89.24% - LR: 0.00000100
2026-05-26 19:31:17,386 - INFO - Epoch [367/1000] - Avg Loss: 0.4466 - Train Acc: 89.83% - LR: 0.00000100
2026-05-26 19:34:28,855 - INFO - Epoch [368/1000] - Avg Loss: 0.4016 - Train Acc: 90.90% - LR: 0.00000100
2026-05-26 19:37:34,825 - INFO - Epoch [369/1000] - Avg Loss: 0.4801 - Train Acc: 88.39% - LR: 0.00000100
2026-05-26 19:40:48,250 - INFO - Epoch [370/1000] - Avg Loss: 0.4046 - Train Acc: 90.24% - LR: 0.00000100
2026-05-26 19:43:34,440 - INFO - --- Epoch 370 综合验证集准确率: 90.43% (历史最高: 91.67%) ---
2026-05-26 19:46:42,019 - INFO - Epoch [371/1000] - Avg Loss: 0.4917 - Train Acc: 89.31% - LR: 0.00000100
2026-05-26 19:49:56,448 - INFO - Epoch [372/1000] - Avg Loss: 0.4510 - Train Acc: 89.94% - LR: 0.00000100
2026-05-26 19:52:56,155 - INFO - Epoch [373/1000] - Avg Loss: 0.4072 - Train Acc: 89.24% - LR: 0.00000100
2026-05-26 19:56:06,612 - INFO - Epoch [374/1000] - Avg Loss: 0.4460 - Train Acc: 89.06% - LR: 0.00000100
2026-05-26 19:59:19,520 - INFO - Epoch [375/1000] - Avg Loss: 0.5309 - Train Acc: 89.02% - LR: 0.00000100
2026-05-26 20:02:31,241 - INFO - Epoch [376/1000] - Avg Loss: 0.3986 - Train Acc: 90.16% - LR: 0.00000100
2026-05-26 20:05:39,313 - INFO - Epoch [377/1000] - Avg Loss: 0.4039 - Train Acc: 89.76% - LR: 0.00000100
2026-05-26 20:08:49,668 - INFO - Epoch [378/1000] - Avg Loss: 0.4958 - Train Acc: 89.06% - LR: 0.00000100
2026-05-26 20:12:02,289 - INFO - Epoch [379/1000] - Avg Loss: 0.4402 - Train Acc: 89.65% - LR: 0.00000100
2026-05-26 20:15:09,889 - INFO - Epoch [380/1000] - Avg Loss: 0.3540 - Train Acc: 90.94% - LR: 0.00000100
2026-05-26 20:17:57,480 - INFO - --- Epoch 380 综合验证集准确率: 90.78% (历史最高: 91.67%) ---
2026-05-26 20:17:57,480 - INFO - Early stopping at epoch 380 due to precision stagnation.
