26-02-26 03:04:58.936 :   task: train
  gpu_ids: [0, 1, 2, 3]
  log_path: ./log
  model_save: ./model_save
  pretained_path:[
    index: False
    path: ./model_save/model_best.pth
  ]
  batch_size: 1
  nc: [1, 16]
  patch_size: [128, 128]
  stride_size: [16, 16]
  atoms: 50
  d_size: 3
  max_epoch: 1000
  stage: 3
  lr: 0.0001
  loss_function_index: 1
  n_channels: 1
  train:[
    sigma: [15, 50]
    dataroot_H: ./dataset/gray_train
    H_size: 128
    n_channels: 1
  ]
  valid:[
    sigma: [15, 25, 50]
    dataroot_H: ./dataset/gray_valid
    n_channels: 1
  ]
  opt_path: ./options/train_options.json
  is_train: True
  scale: 1

26-02-26 03:04:59.985 : Number of parameter: 3.41M
26-02-26 03:04:59.985 : start training...
26-02-26 03:07:14.692 : epoch:[1/1000], 平均loss: 0.0563
26-02-26 03:09:27.880 : epoch:[2/1000], 平均loss: 0.0355
26-02-26 03:11:41.577 : epoch:[3/1000], 平均loss: 0.0329
26-02-26 03:13:54.348 : epoch:[4/1000], 平均loss: 0.0315
26-02-26 03:16:06.911 : epoch:[5/1000], 平均loss: 0.0302
26-02-26 03:18:19.110 : epoch:[6/1000], 平均loss: 0.0298
26-02-26 03:20:30.338 : epoch:[7/1000], 平均loss: 0.0288
26-02-26 03:22:42.575 : epoch:[8/1000], 平均loss: 0.0284
26-02-26 03:24:55.295 : epoch:[9/1000], 平均loss: 0.0281
26-02-26 03:27:08.035 : epoch:[10/1000], 平均loss: 0.0276
26-02-26 03:29:19.913 : epoch:[11/1000], 平均loss: 0.0272
26-02-26 03:31:25.500 : epoch:[12/1000], 平均loss: 0.0272
26-02-26 03:33:31.279 : epoch:[13/1000], 平均loss: 0.0272
26-02-26 03:35:36.266 : epoch:[14/1000], 平均loss: 0.0267
26-02-26 03:37:41.329 : epoch:[15/1000], 平均loss: 0.0269
26-02-26 03:39:45.901 : epoch:[16/1000], 平均loss: 0.0267
26-02-26 03:41:50.693 : epoch:[17/1000], 平均loss: 0.0262
26-02-26 03:43:56.110 : epoch:[18/1000], 平均loss: 0.0266
26-02-26 03:46:01.683 : epoch:[19/1000], 平均loss: 0.0261
26-02-26 03:48:06.727 : epoch:[20/1000], 平均loss: 0.0258
26-02-26 03:50:11.585 : epoch:[21/1000], 平均loss: 0.0259
26-02-26 03:52:16.222 : epoch:[22/1000], 平均loss: 0.0260
26-02-26 03:54:21.279 : epoch:[23/1000], 平均loss: 0.0256
26-02-26 03:56:25.991 : epoch:[24/1000], 平均loss: 0.0259
26-02-26 03:58:30.692 : epoch:[25/1000], 平均loss: 0.0255
26-02-26 04:00:35.033 : epoch:[26/1000], 平均loss: 0.0255
26-02-26 04:02:39.371 : epoch:[27/1000], 平均loss: 0.0255
26-02-26 04:04:44.778 : epoch:[28/1000], 平均loss: 0.0251
26-02-26 04:06:50.003 : epoch:[29/1000], 平均loss: 0.0252
26-02-26 04:08:54.851 : epoch:[30/1000], 平均loss: 0.0251
26-02-26 04:10:59.987 : epoch:[31/1000], 平均loss: 0.0250
26-02-26 04:13:06.153 : epoch:[32/1000], 平均loss: 0.0251
26-02-26 04:15:10.947 : epoch:[33/1000], 平均loss: 0.0252
26-02-26 04:17:16.104 : epoch:[34/1000], 平均loss: 0.0252
26-02-26 04:19:21.645 : epoch:[35/1000], 平均loss: 0.0250
26-02-26 04:21:27.942 : epoch:[36/1000], 平均loss: 0.0249
26-02-26 04:23:33.148 : epoch:[37/1000], 平均loss: 0.0249
26-02-26 04:25:36.057 : epoch:[38/1000], 平均loss: 0.0249
26-02-26 04:27:41.452 : epoch:[39/1000], 平均loss: 0.0249
26-02-26 04:29:46.522 : epoch:[40/1000], 平均loss: 0.0247
26-02-26 04:31:51.963 : epoch:[41/1000], 平均loss: 0.0247
26-02-26 04:33:57.128 : epoch:[42/1000], 平均loss: 0.0244
26-02-26 04:36:03.682 : epoch:[43/1000], 平均loss: 0.0247
26-02-26 04:38:07.729 : epoch:[44/1000], 平均loss: 0.0246
26-02-26 04:40:12.491 : epoch:[45/1000], 平均loss: 0.0246
26-02-26 04:42:17.882 : epoch:[46/1000], 平均loss: 0.0244
26-02-26 04:44:20.439 : epoch:[47/1000], 平均loss: 0.0245
26-02-26 04:46:22.815 : epoch:[48/1000], 平均loss: 0.0246
26-02-26 04:48:24.037 : epoch:[49/1000], 平均loss: 0.0247
26-02-26 04:50:27.438 : epoch:[50/1000], 平均loss: 0.0244
26-02-26 04:52:30.061 : epoch:[51/1000], 平均loss: 0.0244
26-02-26 04:54:33.174 : epoch:[52/1000], 平均loss: 0.0243
26-02-26 04:56:36.509 : epoch:[53/1000], 平均loss: 0.0244
26-02-26 04:58:33.705 : epoch:[54/1000], 平均loss: 0.0242
26-02-26 05:00:36.735 : epoch:[55/1000], 平均loss: 0.0244
26-02-26 05:02:40.230 : epoch:[56/1000], 平均loss: 0.0245
26-02-26 05:04:43.857 : epoch:[57/1000], 平均loss: 0.0244
26-02-26 05:06:47.788 : epoch:[58/1000], 平均loss: 0.0243
26-02-26 05:08:51.282 : epoch:[59/1000], 平均loss: 0.0244
26-02-26 05:10:54.410 : epoch:[60/1000], 平均loss: 0.0243
26-02-26 05:12:58.181 : epoch:[61/1000], 平均loss: 0.0243
26-02-26 05:15:01.958 : epoch:[62/1000], 平均loss: 0.0242
26-02-26 05:17:05.425 : epoch:[63/1000], 平均loss: 0.0242
26-02-26 05:19:08.996 : epoch:[64/1000], 平均loss: 0.0243
26-02-26 05:21:13.170 : epoch:[65/1000], 平均loss: 0.0244
26-02-26 05:23:17.056 : epoch:[66/1000], 平均loss: 0.0244
26-02-26 05:25:21.095 : epoch:[67/1000], 平均loss: 0.0242
26-02-26 05:27:25.003 : epoch:[68/1000], 平均loss: 0.0242
26-02-26 05:29:29.283 : epoch:[69/1000], 平均loss: 0.0243
26-02-26 05:31:32.884 : epoch:[70/1000], 平均loss: 0.0240
26-02-26 05:33:38.183 : epoch:[71/1000], 平均loss: 0.0241
26-02-26 05:35:42.206 : epoch:[72/1000], 平均loss: 0.0245
26-02-26 05:37:46.096 : epoch:[73/1000], 平均loss: 0.0243
26-02-26 05:39:50.156 : epoch:[74/1000], 平均loss: 0.0244
26-02-26 05:41:54.248 : epoch:[75/1000], 平均loss: 0.0241
26-02-26 05:43:58.554 : epoch:[76/1000], 平均loss: 0.0240
26-02-26 05:46:02.081 : epoch:[77/1000], 平均loss: 0.0243
26-02-26 05:48:04.189 : epoch:[78/1000], 平均loss: 0.0242
26-02-26 05:50:08.796 : epoch:[79/1000], 平均loss: 0.0241
26-02-26 05:52:12.893 : epoch:[80/1000], 平均loss: 0.0242
26-02-26 05:54:16.842 : epoch:[81/1000], 平均loss: 0.0239
26-02-26 05:56:20.813 : epoch:[82/1000], 平均loss: 0.0243
26-02-26 05:58:24.881 : epoch:[83/1000], 平均loss: 0.0241
26-02-26 06:00:28.565 : epoch:[84/1000], 平均loss: 0.0240
26-02-26 06:02:32.230 : epoch:[85/1000], 平均loss: 0.0241
26-02-26 06:04:36.195 : epoch:[86/1000], 平均loss: 0.0241
26-02-26 06:06:40.593 : epoch:[87/1000], 平均loss: 0.0242
26-02-26 06:08:44.572 : epoch:[88/1000], 平均loss: 0.0240
26-02-26 06:10:48.999 : epoch:[89/1000], 平均loss: 0.0242
26-02-26 06:12:53.765 : epoch:[90/1000], 平均loss: 0.0241
26-02-26 06:14:58.389 : epoch:[91/1000], 平均loss: 0.0240
26-02-26 06:17:02.178 : epoch:[92/1000], 平均loss: 0.0237
26-02-26 06:19:05.732 : epoch:[93/1000], 平均loss: 0.0239
26-02-26 06:21:09.103 : epoch:[94/1000], 平均loss: 0.0241
26-02-26 06:23:12.678 : epoch:[95/1000], 平均loss: 0.0241
26-02-26 06:25:17.133 : epoch:[96/1000], 平均loss: 0.0241
26-02-26 06:27:21.355 : epoch:[97/1000], 平均loss: 0.0241
26-02-26 06:29:19.165 : epoch:[98/1000], 平均loss: 0.0239
26-02-26 06:31:18.131 : epoch:[99/1000], 平均loss: 0.0239
26-02-26 06:33:22.005 : epoch:[100/1000], 平均loss: 0.0240
26-02-26 06:35:25.740 : epoch:[101/1000], 平均loss: 0.0239
26-02-26 06:37:29.337 : epoch:[102/1000], 平均loss: 0.0238
26-02-26 06:39:32.636 : epoch:[103/1000], 平均loss: 0.0240
26-02-26 06:41:36.744 : epoch:[104/1000], 平均loss: 0.0239
26-02-26 06:43:41.671 : epoch:[105/1000], 平均loss: 0.0239
26-02-26 06:45:45.571 : epoch:[106/1000], 平均loss: 0.0240
26-02-26 06:47:49.140 : epoch:[107/1000], 平均loss: 0.0239
26-02-26 06:49:52.782 : epoch:[108/1000], 平均loss: 0.0240
26-02-26 06:51:56.327 : epoch:[109/1000], 平均loss: 0.0239
26-02-26 06:54:00.195 : epoch:[110/1000], 平均loss: 0.0239
26-02-26 06:56:04.446 : epoch:[111/1000], 平均loss: 0.0241
26-02-26 06:58:08.313 : epoch:[112/1000], 平均loss: 0.0239
26-02-26 07:00:11.846 : epoch:[113/1000], 平均loss: 0.0240
26-02-26 07:02:15.236 : epoch:[114/1000], 平均loss: 0.0240
26-02-26 07:04:19.229 : epoch:[115/1000], 平均loss: 0.0241
26-02-26 07:06:22.411 : epoch:[116/1000], 平均loss: 0.0240
26-02-26 07:08:25.913 : epoch:[117/1000], 平均loss: 0.0239
26-02-26 07:10:31.395 : epoch:[118/1000], 平均loss: 0.0240
26-02-26 07:12:32.381 : epoch:[119/1000], 平均loss: 0.0240
26-02-26 07:14:36.338 : epoch:[120/1000], 平均loss: 0.0238
26-02-26 07:16:40.820 : epoch:[121/1000], 平均loss: 0.0239
26-02-26 07:18:45.954 : epoch:[122/1000], 平均loss: 0.0243
26-02-26 07:20:50.486 : epoch:[123/1000], 平均loss: 0.0238
26-02-26 07:22:54.278 : epoch:[124/1000], 平均loss: 0.0238
26-02-26 07:24:54.331 : epoch:[125/1000], 平均loss: 0.0241
26-02-26 07:26:56.839 : epoch:[126/1000], 平均loss: 0.0238
26-02-26 07:29:00.158 : epoch:[127/1000], 平均loss: 0.0238
26-02-26 07:31:03.336 : epoch:[128/1000], 平均loss: 0.0238
26-02-26 07:33:06.664 : epoch:[129/1000], 平均loss: 0.0237
26-02-26 07:35:09.983 : epoch:[130/1000], 平均loss: 0.0238
26-02-26 07:37:12.488 : epoch:[131/1000], 平均loss: 0.0240
26-02-26 07:39:16.392 : epoch:[132/1000], 平均loss: 0.0239
26-02-26 07:41:19.827 : epoch:[133/1000], 平均loss: 0.0239
26-02-26 07:43:23.640 : epoch:[134/1000], 平均loss: 0.0238
26-02-26 07:45:27.729 : epoch:[135/1000], 平均loss: 0.0238
26-02-26 07:47:31.850 : epoch:[136/1000], 平均loss: 0.0238
26-02-26 07:49:35.583 : epoch:[137/1000], 平均loss: 0.0241
26-02-26 07:51:38.948 : epoch:[138/1000], 平均loss: 0.0240
26-02-26 07:53:42.381 : epoch:[139/1000], 平均loss: 0.0238
26-02-26 07:55:46.078 : epoch:[140/1000], 平均loss: 0.0238
26-02-26 07:57:49.294 : epoch:[141/1000], 平均loss: 0.0239
26-02-26 07:59:52.325 : epoch:[142/1000], 平均loss: 0.0238
26-02-26 08:01:55.898 : epoch:[143/1000], 平均loss: 0.0237
26-02-26 08:03:59.858 : epoch:[144/1000], 平均loss: 0.0238
26-02-26 08:06:03.705 : epoch:[145/1000], 平均loss: 0.0238
26-02-26 08:08:03.612 : epoch:[146/1000], 平均loss: 0.0239
26-02-26 08:10:05.594 : epoch:[147/1000], 平均loss: 0.0237
26-02-26 08:12:08.111 : epoch:[148/1000], 平均loss: 0.0238
26-02-26 08:14:10.612 : epoch:[149/1000], 平均loss: 0.0239
26-02-26 08:16:12.296 : epoch:[150/1000], 平均loss: 0.0237
26-02-26 08:18:13.523 : epoch:[151/1000], 平均loss: 0.0238
26-02-26 08:20:15.483 : epoch:[152/1000], 平均loss: 0.0236
26-02-26 08:22:18.866 : epoch:[153/1000], 平均loss: 0.0238
26-02-26 08:24:20.730 : epoch:[154/1000], 平均loss: 0.0239
26-02-26 08:26:22.100 : epoch:[155/1000], 平均loss: 0.0237
26-02-26 08:28:24.075 : epoch:[156/1000], 平均loss: 0.0239
26-02-26 08:30:25.833 : epoch:[157/1000], 平均loss: 0.0237
26-02-26 08:32:27.915 : epoch:[158/1000], 平均loss: 0.0238
26-02-26 08:34:29.215 : epoch:[159/1000], 平均loss: 0.0235
26-02-26 08:36:30.734 : epoch:[160/1000], 平均loss: 0.0236
26-02-26 08:38:32.395 : epoch:[161/1000], 平均loss: 0.0239
26-02-26 08:40:34.059 : epoch:[162/1000], 平均loss: 0.0237
26-02-26 08:42:35.753 : epoch:[163/1000], 平均loss: 0.0238
26-02-26 08:44:38.764 : epoch:[164/1000], 平均loss: 0.0238
26-02-26 08:46:42.269 : epoch:[165/1000], 平均loss: 0.0237
26-02-26 08:48:45.357 : epoch:[166/1000], 平均loss: 0.0237
26-02-26 08:50:47.838 : epoch:[167/1000], 平均loss: 0.0237
26-02-26 08:52:51.069 : epoch:[168/1000], 平均loss: 0.0237
26-02-26 08:54:55.422 : epoch:[169/1000], 平均loss: 0.0235
26-02-26 08:56:59.438 : epoch:[170/1000], 平均loss: 0.0238
26-02-26 08:59:03.588 : epoch:[171/1000], 平均loss: 0.0238
26-02-26 09:01:07.479 : epoch:[172/1000], 平均loss: 0.0239
26-02-26 09:03:11.487 : epoch:[173/1000], 平均loss: 0.0238
26-02-26 09:05:14.746 : epoch:[174/1000], 平均loss: 0.0239
26-02-26 09:07:18.625 : epoch:[175/1000], 平均loss: 0.0237
26-02-26 09:09:22.880 : epoch:[176/1000], 平均loss: 0.0237
26-02-26 09:11:26.958 : epoch:[177/1000], 平均loss: 0.0236
26-02-26 09:13:31.671 : epoch:[178/1000], 平均loss: 0.0235
26-02-26 09:15:35.577 : epoch:[179/1000], 平均loss: 0.0237
26-02-26 09:17:39.113 : epoch:[180/1000], 平均loss: 0.0239
26-02-26 09:19:43.863 : epoch:[181/1000], 平均loss: 0.0235
26-02-26 09:21:47.598 : epoch:[182/1000], 平均loss: 0.0237
26-02-26 09:23:51.168 : epoch:[183/1000], 平均loss: 0.0236
26-02-26 09:25:53.522 : epoch:[184/1000], 平均loss: 0.0236
26-02-26 09:27:57.621 : epoch:[185/1000], 平均loss: 0.0236
26-02-26 09:29:59.996 : epoch:[186/1000], 平均loss: 0.0236
26-02-26 09:32:02.868 : epoch:[187/1000], 平均loss: 0.0236
26-02-26 09:34:07.457 : epoch:[188/1000], 平均loss: 0.0236
26-02-26 09:36:10.227 : epoch:[189/1000], 平均loss: 0.0237
26-02-26 09:38:14.511 : epoch:[190/1000], 平均loss: 0.0238
26-02-26 09:40:18.432 : epoch:[191/1000], 平均loss: 0.0238
26-02-26 09:42:22.009 : epoch:[192/1000], 平均loss: 0.0235
26-02-26 09:44:25.105 : epoch:[193/1000], 平均loss: 0.0236
26-02-26 09:46:25.647 : epoch:[194/1000], 平均loss: 0.0237
26-02-26 09:48:23.097 : epoch:[195/1000], 平均loss: 0.0237
26-02-26 09:50:25.088 : epoch:[196/1000], 平均loss: 0.0237
26-02-26 09:52:27.838 : epoch:[197/1000], 平均loss: 0.0237
26-02-26 09:54:30.249 : epoch:[198/1000], 平均loss: 0.0238
26-02-26 09:56:32.561 : epoch:[199/1000], 平均loss: 0.0236
26-02-26 09:58:35.384 : epoch:[200/1000], 平均loss: 0.0238
26-02-26 10:00:37.744 : epoch:[201/1000], 平均loss: 0.0238
26-02-26 10:02:39.391 : epoch:[202/1000], 平均loss: 0.0237
26-02-26 10:04:41.656 : epoch:[203/1000], 平均loss: 0.0238
26-02-26 10:06:45.249 : epoch:[204/1000], 平均loss: 0.0237
26-02-26 10:08:48.382 : epoch:[205/1000], 平均loss: 0.0239
26-02-26 10:10:50.355 : epoch:[206/1000], 平均loss: 0.0237
26-02-26 10:12:52.727 : epoch:[207/1000], 平均loss: 0.0236
26-02-26 10:14:55.373 : epoch:[208/1000], 平均loss: 0.0237
26-02-26 10:16:57.352 : epoch:[209/1000], 平均loss: 0.0236
26-02-26 10:18:59.920 : epoch:[210/1000], 平均loss: 0.0236
26-02-26 10:21:01.957 : epoch:[211/1000], 平均loss: 0.0238
26-02-26 10:23:04.765 : epoch:[212/1000], 平均loss: 0.0236
26-02-26 10:25:07.977 : epoch:[213/1000], 平均loss: 0.0236
26-02-26 10:27:11.528 : epoch:[214/1000], 平均loss: 0.0237
26-02-26 10:29:13.819 : epoch:[215/1000], 平均loss: 0.0236
26-02-26 10:31:15.753 : epoch:[216/1000], 平均loss: 0.0237
26-02-26 10:33:19.216 : epoch:[217/1000], 平均loss: 0.0236
26-02-26 10:35:22.945 : epoch:[218/1000], 平均loss: 0.0236
26-02-26 10:37:21.849 : epoch:[219/1000], 平均loss: 0.0236
26-02-26 10:39:25.815 : epoch:[220/1000], 平均loss: 0.0235
26-02-26 10:41:27.498 : epoch:[221/1000], 平均loss: 0.0237
26-02-26 10:43:31.003 : epoch:[222/1000], 平均loss: 0.0239
26-02-26 10:45:34.676 : epoch:[223/1000], 平均loss: 0.0236
26-02-26 10:47:39.070 : epoch:[224/1000], 平均loss: 0.0238
26-02-26 10:49:43.335 : epoch:[225/1000], 平均loss: 0.0237
26-02-26 10:51:48.213 : epoch:[226/1000], 平均loss: 0.0238
26-02-26 10:53:48.800 : epoch:[227/1000], 平均loss: 0.0237
26-02-26 10:55:46.950 : epoch:[228/1000], 平均loss: 0.0236
26-02-26 10:57:50.954 : epoch:[229/1000], 平均loss: 0.0235
26-02-26 10:59:54.970 : epoch:[230/1000], 平均loss: 0.0237
26-02-26 11:01:59.316 : epoch:[231/1000], 平均loss: 0.0238
26-02-26 11:04:03.281 : epoch:[232/1000], 平均loss: 0.0235
26-02-26 11:06:06.984 : epoch:[233/1000], 平均loss: 0.0237
26-02-26 11:08:11.835 : epoch:[234/1000], 平均loss: 0.0238
26-02-26 11:10:15.778 : epoch:[235/1000], 平均loss: 0.0234
26-02-26 11:12:19.983 : epoch:[236/1000], 平均loss: 0.0237
26-02-26 11:14:23.281 : epoch:[237/1000], 平均loss: 0.0237
26-02-26 11:16:27.871 : epoch:[238/1000], 平均loss: 0.0237
26-02-26 11:18:32.183 : epoch:[239/1000], 平均loss: 0.0237
26-02-26 11:20:36.475 : epoch:[240/1000], 平均loss: 0.0236
26-02-26 11:22:39.314 : epoch:[241/1000], 平均loss: 0.0236
26-02-26 11:24:43.895 : epoch:[242/1000], 平均loss: 0.0236
26-02-26 11:26:44.810 : epoch:[243/1000], 平均loss: 0.0237
26-02-26 11:28:48.588 : epoch:[244/1000], 平均loss: 0.0238
26-02-26 11:30:48.959 : epoch:[245/1000], 平均loss: 0.0237
26-02-26 11:32:48.970 : epoch:[246/1000], 平均loss: 0.0236
26-02-26 11:34:53.435 : epoch:[247/1000], 平均loss: 0.0236
26-02-26 11:36:57.722 : epoch:[248/1000], 平均loss: 0.0238
26-02-26 11:39:02.652 : epoch:[249/1000], 平均loss: 0.0237
26-02-26 11:41:06.301 : epoch:[250/1000], 平均loss: 0.0236
26-02-26 11:43:10.623 : epoch:[251/1000], 平均loss: 0.0238
26-02-26 11:45:21.601 : epoch:[252/1000], 平均loss: 0.0239
26-02-26 11:47:31.904 : epoch:[253/1000], 平均loss: 0.0236
26-02-26 11:49:43.342 : epoch:[254/1000], 平均loss: 0.0238
26-02-26 11:51:54.766 : epoch:[255/1000], 平均loss: 0.0235
26-02-26 11:54:06.237 : epoch:[256/1000], 平均loss: 0.0234
26-02-26 11:56:17.975 : epoch:[257/1000], 平均loss: 0.0239
26-02-26 11:58:28.831 : epoch:[258/1000], 平均loss: 0.0236
26-02-26 12:00:40.667 : epoch:[259/1000], 平均loss: 0.0237
26-02-26 12:02:52.406 : epoch:[260/1000], 平均loss: 0.0238
26-02-26 12:05:07.316 : epoch:[261/1000], 平均loss: 0.0237
26-02-26 12:07:19.283 : epoch:[262/1000], 平均loss: 0.0239
26-02-26 12:09:30.383 : epoch:[263/1000], 平均loss: 0.0237
26-02-26 12:11:41.989 : epoch:[264/1000], 平均loss: 0.0236
26-02-26 12:13:53.168 : epoch:[265/1000], 平均loss: 0.0238
26-02-26 12:16:05.064 : epoch:[266/1000], 平均loss: 0.0239
26-02-26 12:18:17.092 : epoch:[267/1000], 平均loss: 0.0236
26-02-26 12:20:27.943 : epoch:[268/1000], 平均loss: 0.0235
26-02-26 12:22:38.421 : epoch:[269/1000], 平均loss: 0.0238
26-02-26 12:24:45.498 : epoch:[270/1000], 平均loss: 0.0237
26-02-26 12:26:50.750 : epoch:[271/1000], 平均loss: 0.0235
26-02-26 12:28:55.055 : epoch:[272/1000], 平均loss: 0.0236
26-02-26 12:30:59.074 : epoch:[273/1000], 平均loss: 0.0237
26-02-26 12:33:03.663 : epoch:[274/1000], 平均loss: 0.0238
26-02-26 12:35:08.636 : epoch:[275/1000], 平均loss: 0.0236
26-02-26 12:37:13.856 : epoch:[276/1000], 平均loss: 0.0236
26-02-26 12:39:18.445 : epoch:[277/1000], 平均loss: 0.0235
26-02-26 12:41:23.075 : epoch:[278/1000], 平均loss: 0.0237
26-02-26 12:43:28.071 : epoch:[279/1000], 平均loss: 0.0235
26-02-26 12:45:33.690 : epoch:[280/1000], 平均loss: 0.0237
26-02-26 12:47:39.005 : epoch:[281/1000], 平均loss: 0.0235
26-02-26 12:49:43.870 : epoch:[282/1000], 平均loss: 0.0236
26-02-26 12:51:48.779 : epoch:[283/1000], 平均loss: 0.0240
26-02-26 12:53:53.956 : epoch:[284/1000], 平均loss: 0.0236
26-02-26 12:55:58.999 : epoch:[285/1000], 平均loss: 0.0236
26-02-26 12:58:04.597 : epoch:[286/1000], 平均loss: 0.0236
26-02-26 13:00:09.338 : epoch:[287/1000], 平均loss: 0.0237
26-02-26 13:02:13.815 : epoch:[288/1000], 平均loss: 0.0238
26-02-26 13:04:17.328 : epoch:[289/1000], 平均loss: 0.0237
26-02-26 13:06:17.270 : epoch:[290/1000], 平均loss: 0.0237
26-02-26 13:08:21.599 : epoch:[291/1000], 平均loss: 0.0238
26-02-26 13:10:24.708 : epoch:[292/1000], 平均loss: 0.0237
26-02-26 13:12:27.899 : epoch:[293/1000], 平均loss: 0.0238
26-02-26 13:14:27.766 : epoch:[294/1000], 平均loss: 0.0237
26-02-26 13:16:25.356 : epoch:[295/1000], 平均loss: 0.0236
26-02-26 13:18:24.227 : epoch:[296/1000], 平均loss: 0.0236
26-02-26 13:20:27.052 : epoch:[297/1000], 平均loss: 0.0234
26-02-26 13:22:31.052 : epoch:[298/1000], 平均loss: 0.0239
26-02-26 13:24:33.217 : epoch:[299/1000], 平均loss: 0.0235
26-02-26 13:26:36.775 : epoch:[300/1000], 平均loss: 0.0237
26-02-26 13:28:39.732 : epoch:[301/1000], 平均loss: 0.0237
26-02-26 13:30:42.907 : epoch:[302/1000], 平均loss: 0.0236
26-02-26 13:32:46.292 : epoch:[303/1000], 平均loss: 0.0239
26-02-26 13:34:49.474 : epoch:[304/1000], 平均loss: 0.0237
26-02-26 13:36:49.369 : epoch:[305/1000], 平均loss: 0.0236
26-02-26 13:38:52.409 : epoch:[306/1000], 平均loss: 0.0236
26-02-26 13:40:55.985 : epoch:[307/1000], 平均loss: 0.0238
26-02-26 13:42:58.222 : epoch:[308/1000], 平均loss: 0.0234
26-02-26 13:45:00.983 : epoch:[309/1000], 平均loss: 0.0239
26-02-26 13:47:04.287 : epoch:[310/1000], 平均loss: 0.0235
26-02-26 13:49:06.602 : epoch:[311/1000], 平均loss: 0.0239
26-02-26 13:51:09.337 : epoch:[312/1000], 平均loss: 0.0234
26-02-26 13:53:12.270 : epoch:[313/1000], 平均loss: 0.0237
26-02-26 13:55:15.595 : epoch:[314/1000], 平均loss: 0.0238
26-02-26 13:57:18.199 : epoch:[315/1000], 平均loss: 0.0237
26-02-26 13:59:20.996 : epoch:[316/1000], 平均loss: 0.0236
26-02-26 14:01:24.191 : epoch:[317/1000], 平均loss: 0.0236
26-02-26 14:03:26.453 : epoch:[318/1000], 平均loss: 0.0237
26-02-26 14:05:28.800 : epoch:[319/1000], 平均loss: 0.0236
26-02-26 14:07:31.432 : epoch:[320/1000], 平均loss: 0.0237
26-02-26 14:09:33.892 : epoch:[321/1000], 平均loss: 0.0237
26-02-26 14:11:36.323 : epoch:[322/1000], 平均loss: 0.0235
26-02-26 14:13:39.206 : epoch:[323/1000], 平均loss: 0.0236
26-02-26 14:15:40.057 : epoch:[324/1000], 平均loss: 0.0235
26-02-26 14:17:40.737 : epoch:[325/1000], 平均loss: 0.0239
26-02-26 14:19:45.154 : epoch:[326/1000], 平均loss: 0.0236
26-02-26 14:21:48.755 : epoch:[327/1000], 平均loss: 0.0237
26-02-26 14:23:51.809 : epoch:[328/1000], 平均loss: 0.0237
26-02-26 14:25:54.226 : epoch:[329/1000], 平均loss: 0.0237
26-02-26 14:27:58.364 : epoch:[330/1000], 平均loss: 0.0238
26-02-26 14:29:59.756 : epoch:[331/1000], 平均loss: 0.0238
26-02-26 14:32:03.394 : epoch:[332/1000], 平均loss: 0.0239
26-02-26 14:34:06.092 : epoch:[333/1000], 平均loss: 0.0237
26-02-26 14:36:09.776 : epoch:[334/1000], 平均loss: 0.0236
26-02-26 14:38:14.020 : epoch:[335/1000], 平均loss: 0.0236
26-02-26 14:40:17.948 : epoch:[336/1000], 平均loss: 0.0236
26-02-26 14:42:21.819 : epoch:[337/1000], 平均loss: 0.0237
26-02-26 14:44:25.146 : epoch:[338/1000], 平均loss: 0.0236
26-02-26 14:46:27.897 : epoch:[339/1000], 平均loss: 0.0235
26-02-26 14:48:31.056 : epoch:[340/1000], 平均loss: 0.0236
26-02-26 14:50:33.880 : epoch:[341/1000], 平均loss: 0.0237
26-02-26 14:52:33.590 : epoch:[342/1000], 平均loss: 0.0235
26-02-26 14:54:36.945 : epoch:[343/1000], 平均loss: 0.0236
26-02-26 14:56:41.247 : epoch:[344/1000], 平均loss: 0.0236
26-02-26 14:58:44.951 : epoch:[345/1000], 平均loss: 0.0235
26-02-26 15:00:46.454 : epoch:[346/1000], 平均loss: 0.0236
26-02-26 15:02:48.430 : epoch:[347/1000], 平均loss: 0.0238
26-02-26 15:04:52.074 : epoch:[348/1000], 平均loss: 0.0235
26-02-26 15:07:08.177 : epoch:[349/1000], 平均loss: 0.0237
26-02-26 15:09:24.374 : epoch:[350/1000], 平均loss: 0.0235
26-02-26 15:11:35.550 : epoch:[351/1000], 平均loss: 0.0237
26-02-26 15:13:42.302 : epoch:[352/1000], 平均loss: 0.0235
26-02-26 15:15:44.115 : epoch:[353/1000], 平均loss: 0.0235
26-02-26 15:17:42.544 : epoch:[354/1000], 平均loss: 0.0235
26-02-26 15:19:46.744 : epoch:[355/1000], 平均loss: 0.0234
26-02-26 15:21:51.385 : epoch:[356/1000], 平均loss: 0.0235
26-02-26 15:23:56.037 : epoch:[357/1000], 平均loss: 0.0238
26-02-26 15:26:00.975 : epoch:[358/1000], 平均loss: 0.0235
26-02-26 15:28:03.442 : epoch:[359/1000], 平均loss: 0.0237
26-02-26 15:30:06.963 : epoch:[360/1000], 平均loss: 0.0237
26-02-26 15:32:11.624 : epoch:[361/1000], 平均loss: 0.0235
26-02-26 15:34:15.988 : epoch:[362/1000], 平均loss: 0.0236
26-02-26 15:36:20.615 : epoch:[363/1000], 平均loss: 0.0235
26-02-26 15:38:25.914 : epoch:[364/1000], 平均loss: 0.0237
26-02-26 15:40:29.230 : epoch:[365/1000], 平均loss: 0.0236
26-02-26 15:42:34.672 : epoch:[366/1000], 平均loss: 0.0238
26-02-26 15:44:40.403 : epoch:[367/1000], 平均loss: 0.0235
26-02-26 15:46:44.885 : epoch:[368/1000], 平均loss: 0.0238
26-02-26 15:48:49.580 : epoch:[369/1000], 平均loss: 0.0240
26-02-26 15:50:54.116 : epoch:[370/1000], 平均loss: 0.0237
26-02-26 15:52:58.325 : epoch:[371/1000], 平均loss: 0.0236
26-02-26 15:55:02.320 : epoch:[372/1000], 平均loss: 0.0238
26-02-26 15:57:06.951 : epoch:[373/1000], 平均loss: 0.0237
26-02-26 15:59:12.082 : epoch:[374/1000], 平均loss: 0.0237
26-02-26 16:01:16.811 : epoch:[375/1000], 平均loss: 0.0235
26-02-26 16:03:18.531 : epoch:[376/1000], 平均loss: 0.0236
26-02-26 16:05:22.480 : epoch:[377/1000], 平均loss: 0.0238
26-02-26 16:07:26.326 : epoch:[378/1000], 平均loss: 0.0236
26-02-26 16:09:29.902 : epoch:[379/1000], 平均loss: 0.0238
26-02-26 16:11:33.550 : epoch:[380/1000], 平均loss: 0.0238
26-02-26 16:13:37.205 : epoch:[381/1000], 平均loss: 0.0237
26-02-26 16:15:40.419 : epoch:[382/1000], 平均loss: 0.0236
26-02-26 16:17:36.115 : epoch:[383/1000], 平均loss: 0.0234
26-02-26 16:19:39.214 : epoch:[384/1000], 平均loss: 0.0239
26-02-26 16:21:42.525 : epoch:[385/1000], 平均loss: 0.0237
26-02-26 16:23:46.583 : epoch:[386/1000], 平均loss: 0.0237
26-02-26 16:25:47.285 : epoch:[387/1000], 平均loss: 0.0236
26-02-26 16:27:51.347 : epoch:[388/1000], 平均loss: 0.0235
26-02-26 16:29:55.372 : epoch:[389/1000], 平均loss: 0.0236
26-02-26 16:31:58.004 : epoch:[390/1000], 平均loss: 0.0237
26-02-26 16:34:01.284 : epoch:[391/1000], 平均loss: 0.0235
26-02-26 16:36:04.113 : epoch:[392/1000], 平均loss: 0.0235
26-02-26 16:38:07.108 : epoch:[393/1000], 平均loss: 0.0237
26-02-26 16:40:09.343 : epoch:[394/1000], 平均loss: 0.0238
26-02-26 16:42:11.103 : epoch:[395/1000], 平均loss: 0.0237
26-02-26 16:44:12.765 : epoch:[396/1000], 平均loss: 0.0238
26-02-26 16:46:16.198 : epoch:[397/1000], 平均loss: 0.0236
26-02-26 16:48:18.330 : epoch:[398/1000], 平均loss: 0.0237
26-02-26 16:50:22.756 : epoch:[399/1000], 平均loss: 0.0236
26-02-26 16:52:26.076 : epoch:[400/1000], 平均loss: 0.0238
26-02-26 16:54:30.287 : epoch:[401/1000], 平均loss: 0.0238
26-02-26 16:56:33.708 : epoch:[402/1000], 平均loss: 0.0236
26-02-26 16:58:37.027 : epoch:[403/1000], 平均loss: 0.0237
26-02-26 17:00:41.255 : epoch:[404/1000], 平均loss: 0.0235
26-02-26 17:02:45.118 : epoch:[405/1000], 平均loss: 0.0237
26-02-26 17:04:47.503 : epoch:[406/1000], 平均loss: 0.0236
26-02-26 17:06:51.122 : epoch:[407/1000], 平均loss: 0.0235
26-02-26 17:08:54.724 : epoch:[408/1000], 平均loss: 0.0234
26-02-26 17:10:59.249 : epoch:[409/1000], 平均loss: 0.0238
26-02-26 17:13:03.767 : epoch:[410/1000], 平均loss: 0.0238
26-02-26 17:15:07.710 : epoch:[411/1000], 平均loss: 0.0236
26-02-26 17:17:11.648 : epoch:[412/1000], 平均loss: 0.0235
26-02-26 17:19:16.177 : epoch:[413/1000], 平均loss: 0.0235
26-02-26 17:21:19.731 : epoch:[414/1000], 平均loss: 0.0236
26-02-26 17:23:24.028 : epoch:[415/1000], 平均loss: 0.0237
26-02-26 17:25:28.426 : epoch:[416/1000], 平均loss: 0.0236
26-02-26 17:27:31.727 : epoch:[417/1000], 平均loss: 0.0237
26-02-26 17:29:35.172 : epoch:[418/1000], 平均loss: 0.0235
26-02-26 17:31:39.494 : epoch:[419/1000], 平均loss: 0.0237
26-02-26 17:33:41.731 : epoch:[420/1000], 平均loss: 0.0236
26-02-26 17:35:45.719 : epoch:[421/1000], 平均loss: 0.0237
26-02-26 17:37:49.006 : epoch:[422/1000], 平均loss: 0.0238
26-02-26 17:39:52.611 : epoch:[423/1000], 平均loss: 0.0236
26-02-26 17:41:56.133 : epoch:[424/1000], 平均loss: 0.0236
26-02-26 17:44:00.224 : epoch:[425/1000], 平均loss: 0.0239
26-02-26 17:46:03.241 : epoch:[426/1000], 平均loss: 0.0235
26-02-26 17:48:06.735 : epoch:[427/1000], 平均loss: 0.0238
26-02-26 17:50:10.320 : epoch:[428/1000], 平均loss: 0.0235
26-02-26 17:52:04.700 : epoch:[429/1000], 平均loss: 0.0237
26-02-26 17:54:05.189 : epoch:[430/1000], 平均loss: 0.0238
26-02-26 17:56:07.284 : epoch:[431/1000], 平均loss: 0.0237
26-02-26 17:58:08.020 : epoch:[432/1000], 平均loss: 0.0237
26-02-26 18:00:10.896 : epoch:[433/1000], 平均loss: 0.0238
26-02-26 18:02:13.747 : epoch:[434/1000], 平均loss: 0.0236
26-02-26 18:04:17.400 : epoch:[435/1000], 平均loss: 0.0236
26-02-26 18:06:21.035 : epoch:[436/1000], 平均loss: 0.0238
26-02-26 18:08:24.449 : epoch:[437/1000], 平均loss: 0.0238
26-02-26 18:10:27.766 : epoch:[438/1000], 平均loss: 0.0237
26-02-26 18:12:31.144 : epoch:[439/1000], 平均loss: 0.0238
26-02-26 18:14:35.341 : epoch:[440/1000], 平均loss: 0.0237
26-02-26 18:16:37.377 : epoch:[441/1000], 平均loss: 0.0236
26-02-26 18:18:37.617 : epoch:[442/1000], 平均loss: 0.0235
26-02-26 18:20:37.799 : epoch:[443/1000], 平均loss: 0.0238
26-02-26 18:22:39.391 : epoch:[444/1000], 平均loss: 0.0236
26-02-26 18:24:40.778 : epoch:[445/1000], 平均loss: 0.0235
26-02-26 18:26:41.650 : epoch:[446/1000], 平均loss: 0.0235
26-02-26 18:28:42.859 : epoch:[447/1000], 平均loss: 0.0237
26-02-26 18:30:43.633 : epoch:[448/1000], 平均loss: 0.0236
26-02-26 18:32:44.438 : epoch:[449/1000], 平均loss: 0.0236
26-02-26 18:34:45.101 : epoch:[450/1000], 平均loss: 0.0236
26-02-26 18:36:48.883 : epoch:[451/1000], 平均loss: 0.0236
26-02-26 18:38:52.785 : epoch:[452/1000], 平均loss: 0.0235
26-02-26 18:40:57.014 : epoch:[453/1000], 平均loss: 0.0237
26-02-26 18:43:01.453 : epoch:[454/1000], 平均loss: 0.0237
26-02-26 18:45:05.697 : epoch:[455/1000], 平均loss: 0.0237
26-02-26 18:47:11.439 : epoch:[456/1000], 平均loss: 0.0236
26-02-26 18:49:17.314 : epoch:[457/1000], 平均loss: 0.0235
26-02-26 18:51:21.702 : epoch:[458/1000], 平均loss: 0.0237
26-02-26 18:53:26.150 : epoch:[459/1000], 平均loss: 0.0236
26-02-26 18:55:31.164 : epoch:[460/1000], 平均loss: 0.0236
26-02-26 18:57:36.577 : epoch:[461/1000], 平均loss: 0.0237
26-02-26 18:59:40.567 : epoch:[462/1000], 平均loss: 0.0236
26-02-26 19:01:44.674 : epoch:[463/1000], 平均loss: 0.0236
26-02-26 19:03:46.435 : epoch:[464/1000], 平均loss: 0.0236
26-02-26 19:05:50.960 : epoch:[465/1000], 平均loss: 0.0237
26-02-26 19:07:54.769 : epoch:[466/1000], 平均loss: 0.0236
26-02-26 19:09:58.794 : epoch:[467/1000], 平均loss: 0.0235
26-02-26 19:12:02.228 : epoch:[468/1000], 平均loss: 0.0236
26-02-26 19:14:05.563 : epoch:[469/1000], 平均loss: 0.0238
26-02-26 19:16:13.656 : epoch:[470/1000], 平均loss: 0.0235
26-02-26 19:18:17.910 : epoch:[471/1000], 平均loss: 0.0237
26-02-26 19:20:20.234 : epoch:[472/1000], 平均loss: 0.0237
26-02-26 19:22:24.381 : epoch:[473/1000], 平均loss: 0.0235
26-02-26 19:24:28.808 : epoch:[474/1000], 平均loss: 0.0235
26-02-26 19:26:34.335 : epoch:[475/1000], 平均loss: 0.0235
26-02-26 19:28:40.428 : epoch:[476/1000], 平均loss: 0.0235
26-02-26 19:30:46.230 : epoch:[477/1000], 平均loss: 0.0233
26-02-26 19:32:52.452 : epoch:[478/1000], 平均loss: 0.0236
26-02-26 19:34:58.360 : epoch:[479/1000], 平均loss: 0.0236
26-02-26 19:37:04.357 : epoch:[480/1000], 平均loss: 0.0235
26-02-26 19:39:09.702 : epoch:[481/1000], 平均loss: 0.0236
26-02-26 19:41:15.563 : epoch:[482/1000], 平均loss: 0.0235
26-02-26 19:43:19.718 : epoch:[483/1000], 平均loss: 0.0237
26-02-26 19:45:24.061 : epoch:[484/1000], 平均loss: 0.0235
26-02-26 19:47:28.978 : epoch:[485/1000], 平均loss: 0.0238
26-02-26 19:49:33.678 : epoch:[486/1000], 平均loss: 0.0237
26-02-26 19:51:38.679 : epoch:[487/1000], 平均loss: 0.0238
26-02-26 19:53:42.298 : epoch:[488/1000], 平均loss: 0.0237
26-02-26 19:55:46.735 : epoch:[489/1000], 平均loss: 0.0236
26-02-26 19:57:52.015 : epoch:[490/1000], 平均loss: 0.0237
26-02-26 19:59:56.962 : epoch:[491/1000], 平均loss: 0.0239
26-02-26 20:02:03.154 : epoch:[492/1000], 平均loss: 0.0235
26-02-26 20:04:08.631 : epoch:[493/1000], 平均loss: 0.0237
26-02-26 20:06:13.832 : epoch:[494/1000], 平均loss: 0.0238
26-02-26 20:08:20.030 : epoch:[495/1000], 平均loss: 0.0234
26-02-26 20:10:24.518 : epoch:[496/1000], 平均loss: 0.0237
26-02-26 20:12:29.449 : epoch:[497/1000], 平均loss: 0.0236
26-02-26 20:14:33.439 : epoch:[498/1000], 平均loss: 0.0238
26-02-26 20:16:37.704 : epoch:[499/1000], 平均loss: 0.0235
26-02-26 20:18:41.352 : epoch:[500/1000], 平均loss: 0.0237
26-02-26 20:20:45.866 : epoch:[501/1000], 平均loss: 0.0238
26-02-26 20:22:49.594 : epoch:[502/1000], 平均loss: 0.0235
26-02-26 20:24:53.149 : epoch:[503/1000], 平均loss: 0.0237
26-02-26 20:26:56.676 : epoch:[504/1000], 平均loss: 0.0238
26-02-26 20:29:00.394 : epoch:[505/1000], 平均loss: 0.0238
26-02-26 20:31:04.192 : epoch:[506/1000], 平均loss: 0.0236
26-02-26 20:33:09.328 : epoch:[507/1000], 平均loss: 0.0236
26-02-26 20:35:14.078 : epoch:[508/1000], 平均loss: 0.0235
26-02-26 20:37:18.479 : epoch:[509/1000], 平均loss: 0.0237
26-02-26 20:39:22.447 : epoch:[510/1000], 平均loss: 0.0237
26-02-26 20:41:25.990 : epoch:[511/1000], 平均loss: 0.0236
26-02-26 20:43:29.536 : epoch:[512/1000], 平均loss: 0.0234
26-02-26 20:45:32.921 : epoch:[513/1000], 平均loss: 0.0239
26-02-26 20:47:36.385 : epoch:[514/1000], 平均loss: 0.0235
26-02-26 20:49:39.989 : epoch:[515/1000], 平均loss: 0.0238
26-02-26 20:51:43.306 : epoch:[516/1000], 平均loss: 0.0237
26-02-26 20:53:46.298 : epoch:[517/1000], 平均loss: 0.0235
26-02-26 20:55:48.903 : epoch:[518/1000], 平均loss: 0.0235
26-02-26 20:57:51.516 : epoch:[519/1000], 平均loss: 0.0235
26-02-26 20:59:51.265 : epoch:[520/1000], 平均loss: 0.0236
26-02-26 21:01:53.781 : epoch:[521/1000], 平均loss: 0.0236
26-02-26 21:03:57.426 : epoch:[522/1000], 平均loss: 0.0235
26-02-26 21:06:01.619 : epoch:[523/1000], 平均loss: 0.0237
26-02-26 21:08:05.552 : epoch:[524/1000], 平均loss: 0.0236
26-02-26 21:10:08.829 : epoch:[525/1000], 平均loss: 0.0235
26-02-26 21:12:12.678 : epoch:[526/1000], 平均loss: 0.0235
26-02-26 21:14:16.505 : epoch:[527/1000], 平均loss: 0.0237
26-02-26 21:16:20.443 : epoch:[528/1000], 平均loss: 0.0236
26-02-26 21:18:24.005 : epoch:[529/1000], 平均loss: 0.0234
26-02-26 21:20:27.627 : epoch:[530/1000], 平均loss: 0.0237
26-02-26 21:22:29.647 : epoch:[531/1000], 平均loss: 0.0237
26-02-26 21:24:33.209 : epoch:[532/1000], 平均loss: 0.0235
26-02-26 21:26:37.674 : epoch:[533/1000], 平均loss: 0.0239
26-02-26 21:28:41.450 : epoch:[534/1000], 平均loss: 0.0236
26-02-26 21:30:45.279 : epoch:[535/1000], 平均loss: 0.0239
26-02-26 21:32:48.398 : epoch:[536/1000], 平均loss: 0.0235
26-02-26 21:34:51.713 : epoch:[537/1000], 平均loss: 0.0236
26-02-26 21:36:55.183 : epoch:[538/1000], 平均loss: 0.0236
26-02-26 21:38:58.918 : epoch:[539/1000], 平均loss: 0.0236
26-02-26 21:41:00.906 : epoch:[540/1000], 平均loss: 0.0236
26-02-26 21:43:04.294 : epoch:[541/1000], 平均loss: 0.0236
26-02-26 21:45:07.603 : epoch:[542/1000], 平均loss: 0.0237
26-02-26 21:47:10.803 : epoch:[543/1000], 平均loss: 0.0234
26-02-26 21:49:15.171 : epoch:[544/1000], 平均loss: 0.0236
26-02-26 21:51:20.083 : epoch:[545/1000], 平均loss: 0.0237
26-02-26 21:53:25.140 : epoch:[546/1000], 平均loss: 0.0235
26-02-26 21:55:29.335 : epoch:[547/1000], 平均loss: 0.0237
26-02-26 21:57:33.533 : epoch:[548/1000], 平均loss: 0.0237
26-02-26 21:59:37.034 : epoch:[549/1000], 平均loss: 0.0238
26-02-26 22:01:40.696 : epoch:[550/1000], 平均loss: 0.0236
26-02-26 22:03:45.117 : epoch:[551/1000], 平均loss: 0.0236
26-02-26 22:05:48.889 : epoch:[552/1000], 平均loss: 0.0237
26-02-26 22:07:52.279 : epoch:[553/1000], 平均loss: 0.0237
26-02-26 22:09:56.266 : epoch:[554/1000], 平均loss: 0.0234
26-02-26 22:11:59.799 : epoch:[555/1000], 平均loss: 0.0235
26-02-26 22:14:03.923 : epoch:[556/1000], 平均loss: 0.0237
26-02-26 22:16:07.548 : epoch:[557/1000], 平均loss: 0.0237
26-02-26 22:18:11.333 : epoch:[558/1000], 平均loss: 0.0236
26-02-26 22:20:15.241 : epoch:[559/1000], 平均loss: 0.0237
26-02-26 22:22:19.816 : epoch:[560/1000], 平均loss: 0.0236
26-02-26 22:24:23.942 : epoch:[561/1000], 平均loss: 0.0236
26-02-26 22:26:28.123 : epoch:[562/1000], 平均loss: 0.0234
26-02-26 22:28:32.430 : epoch:[563/1000], 平均loss: 0.0236
26-02-26 22:30:36.042 : epoch:[564/1000], 平均loss: 0.0237
26-02-26 22:32:39.776 : epoch:[565/1000], 平均loss: 0.0234
26-02-26 22:34:43.460 : epoch:[566/1000], 平均loss: 0.0236
26-02-26 22:36:47.631 : epoch:[567/1000], 平均loss: 0.0236
26-02-26 22:38:52.181 : epoch:[568/1000], 平均loss: 0.0236
26-02-26 22:40:56.702 : epoch:[569/1000], 平均loss: 0.0238
26-02-26 22:43:01.709 : epoch:[570/1000], 平均loss: 0.0235
26-02-26 22:45:04.602 : epoch:[571/1000], 平均loss: 0.0238
26-02-26 22:47:08.260 : epoch:[572/1000], 平均loss: 0.0240
26-02-26 22:49:07.421 : epoch:[573/1000], 平均loss: 0.0239
26-02-26 22:51:06.694 : epoch:[574/1000], 平均loss: 0.0237
26-02-26 22:53:09.191 : epoch:[575/1000], 平均loss: 0.0238
26-02-26 22:55:11.049 : epoch:[576/1000], 平均loss: 0.0237
26-02-26 22:57:09.571 : epoch:[577/1000], 平均loss: 0.0236
26-02-26 22:59:12.351 : epoch:[578/1000], 平均loss: 0.0236
26-02-26 23:01:15.424 : epoch:[579/1000], 平均loss: 0.0234
26-02-26 23:03:18.706 : epoch:[580/1000], 平均loss: 0.0237
26-02-26 23:05:21.544 : epoch:[581/1000], 平均loss: 0.0235
26-02-26 23:07:23.907 : epoch:[582/1000], 平均loss: 0.0236
26-02-26 23:09:27.272 : epoch:[583/1000], 平均loss: 0.0237
26-02-26 23:11:31.685 : epoch:[584/1000], 平均loss: 0.0236
26-02-26 23:13:35.060 : epoch:[585/1000], 平均loss: 0.0235
26-02-26 23:15:39.397 : epoch:[586/1000], 平均loss: 0.0236
26-02-26 23:17:43.822 : epoch:[587/1000], 平均loss: 0.0238
26-02-26 23:19:48.130 : epoch:[588/1000], 平均loss: 0.0235
26-02-26 23:21:52.015 : epoch:[589/1000], 平均loss: 0.0237
26-02-26 23:23:55.994 : epoch:[590/1000], 平均loss: 0.0235
26-02-26 23:26:00.433 : epoch:[591/1000], 平均loss: 0.0237
26-02-26 23:28:05.371 : epoch:[592/1000], 平均loss: 0.0237
26-02-26 23:30:11.119 : epoch:[593/1000], 平均loss: 0.0238
26-02-26 23:32:16.590 : epoch:[594/1000], 平均loss: 0.0235
26-02-26 23:34:21.661 : epoch:[595/1000], 平均loss: 0.0236
26-02-26 23:36:25.336 : epoch:[596/1000], 平均loss: 0.0235
26-02-26 23:38:24.860 : epoch:[597/1000], 平均loss: 0.0237
26-02-26 23:40:28.976 : epoch:[598/1000], 平均loss: 0.0237
26-02-26 23:42:34.085 : epoch:[599/1000], 平均loss: 0.0237
26-02-26 23:44:38.814 : epoch:[600/1000], 平均loss: 0.0236
26-02-26 23:46:43.287 : epoch:[601/1000], 平均loss: 0.0237
26-02-26 23:48:48.396 : epoch:[602/1000], 平均loss: 0.0238
26-02-26 23:50:52.914 : epoch:[603/1000], 平均loss: 0.0237
26-02-26 23:52:57.500 : epoch:[604/1000], 平均loss: 0.0236
26-02-26 23:55:02.589 : epoch:[605/1000], 平均loss: 0.0236
26-02-26 23:57:07.121 : epoch:[606/1000], 平均loss: 0.0236
26-02-26 23:59:11.952 : epoch:[607/1000], 平均loss: 0.0237
26-02-27 00:01:15.818 : epoch:[608/1000], 平均loss: 0.0237
26-02-27 00:03:18.300 : epoch:[609/1000], 平均loss: 0.0236
26-02-27 00:05:21.044 : epoch:[610/1000], 平均loss: 0.0239
26-02-27 00:07:25.888 : epoch:[611/1000], 平均loss: 0.0238
26-02-27 00:09:28.652 : epoch:[612/1000], 平均loss: 0.0236
26-02-27 00:11:31.412 : epoch:[613/1000], 平均loss: 0.0235
26-02-27 00:13:36.488 : epoch:[614/1000], 平均loss: 0.0237
26-02-27 00:15:41.503 : epoch:[615/1000], 平均loss: 0.0234
26-02-27 00:17:45.151 : epoch:[616/1000], 平均loss: 0.0238
26-02-27 00:19:48.401 : epoch:[617/1000], 平均loss: 0.0238
26-02-27 00:21:51.940 : epoch:[618/1000], 平均loss: 0.0237
26-02-27 00:23:55.640 : epoch:[619/1000], 平均loss: 0.0236
26-02-27 00:25:58.832 : epoch:[620/1000], 平均loss: 0.0236
26-02-27 00:28:02.301 : epoch:[621/1000], 平均loss: 0.0237
26-02-27 00:30:06.423 : epoch:[622/1000], 平均loss: 0.0236
26-02-27 00:32:11.109 : epoch:[623/1000], 平均loss: 0.0237
26-02-27 00:34:15.311 : epoch:[624/1000], 平均loss: 0.0237
26-02-27 00:36:18.726 : epoch:[625/1000], 平均loss: 0.0235
26-02-27 00:38:21.710 : epoch:[626/1000], 平均loss: 0.0236
26-02-27 00:40:25.496 : epoch:[627/1000], 平均loss: 0.0235
26-02-27 00:42:28.989 : epoch:[628/1000], 平均loss: 0.0235
26-02-27 00:44:32.876 : epoch:[629/1000], 平均loss: 0.0237
26-02-27 00:46:36.582 : epoch:[630/1000], 平均loss: 0.0236
26-02-27 00:48:38.059 : epoch:[631/1000], 平均loss: 0.0237
26-02-27 00:50:41.521 : epoch:[632/1000], 平均loss: 0.0235
26-02-27 00:52:44.857 : epoch:[633/1000], 平均loss: 0.0237
26-02-27 00:54:48.478 : epoch:[634/1000], 平均loss: 0.0235
26-02-27 00:56:51.526 : epoch:[635/1000], 平均loss: 0.0237
26-02-27 00:58:55.377 : epoch:[636/1000], 平均loss: 0.0237
26-02-27 01:00:58.624 : epoch:[637/1000], 平均loss: 0.0238
26-02-27 01:03:01.912 : epoch:[638/1000], 平均loss: 0.0233
26-02-27 01:05:06.337 : epoch:[639/1000], 平均loss: 0.0235
26-02-27 01:07:10.641 : epoch:[640/1000], 平均loss: 0.0236
26-02-27 01:09:14.143 : epoch:[641/1000], 平均loss: 0.0235
26-02-27 01:11:18.272 : epoch:[642/1000], 平均loss: 0.0236
26-02-27 01:13:23.112 : epoch:[643/1000], 平均loss: 0.0237
26-02-27 01:15:27.290 : epoch:[644/1000], 平均loss: 0.0238
26-02-27 01:17:25.829 : epoch:[645/1000], 平均loss: 0.0236
26-02-27 01:19:28.468 : epoch:[646/1000], 平均loss: 0.0235
26-02-27 01:21:31.425 : epoch:[647/1000], 平均loss: 0.0237
26-02-27 01:23:34.308 : epoch:[648/1000], 平均loss: 0.0237
26-02-27 01:25:37.544 : epoch:[649/1000], 平均loss: 0.0236
26-02-27 01:27:41.400 : epoch:[650/1000], 平均loss: 0.0237
26-02-27 01:29:45.820 : epoch:[651/1000], 平均loss: 0.0236
26-02-27 01:31:49.717 : epoch:[652/1000], 平均loss: 0.0236
26-02-27 01:33:51.621 : epoch:[653/1000], 平均loss: 0.0236
26-02-27 01:35:55.357 : epoch:[654/1000], 平均loss: 0.0236
26-02-27 01:37:59.233 : epoch:[655/1000], 平均loss: 0.0237
26-02-27 01:40:02.155 : epoch:[656/1000], 平均loss: 0.0237
26-02-27 01:41:57.671 : epoch:[657/1000], 平均loss: 0.0236
26-02-27 01:44:01.697 : epoch:[658/1000], 平均loss: 0.0237
26-02-27 01:46:05.710 : epoch:[659/1000], 平均loss: 0.0237
26-02-27 01:48:09.577 : epoch:[660/1000], 平均loss: 0.0235
26-02-27 01:50:13.237 : epoch:[661/1000], 平均loss: 0.0237
26-02-27 01:52:17.263 : epoch:[662/1000], 平均loss: 0.0238
26-02-27 01:54:18.277 : epoch:[663/1000], 平均loss: 0.0237
26-02-27 01:56:16.046 : epoch:[664/1000], 平均loss: 0.0234
26-02-27 01:58:20.479 : epoch:[665/1000], 平均loss: 0.0236
26-02-27 02:00:24.780 : epoch:[666/1000], 平均loss: 0.0233
26-02-27 02:02:28.845 : epoch:[667/1000], 平均loss: 0.0237
26-02-27 02:04:32.604 : epoch:[668/1000], 平均loss: 0.0235
26-02-27 02:06:36.728 : epoch:[669/1000], 平均loss: 0.0236
26-02-27 02:08:40.697 : epoch:[670/1000], 平均loss: 0.0237
26-02-27 02:10:44.819 : epoch:[671/1000], 平均loss: 0.0235
26-02-27 02:12:50.045 : epoch:[672/1000], 平均loss: 0.0236
26-02-27 02:14:54.828 : epoch:[673/1000], 平均loss: 0.0234
26-02-27 02:16:59.053 : epoch:[674/1000], 平均loss: 0.0236
26-02-27 02:19:04.639 : epoch:[675/1000], 平均loss: 0.0239
26-02-27 02:21:08.730 : epoch:[676/1000], 平均loss: 0.0237
26-02-27 02:23:11.368 : epoch:[677/1000], 平均loss: 0.0236
26-02-27 02:25:15.245 : epoch:[678/1000], 平均loss: 0.0236
26-02-27 02:27:20.576 : epoch:[679/1000], 平均loss: 0.0236
26-02-27 02:29:24.345 : epoch:[680/1000], 平均loss: 0.0236
26-02-27 02:31:27.188 : epoch:[681/1000], 平均loss: 0.0237
26-02-27 02:33:30.857 : epoch:[682/1000], 平均loss: 0.0236
26-02-27 02:35:35.102 : epoch:[683/1000], 平均loss: 0.0236
26-02-27 02:37:40.225 : epoch:[684/1000], 平均loss: 0.0236
26-02-27 02:39:45.364 : epoch:[685/1000], 平均loss: 0.0236
26-02-27 02:41:46.173 : epoch:[686/1000], 平均loss: 0.0235
26-02-27 02:43:47.098 : epoch:[687/1000], 平均loss: 0.0236
26-02-27 02:45:51.350 : epoch:[688/1000], 平均loss: 0.0236
26-02-27 02:47:55.977 : epoch:[689/1000], 平均loss: 0.0235
26-02-27 02:50:00.348 : epoch:[690/1000], 平均loss: 0.0237
26-02-27 02:52:04.401 : epoch:[691/1000], 平均loss: 0.0235
26-02-27 02:54:07.549 : epoch:[692/1000], 平均loss: 0.0236
26-02-27 02:56:12.198 : epoch:[693/1000], 平均loss: 0.0236
26-02-27 02:58:17.046 : epoch:[694/1000], 平均loss: 0.0235
26-02-27 03:00:21.817 : epoch:[695/1000], 平均loss: 0.0236
26-02-27 03:02:26.319 : epoch:[696/1000], 平均loss: 0.0236
26-02-27 03:04:31.428 : epoch:[697/1000], 平均loss: 0.0237
26-02-27 03:06:36.195 : epoch:[698/1000], 平均loss: 0.0236
26-02-27 03:08:40.224 : epoch:[699/1000], 平均loss: 0.0237
26-02-27 03:10:43.697 : epoch:[700/1000], 平均loss: 0.0235
26-02-27 03:12:47.344 : epoch:[701/1000], 平均loss: 0.0234
26-02-27 03:14:51.297 : epoch:[702/1000], 平均loss: 0.0236
26-02-27 03:16:54.744 : epoch:[703/1000], 平均loss: 0.0236
26-02-27 03:18:58.486 : epoch:[704/1000], 平均loss: 0.0238
26-02-27 03:21:01.985 : epoch:[705/1000], 平均loss: 0.0238
26-02-27 03:23:05.589 : epoch:[706/1000], 平均loss: 0.0236
26-02-27 03:25:09.251 : epoch:[707/1000], 平均loss: 0.0238
26-02-27 03:27:12.216 : epoch:[708/1000], 平均loss: 0.0237
26-02-27 03:29:15.616 : epoch:[709/1000], 平均loss: 0.0236
26-02-27 03:31:19.192 : epoch:[710/1000], 平均loss: 0.0236
26-02-27 03:33:22.417 : epoch:[711/1000], 平均loss: 0.0238
26-02-27 03:35:26.355 : epoch:[712/1000], 平均loss: 0.0237
26-02-27 03:37:29.738 : epoch:[713/1000], 平均loss: 0.0236
26-02-27 03:39:33.764 : epoch:[714/1000], 平均loss: 0.0237
26-02-27 03:41:37.341 : epoch:[715/1000], 平均loss: 0.0236
26-02-27 03:43:41.082 : epoch:[716/1000], 平均loss: 0.0237
26-02-27 03:45:45.097 : epoch:[717/1000], 平均loss: 0.0237
26-02-27 03:47:49.545 : epoch:[718/1000], 平均loss: 0.0237
26-02-27 03:49:53.738 : epoch:[719/1000], 平均loss: 0.0237
26-02-27 03:51:58.718 : epoch:[720/1000], 平均loss: 0.0237
26-02-27 03:54:02.269 : epoch:[721/1000], 平均loss: 0.0235
26-02-27 03:56:06.003 : epoch:[722/1000], 平均loss: 0.0237
26-02-27 03:58:09.961 : epoch:[723/1000], 平均loss: 0.0236
26-02-27 04:00:13.037 : epoch:[724/1000], 平均loss: 0.0236
26-02-27 04:02:15.488 : epoch:[725/1000], 平均loss: 0.0236
26-02-27 04:04:17.495 : epoch:[726/1000], 平均loss: 0.0235
26-02-27 04:06:20.832 : epoch:[727/1000], 平均loss: 0.0237
26-02-27 04:08:21.843 : epoch:[728/1000], 平均loss: 0.0237
26-02-27 04:10:25.168 : epoch:[729/1000], 平均loss: 0.0235
26-02-27 04:12:27.132 : epoch:[730/1000], 平均loss: 0.0236
26-02-27 04:14:29.588 : epoch:[731/1000], 平均loss: 0.0235
26-02-27 04:16:31.132 : epoch:[732/1000], 平均loss: 0.0236
26-02-27 04:18:33.110 : epoch:[733/1000], 平均loss: 0.0236
26-02-27 04:20:35.507 : epoch:[734/1000], 平均loss: 0.0235
26-02-27 04:22:38.272 : epoch:[735/1000], 平均loss: 0.0237
26-02-27 04:24:41.359 : epoch:[736/1000], 平均loss: 0.0237
26-02-27 04:26:43.770 : epoch:[737/1000], 平均loss: 0.0235
26-02-27 04:28:46.320 : epoch:[738/1000], 平均loss: 0.0236
26-02-27 04:30:48.361 : epoch:[739/1000], 平均loss: 0.0235
26-02-27 04:32:51.164 : epoch:[740/1000], 平均loss: 0.0234
26-02-27 04:34:53.798 : epoch:[741/1000], 平均loss: 0.0237
26-02-27 04:36:56.251 : epoch:[742/1000], 平均loss: 0.0236
26-02-27 04:38:58.778 : epoch:[743/1000], 平均loss: 0.0237
26-02-27 04:41:00.935 : epoch:[744/1000], 平均loss: 0.0238
26-02-27 04:43:03.100 : epoch:[745/1000], 平均loss: 0.0235
26-02-27 04:45:05.494 : epoch:[746/1000], 平均loss: 0.0235
26-02-27 04:47:07.782 : epoch:[747/1000], 平均loss: 0.0236
26-02-27 04:49:09.698 : epoch:[748/1000], 平均loss: 0.0238
26-02-27 04:51:11.525 : epoch:[749/1000], 平均loss: 0.0238
26-02-27 04:53:14.074 : epoch:[750/1000], 平均loss: 0.0237
26-02-27 04:55:16.340 : epoch:[751/1000], 平均loss: 0.0234
26-02-27 04:57:19.339 : epoch:[752/1000], 平均loss: 0.0238
26-02-27 04:59:22.171 : epoch:[753/1000], 平均loss: 0.0237
26-02-27 05:01:25.386 : epoch:[754/1000], 平均loss: 0.0235
26-02-27 05:03:28.333 : epoch:[755/1000], 平均loss: 0.0238
26-02-27 05:05:30.891 : epoch:[756/1000], 平均loss: 0.0236
26-02-27 05:07:29.831 : epoch:[757/1000], 平均loss: 0.0236
26-02-27 05:09:31.880 : epoch:[758/1000], 平均loss: 0.0235
26-02-27 05:11:35.196 : epoch:[759/1000], 平均loss: 0.0235
26-02-27 05:13:37.714 : epoch:[760/1000], 平均loss: 0.0237
26-02-27 05:15:40.423 : epoch:[761/1000], 平均loss: 0.0237
26-02-27 05:17:43.630 : epoch:[762/1000], 平均loss: 0.0236
26-02-27 05:19:45.816 : epoch:[763/1000], 平均loss: 0.0237
26-02-27 05:21:48.499 : epoch:[764/1000], 平均loss: 0.0237
26-02-27 05:23:51.493 : epoch:[765/1000], 平均loss: 0.0235
26-02-27 05:25:54.546 : epoch:[766/1000], 平均loss: 0.0235
26-02-27 05:27:56.917 : epoch:[767/1000], 平均loss: 0.0237
26-02-27 05:29:58.920 : epoch:[768/1000], 平均loss: 0.0235
26-02-27 05:32:01.625 : epoch:[769/1000], 平均loss: 0.0237
26-02-27 05:34:04.743 : epoch:[770/1000], 平均loss: 0.0236
26-02-27 05:36:07.167 : epoch:[771/1000], 平均loss: 0.0235
26-02-27 05:38:09.338 : epoch:[772/1000], 平均loss: 0.0237
26-02-27 05:40:12.912 : epoch:[773/1000], 平均loss: 0.0237
26-02-27 05:42:16.390 : epoch:[774/1000], 平均loss: 0.0238
26-02-27 05:44:18.595 : epoch:[775/1000], 平均loss: 0.0236
26-02-27 05:46:21.221 : epoch:[776/1000], 平均loss: 0.0236
26-02-27 05:48:23.240 : epoch:[777/1000], 平均loss: 0.0235
26-02-27 05:50:25.534 : epoch:[778/1000], 平均loss: 0.0237
26-02-27 05:52:28.227 : epoch:[779/1000], 平均loss: 0.0236
26-02-27 05:54:30.845 : epoch:[780/1000], 平均loss: 0.0237
26-02-27 05:56:32.250 : epoch:[781/1000], 平均loss: 0.0235
26-02-27 05:58:32.038 : epoch:[782/1000], 平均loss: 0.0235
26-02-27 06:00:34.328 : epoch:[783/1000], 平均loss: 0.0236
26-02-27 06:02:37.400 : epoch:[784/1000], 平均loss: 0.0236
26-02-27 06:04:40.213 : epoch:[785/1000], 平均loss: 0.0237
26-02-27 06:06:42.281 : epoch:[786/1000], 平均loss: 0.0238
26-02-27 06:08:44.712 : epoch:[787/1000], 平均loss: 0.0235
26-02-27 06:10:46.038 : epoch:[788/1000], 平均loss: 0.0235
26-02-27 06:12:47.619 : epoch:[789/1000], 平均loss: 0.0236
26-02-27 06:14:50.136 : epoch:[790/1000], 平均loss: 0.0236
26-02-27 06:16:53.554 : epoch:[791/1000], 平均loss: 0.0234
26-02-27 06:18:56.074 : epoch:[792/1000], 平均loss: 0.0236
26-02-27 06:20:58.739 : epoch:[793/1000], 平均loss: 0.0234
26-02-27 06:23:01.008 : epoch:[794/1000], 平均loss: 0.0237
26-02-27 06:25:03.328 : epoch:[795/1000], 平均loss: 0.0237
26-02-27 06:27:06.933 : epoch:[796/1000], 平均loss: 0.0237
26-02-27 06:29:09.953 : epoch:[797/1000], 平均loss: 0.0237
26-02-27 06:31:06.470 : epoch:[798/1000], 平均loss: 0.0237
26-02-27 06:33:08.391 : epoch:[799/1000], 平均loss: 0.0236
26-02-27 06:35:10.950 : epoch:[800/1000], 平均loss: 0.0239
26-02-27 06:37:12.504 : epoch:[801/1000], 平均loss: 0.0238
26-02-27 06:39:14.904 : epoch:[802/1000], 平均loss: 0.0236
26-02-27 06:41:11.263 : epoch:[803/1000], 平均loss: 0.0238
26-02-27 06:43:12.743 : epoch:[804/1000], 平均loss: 0.0237
26-02-27 06:45:14.547 : epoch:[805/1000], 平均loss: 0.0238
26-02-27 06:47:17.435 : epoch:[806/1000], 平均loss: 0.0238
26-02-27 06:49:20.696 : epoch:[807/1000], 平均loss: 0.0237
26-02-27 06:51:23.426 : epoch:[808/1000], 平均loss: 0.0237
26-02-27 06:53:26.989 : epoch:[809/1000], 平均loss: 0.0238
26-02-27 06:55:29.520 : epoch:[810/1000], 平均loss: 0.0236
26-02-27 06:57:32.018 : epoch:[811/1000], 平均loss: 0.0235
26-02-27 06:59:34.789 : epoch:[812/1000], 平均loss: 0.0235
26-02-27 07:01:37.273 : epoch:[813/1000], 平均loss: 0.0234
26-02-27 07:03:39.195 : epoch:[814/1000], 平均loss: 0.0235
26-02-27 07:05:41.077 : epoch:[815/1000], 平均loss: 0.0237
26-02-27 07:07:44.135 : epoch:[816/1000], 平均loss: 0.0236
26-02-27 07:09:46.394 : epoch:[817/1000], 平均loss: 0.0235
26-02-27 07:11:48.489 : epoch:[818/1000], 平均loss: 0.0239
26-02-27 07:13:50.480 : epoch:[819/1000], 平均loss: 0.0236
26-02-27 07:15:53.239 : epoch:[820/1000], 平均loss: 0.0234
26-02-27 07:17:53.044 : epoch:[821/1000], 平均loss: 0.0237
26-02-27 07:19:55.210 : epoch:[822/1000], 平均loss: 0.0236
26-02-27 07:21:57.935 : epoch:[823/1000], 平均loss: 0.0235
26-02-27 07:24:00.027 : epoch:[824/1000], 平均loss: 0.0237
26-02-27 07:26:02.218 : epoch:[825/1000], 平均loss: 0.0235
26-02-27 07:28:04.720 : epoch:[826/1000], 平均loss: 0.0235
26-02-27 07:30:07.764 : epoch:[827/1000], 平均loss: 0.0236
26-02-27 07:32:10.468 : epoch:[828/1000], 平均loss: 0.0234
26-02-27 07:34:13.160 : epoch:[829/1000], 平均loss: 0.0238
26-02-27 07:36:15.798 : epoch:[830/1000], 平均loss: 0.0236
26-02-27 07:38:18.333 : epoch:[831/1000], 平均loss: 0.0239
26-02-27 07:40:20.972 : epoch:[832/1000], 平均loss: 0.0236
26-02-27 07:42:23.110 : epoch:[833/1000], 平均loss: 0.0236
26-02-27 07:44:25.498 : epoch:[834/1000], 平均loss: 0.0235
26-02-27 07:46:28.283 : epoch:[835/1000], 平均loss: 0.0236
26-02-27 07:48:31.248 : epoch:[836/1000], 平均loss: 0.0236
26-02-27 07:50:33.332 : epoch:[837/1000], 平均loss: 0.0237
26-02-27 07:52:35.780 : epoch:[838/1000], 平均loss: 0.0235
26-02-27 07:54:38.203 : epoch:[839/1000], 平均loss: 0.0236
26-02-27 07:56:41.016 : epoch:[840/1000], 平均loss: 0.0239
26-02-27 07:58:43.220 : epoch:[841/1000], 平均loss: 0.0237
26-02-27 08:00:45.631 : epoch:[842/1000], 平均loss: 0.0236
26-02-27 08:02:47.789 : epoch:[843/1000], 平均loss: 0.0237
26-02-27 08:04:49.880 : epoch:[844/1000], 平均loss: 0.0235
26-02-27 08:06:51.941 : epoch:[845/1000], 平均loss: 0.0234
26-02-27 08:08:53.343 : epoch:[846/1000], 平均loss: 0.0234
26-02-27 08:10:55.312 : epoch:[847/1000], 平均loss: 0.0235
26-02-27 08:12:57.000 : epoch:[848/1000], 平均loss: 0.0236
26-02-27 08:14:59.111 : epoch:[849/1000], 平均loss: 0.0236
26-02-27 08:17:01.155 : epoch:[850/1000], 平均loss: 0.0238
26-02-27 08:19:03.504 : epoch:[851/1000], 平均loss: 0.0235
26-02-27 08:21:05.925 : epoch:[852/1000], 平均loss: 0.0234
26-02-27 08:23:07.871 : epoch:[853/1000], 平均loss: 0.0236
26-02-27 08:25:10.566 : epoch:[854/1000], 平均loss: 0.0237
26-02-27 08:27:13.368 : epoch:[855/1000], 平均loss: 0.0236
26-02-27 08:29:15.580 : epoch:[856/1000], 平均loss: 0.0238
26-02-27 08:31:17.275 : epoch:[857/1000], 平均loss: 0.0238
26-02-27 08:33:19.601 : epoch:[858/1000], 平均loss: 0.0234
26-02-27 08:35:21.381 : epoch:[859/1000], 平均loss: 0.0238
26-02-27 08:37:23.830 : epoch:[860/1000], 平均loss: 0.0236
26-02-27 08:39:20.675 : epoch:[861/1000], 平均loss: 0.0236
26-02-27 08:41:24.319 : epoch:[862/1000], 平均loss: 0.0238
26-02-27 08:43:26.790 : epoch:[863/1000], 平均loss: 0.0237
26-02-27 08:45:30.196 : epoch:[864/1000], 平均loss: 0.0236
26-02-27 08:47:32.736 : epoch:[865/1000], 平均loss: 0.0237
26-02-27 08:49:36.455 : epoch:[866/1000], 平均loss: 0.0237
26-02-27 08:51:40.021 : epoch:[867/1000], 平均loss: 0.0238
26-02-27 08:53:43.973 : epoch:[868/1000], 平均loss: 0.0235
26-02-27 08:55:48.683 : epoch:[869/1000], 平均loss: 0.0236
26-02-27 08:57:52.744 : epoch:[870/1000], 平均loss: 0.0236
26-02-27 08:59:57.087 : epoch:[871/1000], 平均loss: 0.0236
26-02-27 09:02:00.692 : epoch:[872/1000], 平均loss: 0.0238
26-02-27 09:04:02.927 : epoch:[873/1000], 平均loss: 0.0238
26-02-27 09:06:07.177 : epoch:[874/1000], 平均loss: 0.0235
26-02-27 09:08:10.276 : epoch:[875/1000], 平均loss: 0.0236
26-02-27 09:10:13.560 : epoch:[876/1000], 平均loss: 0.0237
26-02-27 09:12:16.913 : epoch:[877/1000], 平均loss: 0.0235
26-02-27 09:14:20.747 : epoch:[878/1000], 平均loss: 0.0234
26-02-27 09:16:24.119 : epoch:[879/1000], 平均loss: 0.0240
26-02-27 09:18:27.582 : epoch:[880/1000], 平均loss: 0.0236
26-02-27 09:20:31.754 : epoch:[881/1000], 平均loss: 0.0235
26-02-27 09:22:35.751 : epoch:[882/1000], 平均loss: 0.0236
26-02-27 09:24:39.558 : epoch:[883/1000], 平均loss: 0.0238
26-02-27 09:26:42.985 : epoch:[884/1000], 平均loss: 0.0237
26-02-27 09:28:46.594 : epoch:[885/1000], 平均loss: 0.0238
26-02-27 09:30:50.948 : epoch:[886/1000], 平均loss: 0.0236
26-02-27 09:32:55.290 : epoch:[887/1000], 平均loss: 0.0237
26-02-27 09:34:58.604 : epoch:[888/1000], 平均loss: 0.0235
26-02-27 09:37:01.406 : epoch:[889/1000], 平均loss: 0.0235
26-02-27 09:39:04.710 : epoch:[890/1000], 平均loss: 0.0235
26-02-27 09:41:08.410 : epoch:[891/1000], 平均loss: 0.0235
26-02-27 09:43:11.432 : epoch:[892/1000], 平均loss: 0.0238
26-02-27 09:45:14.507 : epoch:[893/1000], 平均loss: 0.0238
26-02-27 09:47:19.390 : epoch:[894/1000], 平均loss: 0.0236
26-02-27 09:49:21.322 : epoch:[895/1000], 平均loss: 0.0236
26-02-27 09:51:24.913 : epoch:[896/1000], 平均loss: 0.0238
26-02-27 09:53:28.226 : epoch:[897/1000], 平均loss: 0.0235
26-02-27 09:55:31.860 : epoch:[898/1000], 平均loss: 0.0237
26-02-27 09:57:35.724 : epoch:[899/1000], 平均loss: 0.0234
26-02-27 09:59:39.347 : epoch:[900/1000], 平均loss: 0.0238
26-02-27 10:01:42.781 : epoch:[901/1000], 平均loss: 0.0237
26-02-27 10:03:45.477 : epoch:[902/1000], 平均loss: 0.0235
26-02-27 10:05:49.450 : epoch:[903/1000], 平均loss: 0.0237
26-02-27 10:07:52.183 : epoch:[904/1000], 平均loss: 0.0237
26-02-27 10:09:55.176 : epoch:[905/1000], 平均loss: 0.0235
26-02-27 10:11:57.254 : epoch:[906/1000], 平均loss: 0.0237
26-02-27 10:14:00.482 : epoch:[907/1000], 平均loss: 0.0238
26-02-27 10:16:03.483 : epoch:[908/1000], 平均loss: 0.0236
26-02-27 10:18:04.574 : epoch:[909/1000], 平均loss: 0.0235
26-02-27 10:20:06.863 : epoch:[910/1000], 平均loss: 0.0234
26-02-27 10:22:09.245 : epoch:[911/1000], 平均loss: 0.0237
26-02-27 10:24:12.649 : epoch:[912/1000], 平均loss: 0.0239
26-02-27 10:26:15.610 : epoch:[913/1000], 平均loss: 0.0235
26-02-27 10:28:19.285 : epoch:[914/1000], 平均loss: 0.0236
26-02-27 10:30:22.549 : epoch:[915/1000], 平均loss: 0.0235
26-02-27 10:32:23.836 : epoch:[916/1000], 平均loss: 0.0237
26-02-27 10:34:21.828 : epoch:[917/1000], 平均loss: 0.0237
26-02-27 10:36:24.563 : epoch:[918/1000], 平均loss: 0.0234
26-02-27 10:38:28.624 : epoch:[919/1000], 平均loss: 0.0235
26-02-27 10:40:31.903 : epoch:[920/1000], 平均loss: 0.0236
26-02-27 10:42:35.482 : epoch:[921/1000], 平均loss: 0.0237
26-02-27 10:44:39.290 : epoch:[922/1000], 平均loss: 0.0238
26-02-27 10:46:43.335 : epoch:[923/1000], 平均loss: 0.0235
26-02-27 10:48:46.691 : epoch:[924/1000], 平均loss: 0.0237
26-02-27 10:50:51.355 : epoch:[925/1000], 平均loss: 0.0235
26-02-27 10:52:55.949 : epoch:[926/1000], 平均loss: 0.0237
26-02-27 10:54:59.617 : epoch:[927/1000], 平均loss: 0.0237
26-02-27 10:57:03.864 : epoch:[928/1000], 平均loss: 0.0237
26-02-27 10:59:06.825 : epoch:[929/1000], 平均loss: 0.0238
26-02-27 11:01:10.394 : epoch:[930/1000], 平均loss: 0.0239
26-02-27 11:03:11.341 : epoch:[931/1000], 平均loss: 0.0237
26-02-27 11:05:13.601 : epoch:[932/1000], 平均loss: 0.0236
26-02-27 11:07:17.751 : epoch:[933/1000], 平均loss: 0.0236
26-02-27 11:09:21.729 : epoch:[934/1000], 平均loss: 0.0234
26-02-27 11:11:24.813 : epoch:[935/1000], 平均loss: 0.0237
26-02-27 11:13:28.218 : epoch:[936/1000], 平均loss: 0.0237
26-02-27 11:15:31.909 : epoch:[937/1000], 平均loss: 0.0235
26-02-27 11:17:35.225 : epoch:[938/1000], 平均loss: 0.0239
26-02-27 11:19:38.678 : epoch:[939/1000], 平均loss: 0.0239
26-02-27 11:21:42.398 : epoch:[940/1000], 平均loss: 0.0237
26-02-27 11:23:46.242 : epoch:[941/1000], 平均loss: 0.0236
26-02-27 11:25:48.415 : epoch:[942/1000], 平均loss: 0.0235
26-02-27 11:27:49.969 : epoch:[943/1000], 平均loss: 0.0234
26-02-27 11:29:53.188 : epoch:[944/1000], 平均loss: 0.0236
26-02-27 11:31:56.087 : epoch:[945/1000], 平均loss: 0.0237
26-02-27 11:33:58.670 : epoch:[946/1000], 平均loss: 0.0237
26-02-27 11:36:02.319 : epoch:[947/1000], 平均loss: 0.0236
26-02-27 11:38:05.263 : epoch:[948/1000], 平均loss: 0.0234
26-02-27 11:40:06.177 : epoch:[949/1000], 平均loss: 0.0236
26-02-27 11:42:04.386 : epoch:[950/1000], 平均loss: 0.0236
26-02-27 11:44:07.524 : epoch:[951/1000], 平均loss: 0.0235
26-02-27 11:46:10.833 : epoch:[952/1000], 平均loss: 0.0236
26-02-27 11:48:13.645 : epoch:[953/1000], 平均loss: 0.0238
26-02-27 11:50:16.633 : epoch:[954/1000], 平均loss: 0.0235
26-02-27 11:52:19.916 : epoch:[955/1000], 平均loss: 0.0236
26-02-27 11:54:23.106 : epoch:[956/1000], 平均loss: 0.0235
26-02-27 11:56:26.352 : epoch:[957/1000], 平均loss: 0.0238
26-02-27 11:58:29.381 : epoch:[958/1000], 平均loss: 0.0236
26-02-27 12:00:33.907 : epoch:[959/1000], 平均loss: 0.0238
26-02-27 12:02:37.119 : epoch:[960/1000], 平均loss: 0.0234
26-02-27 12:04:39.874 : epoch:[961/1000], 平均loss: 0.0237
26-02-27 12:06:43.674 : epoch:[962/1000], 平均loss: 0.0237
26-02-27 12:08:47.712 : epoch:[963/1000], 平均loss: 0.0238
26-02-27 12:10:47.076 : epoch:[964/1000], 平均loss: 0.0238
26-02-27 12:12:45.411 : epoch:[965/1000], 平均loss: 0.0236
26-02-27 12:14:49.090 : epoch:[966/1000], 平均loss: 0.0236
26-02-27 12:16:52.324 : epoch:[967/1000], 平均loss: 0.0235
26-02-27 12:18:55.539 : epoch:[968/1000], 平均loss: 0.0237
26-02-27 12:20:59.719 : epoch:[969/1000], 平均loss: 0.0237
26-02-27 12:23:02.483 : epoch:[970/1000], 平均loss: 0.0236
26-02-27 12:25:06.302 : epoch:[971/1000], 平均loss: 0.0239
26-02-27 12:27:10.391 : epoch:[972/1000], 平均loss: 0.0238
26-02-27 12:29:13.498 : epoch:[973/1000], 平均loss: 0.0237
26-02-27 12:31:16.093 : epoch:[974/1000], 平均loss: 0.0237
26-02-27 12:33:19.668 : epoch:[975/1000], 平均loss: 0.0235
26-02-27 12:35:22.922 : epoch:[976/1000], 平均loss: 0.0237
26-02-27 12:37:26.834 : epoch:[977/1000], 平均loss: 0.0236
26-02-27 12:39:30.930 : epoch:[978/1000], 平均loss: 0.0235
26-02-27 12:41:35.521 : epoch:[979/1000], 平均loss: 0.0238
26-02-27 12:43:38.121 : epoch:[980/1000], 平均loss: 0.0237
26-02-27 12:45:41.155 : epoch:[981/1000], 平均loss: 0.0236
26-02-27 12:47:44.784 : epoch:[982/1000], 平均loss: 0.0237
26-02-27 12:49:48.661 : epoch:[983/1000], 平均loss: 0.0234
26-02-27 12:51:51.823 : epoch:[984/1000], 平均loss: 0.0234
26-02-27 12:53:55.417 : epoch:[985/1000], 平均loss: 0.0238
26-02-27 12:55:58.506 : epoch:[986/1000], 平均loss: 0.0236
26-02-27 12:58:01.315 : epoch:[987/1000], 平均loss: 0.0236
26-02-27 13:00:05.187 : epoch:[988/1000], 平均loss: 0.0238
26-02-27 13:02:07.990 : epoch:[989/1000], 平均loss: 0.0238
26-02-27 13:04:10.593 : epoch:[990/1000], 平均loss: 0.0237
26-02-27 13:06:13.870 : epoch:[991/1000], 平均loss: 0.0237
26-02-27 13:08:17.394 : epoch:[992/1000], 平均loss: 0.0237
26-02-27 13:10:20.393 : epoch:[993/1000], 平均loss: 0.0236
26-02-27 13:12:23.984 : epoch:[994/1000], 平均loss: 0.0237
26-02-27 13:14:27.763 : epoch:[995/1000], 平均loss: 0.0237
26-02-27 13:16:31.057 : epoch:[996/1000], 平均loss: 0.0235
26-02-27 13:18:33.867 : epoch:[997/1000], 平均loss: 0.0235
26-02-27 13:20:37.000 : epoch:[998/1000], 平均loss: 0.0239
26-02-27 13:22:40.428 : epoch:[999/1000], 平均loss: 0.0236
26-02-27 13:24:43.610 : epoch:[1000/1000], 平均loss: 0.0232
