26-02-28 23:23:46.803 :   task: train
  gpu_ids: [0, 1, 2, 3]
  log_path: ./log
  model_save: ./model_save
  pretained_path:[
    index: False
    path: ./model_save/model_best.pth
  ]
  batch_size: 1
  nc: [1, 16]
  patch_size: [128, 128]
  stride_size: [16, 16]
  atoms: 50
  d_size: 3
  max_epoch: 1000
  stage: 3
  lr: 0.0001
  loss_function_index: 1
  n_channels: 1
  train:[
    sigma: [15, 50]
    dataroot_H: ./dataset/gray_train
    H_size: 128
    n_channels: 1
  ]
  valid:[
    sigma: [15, 25, 50]
    dataroot_H: ./dataset/gray_valid
    n_channels: 1
  ]
  opt_path: ./options/train_options.json
  is_train: True
  scale: 1

26-02-28 23:23:48.057 : Number of parameter: 3.41M
26-02-28 23:23:48.057 : start training...
26-02-28 23:25:55.924 : epoch:[1/1000], 平均loss: 0.0736
26-02-28 23:28:03.094 : epoch:[2/1000], 平均loss: 0.0368
26-02-28 23:30:10.037 : epoch:[3/1000], 平均loss: 0.0338
26-02-28 23:32:17.109 : epoch:[4/1000], 平均loss: 0.0320
26-02-28 23:34:22.695 : epoch:[5/1000], 平均loss: 0.0307
26-02-28 23:36:29.855 : epoch:[6/1000], 平均loss: 0.0298
26-02-28 23:38:37.123 : epoch:[7/1000], 平均loss: 0.0290
26-02-28 23:40:44.559 : epoch:[8/1000], 平均loss: 0.0288
26-02-28 23:42:51.713 : epoch:[9/1000], 平均loss: 0.0284
26-02-28 23:44:59.316 : epoch:[10/1000], 平均loss: 0.0282
26-02-28 23:47:49.002 : [epoch 10 PSNR: 29.9441 Best: 29.9441]
26-02-28 23:49:54.387 : epoch:[11/1000], 平均loss: 0.0274
26-02-28 23:51:59.284 : epoch:[12/1000], 平均loss: 0.0273
26-02-28 23:54:04.743 : epoch:[13/1000], 平均loss: 0.0273
26-02-28 23:56:10.248 : epoch:[14/1000], 平均loss: 0.0273
26-02-28 23:58:16.235 : epoch:[15/1000], 平均loss: 0.0271
26-03-01 00:00:22.783 : epoch:[16/1000], 平均loss: 0.0269
26-03-01 00:02:28.659 : epoch:[17/1000], 平均loss: 0.0266
26-03-01 00:04:35.143 : epoch:[18/1000], 平均loss: 0.0265
26-03-01 00:06:40.860 : epoch:[19/1000], 平均loss: 0.0261
26-03-01 00:08:46.673 : epoch:[20/1000], 平均loss: 0.0261
26-03-01 00:11:34.776 : [epoch 20 PSNR: 30.3444 Best: 30.3444]
26-03-01 00:13:41.183 : epoch:[21/1000], 平均loss: 0.0260
26-03-01 00:15:46.641 : epoch:[22/1000], 平均loss: 0.0261
26-03-01 00:17:52.321 : epoch:[23/1000], 平均loss: 0.0259
26-03-01 00:19:57.961 : epoch:[24/1000], 平均loss: 0.0259
26-03-01 00:22:03.302 : epoch:[25/1000], 平均loss: 0.0258
26-03-01 00:24:09.189 : epoch:[26/1000], 平均loss: 0.0256
26-03-01 00:26:16.158 : epoch:[27/1000], 平均loss: 0.0255
26-03-01 00:28:22.255 : epoch:[28/1000], 平均loss: 0.0252
26-03-01 00:30:28.346 : epoch:[29/1000], 平均loss: 0.0254
26-03-01 00:32:33.979 : epoch:[30/1000], 平均loss: 0.0255
26-03-01 00:35:21.253 : [epoch 30 PSNR: 30.6154 Best: 30.6154]
26-03-01 00:37:26.710 : epoch:[31/1000], 平均loss: 0.0252
26-03-01 00:39:31.640 : epoch:[32/1000], 平均loss: 0.0252
26-03-01 00:41:36.439 : epoch:[33/1000], 平均loss: 0.0252
26-03-01 00:43:41.646 : epoch:[34/1000], 平均loss: 0.0250
26-03-01 00:45:47.378 : epoch:[35/1000], 平均loss: 0.0251
26-03-01 00:47:51.957 : epoch:[36/1000], 平均loss: 0.0249
26-03-01 00:49:57.326 : epoch:[37/1000], 平均loss: 0.0251
26-03-01 00:52:02.886 : epoch:[38/1000], 平均loss: 0.0250
26-03-01 00:54:09.183 : epoch:[39/1000], 平均loss: 0.0247
26-03-01 00:56:14.336 : epoch:[40/1000], 平均loss: 0.0248
26-03-01 00:59:00.034 : [epoch 40 PSNR: 30.7387 Best: 30.7387]
26-03-01 01:01:04.415 : epoch:[41/1000], 平均loss: 0.0246
26-03-01 01:03:08.225 : epoch:[42/1000], 平均loss: 0.0249
26-03-01 01:05:12.900 : epoch:[43/1000], 平均loss: 0.0250
26-03-01 01:07:17.273 : epoch:[44/1000], 平均loss: 0.0248
26-03-01 01:09:21.490 : epoch:[45/1000], 平均loss: 0.0249
26-03-01 01:11:25.396 : epoch:[46/1000], 平均loss: 0.0248
26-03-01 01:13:23.288 : epoch:[47/1000], 平均loss: 0.0247
26-03-01 01:15:23.306 : epoch:[48/1000], 平均loss: 0.0249
26-03-01 01:17:27.618 : epoch:[49/1000], 平均loss: 0.0246
26-03-01 01:19:31.735 : epoch:[50/1000], 平均loss: 0.0246
26-03-01 01:22:18.431 : [epoch 50 PSNR: 30.8250 Best: 30.8250]
26-03-01 01:24:22.513 : epoch:[51/1000], 平均loss: 0.0245
26-03-01 01:26:26.614 : epoch:[52/1000], 平均loss: 0.0247
26-03-01 01:28:30.968 : epoch:[53/1000], 平均loss: 0.0246
26-03-01 01:30:35.203 : epoch:[54/1000], 平均loss: 0.0246
26-03-01 01:32:39.194 : epoch:[55/1000], 平均loss: 0.0246
26-03-01 01:34:42.878 : epoch:[56/1000], 平均loss: 0.0245
26-03-01 01:36:47.329 : epoch:[57/1000], 平均loss: 0.0245
26-03-01 01:38:51.727 : epoch:[58/1000], 平均loss: 0.0245
26-03-01 01:40:56.076 : epoch:[59/1000], 平均loss: 0.0243
26-03-01 01:43:00.314 : epoch:[60/1000], 平均loss: 0.0246
26-03-01 01:45:47.896 : [epoch 60 PSNR: 30.8404 Best: 30.8404]
26-03-01 01:47:52.462 : epoch:[61/1000], 平均loss: 0.0245
26-03-01 01:49:56.931 : epoch:[62/1000], 平均loss: 0.0245
26-03-01 01:52:01.552 : epoch:[63/1000], 平均loss: 0.0244
26-03-01 01:54:07.066 : epoch:[64/1000], 平均loss: 0.0244
26-03-01 01:56:11.677 : epoch:[65/1000], 平均loss: 0.0244
26-03-01 01:58:15.948 : epoch:[66/1000], 平均loss: 0.0245
26-03-01 02:00:20.227 : epoch:[67/1000], 平均loss: 0.0243
26-03-01 02:02:24.586 : epoch:[68/1000], 平均loss: 0.0243
26-03-01 02:04:28.438 : epoch:[69/1000], 平均loss: 0.0243
26-03-01 02:06:32.608 : epoch:[70/1000], 平均loss: 0.0243
26-03-01 02:09:19.176 : [epoch 70 PSNR: 30.8618 Best: 30.8618]
26-03-01 02:11:23.293 : epoch:[71/1000], 平均loss: 0.0242
26-03-01 02:13:27.826 : epoch:[72/1000], 平均loss: 0.0242
26-03-01 02:15:31.651 : epoch:[73/1000], 平均loss: 0.0243
26-03-01 02:17:35.881 : epoch:[74/1000], 平均loss: 0.0243
26-03-01 02:19:40.630 : epoch:[75/1000], 平均loss: 0.0244
26-03-01 02:21:44.627 : epoch:[76/1000], 平均loss: 0.0244
26-03-01 02:23:49.206 : epoch:[77/1000], 平均loss: 0.0243
26-03-01 02:25:53.999 : epoch:[78/1000], 平均loss: 0.0242
26-03-01 02:27:58.099 : epoch:[79/1000], 平均loss: 0.0242
26-03-01 02:30:02.406 : epoch:[80/1000], 平均loss: 0.0243
26-03-01 02:32:48.714 : [epoch 80 PSNR: 30.8498 Best: 30.8618]
26-03-01 02:34:53.465 : epoch:[81/1000], 平均loss: 0.0242
26-03-01 02:36:50.838 : epoch:[82/1000], 平均loss: 0.0244
26-03-01 02:38:53.107 : epoch:[83/1000], 平均loss: 0.0242
26-03-01 02:40:50.921 : epoch:[84/1000], 平均loss: 0.0243
26-03-01 02:42:49.720 : epoch:[85/1000], 平均loss: 0.0240
26-03-01 02:44:53.774 : epoch:[86/1000], 平均loss: 0.0240
26-03-01 02:46:57.704 : epoch:[87/1000], 平均loss: 0.0243
26-03-01 02:49:01.945 : epoch:[88/1000], 平均loss: 0.0243
26-03-01 02:51:05.651 : epoch:[89/1000], 平均loss: 0.0242
26-03-01 02:53:09.378 : epoch:[90/1000], 平均loss: 0.0238
26-03-01 02:55:54.579 : [epoch 90 PSNR: 30.8927 Best: 30.8927]
26-03-01 02:57:57.582 : epoch:[91/1000], 平均loss: 0.0241
26-03-01 02:59:59.804 : epoch:[92/1000], 平均loss: 0.0241
26-03-01 03:02:02.872 : epoch:[93/1000], 平均loss: 0.0242
26-03-01 03:04:07.206 : epoch:[94/1000], 平均loss: 0.0240
26-03-01 03:06:10.949 : epoch:[95/1000], 平均loss: 0.0239
26-03-01 03:08:14.636 : epoch:[96/1000], 平均loss: 0.0241
26-03-01 03:10:18.507 : epoch:[97/1000], 平均loss: 0.0241
26-03-01 03:12:24.007 : epoch:[98/1000], 平均loss: 0.0238
26-03-01 03:14:28.710 : epoch:[99/1000], 平均loss: 0.0240
26-03-01 03:16:32.501 : epoch:[100/1000], 平均loss: 0.0242
26-03-01 03:19:18.246 : [epoch 100 PSNR: 30.8999 Best: 30.8999]
26-03-01 03:21:22.984 : epoch:[101/1000], 平均loss: 0.0242
26-03-01 03:23:26.865 : epoch:[102/1000], 平均loss: 0.0240
26-03-01 03:25:31.098 : epoch:[103/1000], 平均loss: 0.0238
26-03-01 03:27:34.999 : epoch:[104/1000], 平均loss: 0.0241
26-03-01 03:29:39.217 : epoch:[105/1000], 平均loss: 0.0241
26-03-01 03:31:43.079 : epoch:[106/1000], 平均loss: 0.0240
26-03-01 03:33:39.721 : epoch:[107/1000], 平均loss: 0.0239
26-03-01 03:35:35.787 : epoch:[108/1000], 平均loss: 0.0242
26-03-01 03:37:40.238 : epoch:[109/1000], 平均loss: 0.0240
26-03-01 03:39:44.438 : epoch:[110/1000], 平均loss: 0.0241
26-03-01 03:42:30.483 : [epoch 110 PSNR: 30.9187 Best: 30.9187]
26-03-01 03:44:34.585 : epoch:[111/1000], 平均loss: 0.0240
26-03-01 03:46:38.848 : epoch:[112/1000], 平均loss: 0.0242
26-03-01 03:48:42.995 : epoch:[113/1000], 平均loss: 0.0242
26-03-01 03:50:46.607 : epoch:[114/1000], 平均loss: 0.0241
26-03-01 03:52:49.847 : epoch:[115/1000], 平均loss: 0.0239
26-03-01 03:54:53.185 : epoch:[116/1000], 平均loss: 0.0240
26-03-01 03:56:56.529 : epoch:[117/1000], 平均loss: 0.0239
26-03-01 03:58:59.727 : epoch:[118/1000], 平均loss: 0.0238
26-03-01 04:01:03.196 : epoch:[119/1000], 平均loss: 0.0242
26-03-01 04:03:06.414 : epoch:[120/1000], 平均loss: 0.0242
26-03-01 04:05:52.485 : [epoch 120 PSNR: 30.9384 Best: 30.9384]
26-03-01 04:07:55.813 : epoch:[121/1000], 平均loss: 0.0239
26-03-01 04:09:59.665 : epoch:[122/1000], 平均loss: 0.0239
26-03-01 04:11:57.343 : epoch:[123/1000], 平均loss: 0.0239
26-03-01 04:13:58.568 : epoch:[124/1000], 平均loss: 0.0240
26-03-01 04:15:58.589 : epoch:[125/1000], 平均loss: 0.0239
26-03-01 04:17:55.435 : epoch:[126/1000], 平均loss: 0.0239
26-03-01 04:19:59.259 : epoch:[127/1000], 平均loss: 0.0240
26-03-01 04:22:02.830 : epoch:[128/1000], 平均loss: 0.0239
26-03-01 04:24:06.891 : epoch:[129/1000], 平均loss: 0.0240
26-03-01 04:26:10.487 : epoch:[130/1000], 平均loss: 0.0237
26-03-01 04:28:57.354 : [epoch 130 PSNR: 30.9444 Best: 30.9444]
26-03-01 04:31:02.018 : epoch:[131/1000], 平均loss: 0.0239
26-03-01 04:33:06.818 : epoch:[132/1000], 平均loss: 0.0241
26-03-01 04:35:11.104 : epoch:[133/1000], 平均loss: 0.0239
26-03-01 04:37:13.530 : epoch:[134/1000], 平均loss: 0.0239
26-03-01 04:39:19.592 : epoch:[135/1000], 平均loss: 0.0239
26-03-01 04:41:24.666 : epoch:[136/1000], 平均loss: 0.0238
26-03-01 04:43:29.662 : epoch:[137/1000], 平均loss: 0.0239
26-03-01 04:45:35.723 : epoch:[138/1000], 平均loss: 0.0238
26-03-01 04:47:39.772 : epoch:[139/1000], 平均loss: 0.0241
26-03-01 04:49:43.959 : epoch:[140/1000], 平均loss: 0.0239
26-03-01 04:52:29.719 : [epoch 140 PSNR: 30.9137 Best: 30.9444]
26-03-01 04:54:33.545 : epoch:[141/1000], 平均loss: 0.0239
26-03-01 04:56:28.264 : epoch:[142/1000], 平均loss: 0.0239
26-03-01 04:58:22.957 : epoch:[143/1000], 平均loss: 0.0240
26-03-01 05:00:23.044 : epoch:[144/1000], 平均loss: 0.0237
26-03-01 05:02:26.480 : epoch:[145/1000], 平均loss: 0.0238
26-03-01 05:04:29.138 : epoch:[146/1000], 平均loss: 0.0241
26-03-01 05:06:33.007 : epoch:[147/1000], 平均loss: 0.0237
26-03-01 05:08:36.743 : epoch:[148/1000], 平均loss: 0.0241
26-03-01 05:10:39.609 : epoch:[149/1000], 平均loss: 0.0238
26-03-01 05:12:42.512 : epoch:[150/1000], 平均loss: 0.0239
26-03-01 05:15:27.714 : [epoch 150 PSNR: 30.9527 Best: 30.9527]
26-03-01 05:17:31.071 : epoch:[151/1000], 平均loss: 0.0238
26-03-01 05:19:34.289 : epoch:[152/1000], 平均loss: 0.0239
26-03-01 05:21:38.124 : epoch:[153/1000], 平均loss: 0.0238
26-03-01 05:23:41.884 : epoch:[154/1000], 平均loss: 0.0236
26-03-01 05:25:45.575 : epoch:[155/1000], 平均loss: 0.0238
26-03-01 05:27:49.261 : epoch:[156/1000], 平均loss: 0.0239
26-03-01 05:29:53.574 : epoch:[157/1000], 平均loss: 0.0239
26-03-01 05:31:53.172 : epoch:[158/1000], 平均loss: 0.0238
26-03-01 05:33:49.911 : epoch:[159/1000], 平均loss: 0.0238
26-03-01 05:35:47.019 : epoch:[160/1000], 平均loss: 0.0238
26-03-01 05:38:34.042 : [epoch 160 PSNR: 30.9634 Best: 30.9634]
26-03-01 05:40:37.995 : epoch:[161/1000], 平均loss: 0.0237
26-03-01 05:42:42.478 : epoch:[162/1000], 平均loss: 0.0237
26-03-01 05:44:46.589 : epoch:[163/1000], 平均loss: 0.0239
26-03-01 05:46:50.964 : epoch:[164/1000], 平均loss: 0.0240
26-03-01 05:48:55.078 : epoch:[165/1000], 平均loss: 0.0236
26-03-01 05:50:58.943 : epoch:[166/1000], 平均loss: 0.0238
26-03-01 05:52:55.802 : epoch:[167/1000], 平均loss: 0.0238
26-03-01 05:54:53.552 : epoch:[168/1000], 平均loss: 0.0238
26-03-01 05:56:57.528 : epoch:[169/1000], 平均loss: 0.0238
26-03-01 05:59:02.031 : epoch:[170/1000], 平均loss: 0.0239
26-03-01 06:01:46.996 : [epoch 170 PSNR: 30.9550 Best: 30.9634]
26-03-01 06:03:48.339 : epoch:[171/1000], 平均loss: 0.0239
26-03-01 06:05:47.265 : epoch:[172/1000], 平均loss: 0.0236
26-03-01 06:07:50.693 : epoch:[173/1000], 平均loss: 0.0238
26-03-01 06:09:54.382 : epoch:[174/1000], 平均loss: 0.0239
26-03-01 06:11:58.199 : epoch:[175/1000], 平均loss: 0.0237
26-03-01 06:14:00.066 : epoch:[176/1000], 平均loss: 0.0238
26-03-01 06:16:03.073 : epoch:[177/1000], 平均loss: 0.0239
26-03-01 06:18:06.528 : epoch:[178/1000], 平均loss: 0.0239
26-03-01 06:20:10.681 : epoch:[179/1000], 平均loss: 0.0238
26-03-01 06:22:14.937 : epoch:[180/1000], 平均loss: 0.0238
26-03-01 06:25:02.461 : [epoch 180 PSNR: 30.9579 Best: 30.9634]
26-03-01 06:27:07.818 : epoch:[181/1000], 平均loss: 0.0238
26-03-01 06:29:12.001 : epoch:[182/1000], 平均loss: 0.0237
26-03-01 06:31:15.641 : epoch:[183/1000], 平均loss: 0.0239
26-03-01 06:33:19.913 : epoch:[184/1000], 平均loss: 0.0239
26-03-01 06:35:24.314 : epoch:[185/1000], 平均loss: 0.0238
26-03-01 06:37:28.808 : epoch:[186/1000], 平均loss: 0.0239
26-03-01 06:39:33.603 : epoch:[187/1000], 平均loss: 0.0239
26-03-01 06:41:37.649 : epoch:[188/1000], 平均loss: 0.0239
26-03-01 06:43:41.524 : epoch:[189/1000], 平均loss: 0.0239
26-03-01 06:45:45.639 : epoch:[190/1000], 平均loss: 0.0240
26-03-01 06:48:32.928 : [epoch 190 PSNR: 30.9571 Best: 30.9634]
26-03-01 06:50:37.487 : epoch:[191/1000], 平均loss: 0.0238
26-03-01 06:52:41.596 : epoch:[192/1000], 平均loss: 0.0238
26-03-01 06:54:46.049 : epoch:[193/1000], 平均loss: 0.0238
26-03-01 06:56:49.903 : epoch:[194/1000], 平均loss: 0.0237
26-03-01 06:58:53.730 : epoch:[195/1000], 平均loss: 0.0240
26-03-01 07:00:57.948 : epoch:[196/1000], 平均loss: 0.0238
26-03-01 07:02:58.355 : epoch:[197/1000], 平均loss: 0.0237
26-03-01 07:05:02.866 : epoch:[198/1000], 平均loss: 0.0237
26-03-01 07:07:06.804 : epoch:[199/1000], 平均loss: 0.0236
26-03-01 07:09:10.742 : epoch:[200/1000], 平均loss: 0.0239
26-03-01 07:11:57.757 : [epoch 200 PSNR: 30.9621 Best: 30.9634]
26-03-01 07:14:01.704 : epoch:[201/1000], 平均loss: 0.0238
26-03-01 07:16:05.327 : epoch:[202/1000], 平均loss: 0.0239
26-03-01 07:18:09.375 : epoch:[203/1000], 平均loss: 0.0238
26-03-01 07:20:13.883 : epoch:[204/1000], 平均loss: 0.0237
26-03-01 07:22:18.438 : epoch:[205/1000], 平均loss: 0.0237
26-03-01 07:24:22.807 : epoch:[206/1000], 平均loss: 0.0240
26-03-01 07:26:26.707 : epoch:[207/1000], 平均loss: 0.0237
26-03-01 07:28:30.523 : epoch:[208/1000], 平均loss: 0.0237
26-03-01 07:30:33.959 : epoch:[209/1000], 平均loss: 0.0239
26-03-01 07:32:37.517 : epoch:[210/1000], 平均loss: 0.0237
26-03-01 07:35:23.403 : [epoch 210 PSNR: 30.9725 Best: 30.9725]
26-03-01 07:37:28.173 : epoch:[211/1000], 平均loss: 0.0238
26-03-01 07:39:32.641 : epoch:[212/1000], 平均loss: 0.0237
26-03-01 07:41:37.746 : epoch:[213/1000], 平均loss: 0.0238
26-03-01 07:43:42.966 : epoch:[214/1000], 平均loss: 0.0237
26-03-01 07:45:47.190 : epoch:[215/1000], 平均loss: 0.0237
26-03-01 07:47:51.343 : epoch:[216/1000], 平均loss: 0.0238
26-03-01 07:49:55.275 : epoch:[217/1000], 平均loss: 0.0237
26-03-01 07:51:59.062 : epoch:[218/1000], 平均loss: 0.0238
26-03-01 07:54:03.342 : epoch:[219/1000], 平均loss: 0.0237
26-03-01 07:56:07.030 : epoch:[220/1000], 平均loss: 0.0238
26-03-01 07:58:53.887 : [epoch 220 PSNR: 30.9707 Best: 30.9725]
26-03-01 08:00:57.834 : epoch:[221/1000], 平均loss: 0.0236
26-03-01 08:03:03.360 : epoch:[222/1000], 平均loss: 0.0239
26-03-01 08:05:08.848 : epoch:[223/1000], 平均loss: 0.0236
26-03-01 08:07:11.766 : epoch:[224/1000], 平均loss: 0.0236
26-03-01 08:09:07.040 : epoch:[225/1000], 平均loss: 0.0237
26-03-01 08:11:02.022 : epoch:[226/1000], 平均loss: 0.0237
26-03-01 08:12:58.523 : epoch:[227/1000], 平均loss: 0.0237
26-03-01 08:15:02.414 : epoch:[228/1000], 平均loss: 0.0238
26-03-01 08:17:06.486 : epoch:[229/1000], 平均loss: 0.0236
26-03-01 08:19:11.652 : epoch:[230/1000], 平均loss: 0.0237
26-03-01 08:21:58.401 : [epoch 230 PSNR: 30.9678 Best: 30.9725]
26-03-01 08:24:02.790 : epoch:[231/1000], 平均loss: 0.0238
26-03-01 08:26:07.446 : epoch:[232/1000], 平均loss: 0.0238
26-03-01 08:28:12.430 : epoch:[233/1000], 平均loss: 0.0238
26-03-01 08:30:17.125 : epoch:[234/1000], 平均loss: 0.0238
26-03-01 08:32:22.274 : epoch:[235/1000], 平均loss: 0.0238
26-03-01 08:34:27.536 : epoch:[236/1000], 平均loss: 0.0237
26-03-01 08:36:32.749 : epoch:[237/1000], 平均loss: 0.0236
26-03-01 08:38:38.252 : epoch:[238/1000], 平均loss: 0.0238
26-03-01 08:40:41.874 : epoch:[239/1000], 平均loss: 0.0237
26-03-01 08:42:45.635 : epoch:[240/1000], 平均loss: 0.0237
26-03-01 08:45:33.323 : [epoch 240 PSNR: 30.9616 Best: 30.9725]
26-03-01 08:47:37.568 : epoch:[241/1000], 平均loss: 0.0238
26-03-01 08:49:42.627 : epoch:[242/1000], 平均loss: 0.0236
26-03-01 08:51:47.055 : epoch:[243/1000], 平均loss: 0.0237
26-03-01 08:53:52.043 : epoch:[244/1000], 平均loss: 0.0237
26-03-01 08:55:56.465 : epoch:[245/1000], 平均loss: 0.0237
26-03-01 08:58:01.099 : epoch:[246/1000], 平均loss: 0.0237
26-03-01 09:00:05.442 : epoch:[247/1000], 平均loss: 0.0237
26-03-01 09:02:09.376 : epoch:[248/1000], 平均loss: 0.0240
26-03-01 09:04:14.595 : epoch:[249/1000], 平均loss: 0.0236
26-03-01 09:06:19.261 : epoch:[250/1000], 平均loss: 0.0239
26-03-01 09:09:06.136 : [epoch 250 PSNR: 30.9694 Best: 30.9725]
26-03-01 09:11:10.866 : epoch:[251/1000], 平均loss: 0.0239
26-03-01 09:13:16.087 : epoch:[252/1000], 平均loss: 0.0238
26-03-01 09:15:21.902 : epoch:[253/1000], 平均loss: 0.0236
26-03-01 09:17:27.689 : epoch:[254/1000], 平均loss: 0.0239
26-03-01 09:19:34.211 : epoch:[255/1000], 平均loss: 0.0239
26-03-01 09:21:40.442 : epoch:[256/1000], 平均loss: 0.0237
26-03-01 09:23:46.043 : epoch:[257/1000], 平均loss: 0.0238
26-03-01 09:25:52.025 : epoch:[258/1000], 平均loss: 0.0239
26-03-01 09:27:57.437 : epoch:[259/1000], 平均loss: 0.0238
26-03-01 09:30:03.785 : epoch:[260/1000], 平均loss: 0.0236
26-03-01 09:32:52.843 : [epoch 260 PSNR: 30.9704 Best: 30.9725]
26-03-01 09:34:59.404 : epoch:[261/1000], 平均loss: 0.0238
26-03-01 09:37:05.817 : epoch:[262/1000], 平均loss: 0.0237
26-03-01 09:39:08.251 : epoch:[263/1000], 平均loss: 0.0240
26-03-01 09:41:13.188 : epoch:[264/1000], 平均loss: 0.0236
26-03-01 09:43:19.341 : epoch:[265/1000], 平均loss: 0.0238
26-03-01 09:45:25.018 : epoch:[266/1000], 平均loss: 0.0237
26-03-01 09:47:32.259 : epoch:[267/1000], 平均loss: 0.0236
26-03-01 09:49:39.074 : epoch:[268/1000], 平均loss: 0.0237
26-03-01 09:51:43.428 : epoch:[269/1000], 平均loss: 0.0240
26-03-01 09:53:48.962 : epoch:[270/1000], 平均loss: 0.0233
26-03-01 09:56:38.432 : [epoch 270 PSNR: 30.9685 Best: 30.9725]
26-03-01 09:58:44.281 : epoch:[271/1000], 平均loss: 0.0236
26-03-01 10:00:48.180 : epoch:[272/1000], 平均loss: 0.0237
26-03-01 10:02:54.427 : epoch:[273/1000], 平均loss: 0.0237
26-03-01 10:05:01.473 : epoch:[274/1000], 平均loss: 0.0238
26-03-01 10:07:08.011 : epoch:[275/1000], 平均loss: 0.0235
26-03-01 10:09:11.499 : epoch:[276/1000], 平均loss: 0.0239
26-03-01 10:11:15.014 : epoch:[277/1000], 平均loss: 0.0235
26-03-01 10:13:17.703 : epoch:[278/1000], 平均loss: 0.0238
26-03-01 10:15:24.218 : epoch:[279/1000], 平均loss: 0.0235
26-03-01 10:17:30.214 : epoch:[280/1000], 平均loss: 0.0234
26-03-01 10:20:20.519 : [epoch 280 PSNR: 30.9685 Best: 30.9725]
26-03-01 10:22:30.520 : epoch:[281/1000], 平均loss: 0.0238
26-03-01 10:24:41.316 : epoch:[282/1000], 平均loss: 0.0239
26-03-01 10:26:52.185 : epoch:[283/1000], 平均loss: 0.0238
26-03-01 10:29:03.424 : epoch:[284/1000], 平均loss: 0.0240
26-03-01 10:31:13.825 : epoch:[285/1000], 平均loss: 0.0239
26-03-01 10:33:20.543 : epoch:[286/1000], 平均loss: 0.0238
26-03-01 10:35:31.358 : epoch:[287/1000], 平均loss: 0.0238
26-03-01 10:37:41.664 : epoch:[288/1000], 平均loss: 0.0238
26-03-01 10:39:52.251 : epoch:[289/1000], 平均loss: 0.0237
26-03-01 10:42:02.040 : epoch:[290/1000], 平均loss: 0.0238
26-03-01 10:44:52.668 : [epoch 290 PSNR: 30.9710 Best: 30.9725]
26-03-01 10:47:02.729 : epoch:[291/1000], 平均loss: 0.0238
26-03-01 10:49:12.477 : epoch:[292/1000], 平均loss: 0.0238
26-03-01 10:51:22.933 : epoch:[293/1000], 平均loss: 0.0236
26-03-01 10:53:33.106 : epoch:[294/1000], 平均loss: 0.0238
26-03-01 10:55:43.865 : epoch:[295/1000], 平均loss: 0.0236
26-03-01 10:57:56.380 : epoch:[296/1000], 平均loss: 0.0238
26-03-01 11:00:09.760 : epoch:[297/1000], 平均loss: 0.0240
26-03-01 11:02:21.879 : epoch:[298/1000], 平均loss: 0.0238
26-03-01 11:04:34.048 : epoch:[299/1000], 平均loss: 0.0237
26-03-01 11:06:46.279 : epoch:[300/1000], 平均loss: 0.0237
26-03-01 11:09:40.503 : [epoch 300 PSNR: 30.9719 Best: 30.9725]
26-03-01 11:11:52.724 : epoch:[301/1000], 平均loss: 0.0236
26-03-01 11:14:01.491 : epoch:[302/1000], 平均loss: 0.0238
26-03-01 11:16:13.746 : epoch:[303/1000], 平均loss: 0.0237
26-03-01 11:18:26.415 : epoch:[304/1000], 平均loss: 0.0237
26-03-01 11:20:38.385 : epoch:[305/1000], 平均loss: 0.0239
26-03-01 11:22:50.591 : epoch:[306/1000], 平均loss: 0.0238
26-03-01 11:25:03.634 : epoch:[307/1000], 平均loss: 0.0239
26-03-01 11:27:15.388 : epoch:[308/1000], 平均loss: 0.0237
26-03-01 11:29:29.362 : epoch:[309/1000], 平均loss: 0.0238
26-03-01 11:31:41.834 : epoch:[310/1000], 平均loss: 0.0236
26-03-01 11:34:35.703 : [epoch 310 PSNR: 30.9708 Best: 30.9725]
